[2024-05-14 23:04:11,066] {manager.py:477} INFO - Processing files using up to 1 processes at a time 
[2024-05-14 23:04:11,066] {manager.py:478} INFO - Process each file at most once every 30 seconds
[2024-05-14 23:04:11,066] {manager.py:479} INFO - Checking for new files in /home/jithish/Documents/airflow-dag1/airflow/dags every 300 seconds
[2024-05-14 23:04:11,066] {manager.py:687} INFO - Searching for files in /home/jithish/Documents/airflow-dag1/airflow/dags
[2024-05-14 23:04:11,075] {manager.py:690} INFO - There are 34 files in /home/jithish/Documents/airflow-dag1/airflow/dags
[2024-05-14 23:04:11,207] {manager.py:806} INFO - 
================================================================================
DAG File Processing Stats

File Path                                                                                                                                PID    Runtime      # DAGs    # Errors  Last Runtime    Last Run
---------------------------------------------------------------------------------------------------------------------------------------  -----  ---------  --------  ----------  --------------  -------------------
/home/jithish/Documents/airflow-dag1/.venv/lib/python3.10/site-packages/airflow/example_dags/example_xcom.py                                                      0           0
/home/jithish/Documents/airflow-dag1/.venv/lib/python3.10/site-packages/airflow/example_dags/example_bash_operator.py                                             0           0
/home/jithish/Documents/airflow-dag1/.venv/lib/python3.10/site-packages/airflow/example_dags/example_task_group_decorator.py                                      0           0
/home/jithish/Documents/airflow-dag1/.venv/lib/python3.10/site-packages/airflow/example_dags/example_local_kubernetes_executor.py                                 0           0
/home/jithish/Documents/airflow-dag1/.venv/lib/python3.10/site-packages/airflow/example_dags/tutorial_taskflow_api_etl_virtualenv.py                              0           0
/home/jithish/Documents/airflow-dag1/.venv/lib/python3.10/site-packages/airflow/example_dags/example_trigger_controller_dag.py                                    0           0
/home/jithish/Documents/airflow-dag1/.venv/lib/python3.10/site-packages/airflow/example_dags/example_trigger_target_dag.py                                        0           0
/home/jithish/Documents/airflow-dag1/.venv/lib/python3.10/site-packages/airflow/example_dags/example_external_task_marker_dag.py                                  0           0
/home/jithish/Documents/airflow-dag1/.venv/lib/python3.10/site-packages/airflow/example_dags/example_kubernetes_executor.py                                       0           0
/home/jithish/Documents/airflow-dag1/.venv/lib/python3.10/site-packages/airflow/example_dags/example_short_circuit_operator.py                                    0           0
/home/jithish/Documents/airflow-dag1/.venv/lib/python3.10/site-packages/airflow/example_dags/example_branch_operator_decorator.py                                 0           0
/home/jithish/Documents/airflow-dag1/.venv/lib/python3.10/site-packages/airflow/example_dags/example_sla_dag.py                                                   0           0
/home/jithish/Documents/airflow-dag1/.venv/lib/python3.10/site-packages/airflow/example_dags/example_dag_decorator.py                                             0           0
/home/jithish/Documents/airflow-dag1/.venv/lib/python3.10/site-packages/airflow/example_dags/example_branch_datetime_operator.py                                  0           0
/home/jithish/Documents/airflow-dag1/.venv/lib/python3.10/site-packages/airflow/example_dags/tutorial.py                                                          0           0
/home/jithish/Documents/airflow-dag1/.venv/lib/python3.10/site-packages/airflow/example_dags/example_branch_operator.py                                           0           0
/home/jithish/Documents/airflow-dag1/.venv/lib/python3.10/site-packages/airflow/example_dags/example_subdag_operator.py                                           0           0
/home/jithish/Documents/airflow-dag1/.venv/lib/python3.10/site-packages/airflow/example_dags/example_branch_python_dop_operator_3.py                              0           0
/home/jithish/Documents/airflow-dag1/.venv/lib/python3.10/site-packages/airflow/example_dags/example_skip_dag.py                                                  0           0
/home/jithish/Documents/airflow-dag1/.venv/lib/python3.10/site-packages/airflow/example_dags/example_branch_labels.py                                             0           0
/home/jithish/Documents/airflow-dag1/.venv/lib/python3.10/site-packages/airflow/example_dags/example_complex.py                                                   0           0
/home/jithish/Documents/airflow-dag1/.venv/lib/python3.10/site-packages/airflow/example_dags/example_latest_only.py                                               0           0
/home/jithish/Documents/airflow-dag1/.venv/lib/python3.10/site-packages/airflow/example_dags/example_time_delta_sensor_async.py                                   0           0
/home/jithish/Documents/airflow-dag1/.venv/lib/python3.10/site-packages/airflow/example_dags/example_python_operator.py                                           0           0
/home/jithish/Documents/airflow-dag1/.venv/lib/python3.10/site-packages/airflow/example_dags/example_nested_branch_dag.py                                         0           0
/home/jithish/Documents/airflow-dag1/.venv/lib/python3.10/site-packages/airflow/example_dags/example_branch_day_of_week_operator.py                               0           0
/home/jithish/Documents/airflow-dag1/.venv/lib/python3.10/site-packages/airflow/example_dags/example_passing_params_via_test_command.py                           0           0
/home/jithish/Documents/airflow-dag1/.venv/lib/python3.10/site-packages/airflow/example_dags/tutorial_taskflow_api_etl.py                                         0           0
/home/jithish/Documents/airflow-dag1/.venv/lib/python3.10/site-packages/airflow/example_dags/example_xcomargs.py                                                  0           0
/home/jithish/Documents/airflow-dag1/.venv/lib/python3.10/site-packages/airflow/example_dags/tutorial_etl_dag.py                                                  0           0
/home/jithish/Documents/airflow-dag1/.venv/lib/python3.10/site-packages/airflow/example_dags/example_task_group.py                                                0           0
/home/jithish/Documents/airflow-dag1/.venv/lib/python3.10/site-packages/airflow/example_dags/subdags/subdag.py                                                    0           0
/home/jithish/Documents/airflow-dag1/.venv/lib/python3.10/site-packages/airflow/example_dags/plugins/workday.py                                                   0           0
/home/jithish/Documents/airflow-dag1/.venv/lib/python3.10/site-packages/airflow/example_dags/example_latest_only_with_trigger.py                                  1           0  0.10s           2024-05-14T15:04:11
================================================================================
[2024-05-14 23:04:41,513] {manager.py:806} INFO - 
================================================================================
DAG File Processing Stats

File Path                                                                                                                                PID    Runtime      # DAGs    # Errors  Last Runtime    Last Run
---------------------------------------------------------------------------------------------------------------------------------------  -----  ---------  --------  ----------  --------------  -------------------
/home/jithish/Documents/airflow-dag1/.venv/lib/python3.10/site-packages/airflow/example_dags/example_local_kubernetes_executor.py                                 0           0  0.10s           2024-05-14T15:04:14
/home/jithish/Documents/airflow-dag1/.venv/lib/python3.10/site-packages/airflow/example_dags/example_kubernetes_executor.py                                       0           0  0.11s           2024-05-14T15:04:20
/home/jithish/Documents/airflow-dag1/.venv/lib/python3.10/site-packages/airflow/example_dags/example_branch_datetime_operator.py                                  0           0
/home/jithish/Documents/airflow-dag1/.venv/lib/python3.10/site-packages/airflow/example_dags/example_branch_operator.py                                           0           0
/home/jithish/Documents/airflow-dag1/.venv/lib/python3.10/site-packages/airflow/example_dags/example_branch_python_dop_operator_3.py                              0           0
/home/jithish/Documents/airflow-dag1/.venv/lib/python3.10/site-packages/airflow/example_dags/example_branch_labels.py                                             0           0
/home/jithish/Documents/airflow-dag1/.venv/lib/python3.10/site-packages/airflow/example_dags/example_complex.py                                                   0           0
/home/jithish/Documents/airflow-dag1/.venv/lib/python3.10/site-packages/airflow/example_dags/example_branch_day_of_week_operator.py                               0           0
/home/jithish/Documents/airflow-dag1/.venv/lib/python3.10/site-packages/airflow/example_dags/subdags/subdag.py                                                    0           0  0.10s           2024-05-14T15:04:36
/home/jithish/Documents/airflow-dag1/.venv/lib/python3.10/site-packages/airflow/example_dags/plugins/workday.py                                                   0           0  0.10s           2024-05-14T15:04:38
/home/jithish/Documents/airflow-dag1/.venv/lib/python3.10/site-packages/airflow/example_dags/example_latest_only_with_trigger.py                                  1           0  0.10s           2024-05-14T15:04:11
/home/jithish/Documents/airflow-dag1/.venv/lib/python3.10/site-packages/airflow/example_dags/example_xcom.py                                                      1           0  0.20s           2024-05-14T15:04:12
/home/jithish/Documents/airflow-dag1/.venv/lib/python3.10/site-packages/airflow/example_dags/example_bash_operator.py                                             1           0  0.20s           2024-05-14T15:04:39
/home/jithish/Documents/airflow-dag1/.venv/lib/python3.10/site-packages/airflow/example_dags/example_task_group_decorator.py                                      1           0  0.21s           2024-05-14T15:04:13
/home/jithish/Documents/airflow-dag1/.venv/lib/python3.10/site-packages/airflow/example_dags/tutorial_taskflow_api_etl_virtualenv.py                              1           0  0.31s           2024-05-14T15:04:16
/home/jithish/Documents/airflow-dag1/.venv/lib/python3.10/site-packages/airflow/example_dags/example_trigger_controller_dag.py                                    1           0  0.10s           2024-05-14T15:04:17
/home/jithish/Documents/airflow-dag1/.venv/lib/python3.10/site-packages/airflow/example_dags/example_trigger_target_dag.py                                        1           0  0.21s           2024-05-14T15:04:18
/home/jithish/Documents/airflow-dag1/.venv/lib/python3.10/site-packages/airflow/example_dags/example_short_circuit_operator.py                                    1           0  0.21s           2024-05-14T15:04:21
/home/jithish/Documents/airflow-dag1/.venv/lib/python3.10/site-packages/airflow/example_dags/example_branch_operator_decorator.py                                 1           0  0.31s           2024-05-14T15:04:40
/home/jithish/Documents/airflow-dag1/.venv/lib/python3.10/site-packages/airflow/example_dags/example_sla_dag.py                                                   1           0  0.20s           2024-05-14T15:04:22
/home/jithish/Documents/airflow-dag1/.venv/lib/python3.10/site-packages/airflow/example_dags/example_dag_decorator.py                                             1           0  0.20s           2024-05-14T15:04:41
/home/jithish/Documents/airflow-dag1/.venv/lib/python3.10/site-packages/airflow/example_dags/tutorial.py                                                          1           0  0.20s           2024-05-14T15:04:23
/home/jithish/Documents/airflow-dag1/.venv/lib/python3.10/site-packages/airflow/example_dags/example_skip_dag.py                                                  1           0  0.20s           2024-05-14T15:04:26
/home/jithish/Documents/airflow-dag1/.venv/lib/python3.10/site-packages/airflow/example_dags/example_latest_only.py                                               1           0  0.20s           2024-05-14T15:04:26
/home/jithish/Documents/airflow-dag1/.venv/lib/python3.10/site-packages/airflow/example_dags/example_time_delta_sensor_async.py                                   1           0  0.20s           2024-05-14T15:04:27
/home/jithish/Documents/airflow-dag1/.venv/lib/python3.10/site-packages/airflow/example_dags/example_python_operator.py                                           1           0  0.31s           2024-05-14T15:04:29
/home/jithish/Documents/airflow-dag1/.venv/lib/python3.10/site-packages/airflow/example_dags/example_nested_branch_dag.py                                         1           0  0.20s           2024-05-14T15:04:30
/home/jithish/Documents/airflow-dag1/.venv/lib/python3.10/site-packages/airflow/example_dags/example_passing_params_via_test_command.py                           1           0  0.20s           2024-05-14T15:04:31
/home/jithish/Documents/airflow-dag1/.venv/lib/python3.10/site-packages/airflow/example_dags/tutorial_taskflow_api_etl.py                                         1           0  0.20s           2024-05-14T15:04:31
/home/jithish/Documents/airflow-dag1/.venv/lib/python3.10/site-packages/airflow/example_dags/tutorial_etl_dag.py                                                  1           0  0.31s           2024-05-14T15:04:34
/home/jithish/Documents/airflow-dag1/.venv/lib/python3.10/site-packages/airflow/example_dags/example_task_group.py                                                1           0  0.21s           2024-05-14T15:04:35
/home/jithish/Documents/airflow-dag1/.venv/lib/python3.10/site-packages/airflow/example_dags/example_external_task_marker_dag.py                                  2           0  0.21s           2024-05-14T15:04:19
/home/jithish/Documents/airflow-dag1/.venv/lib/python3.10/site-packages/airflow/example_dags/example_xcomargs.py                                                  2           0  0.30s           2024-05-14T15:04:33
/home/jithish/Documents/airflow-dag1/.venv/lib/python3.10/site-packages/airflow/example_dags/example_subdag_operator.py                                           3           0  0.30s           2024-05-14T15:04:25
================================================================================
[2024-05-14 23:05:11,659] {manager.py:806} INFO - 
================================================================================
DAG File Processing Stats

File Path                                                                                                                                PID    Runtime      # DAGs    # Errors  Last Runtime    Last Run
---------------------------------------------------------------------------------------------------------------------------------------  -----  ---------  --------  ----------  --------------  -------------------
/home/jithish/Documents/airflow-dag1/.venv/lib/python3.10/site-packages/airflow/example_dags/example_local_kubernetes_executor.py                                 0           0  0.10s           2024-05-14T15:04:51
/home/jithish/Documents/airflow-dag1/.venv/lib/python3.10/site-packages/airflow/example_dags/example_kubernetes_executor.py                                       0           0  0.21s           2024-05-14T15:04:56
/home/jithish/Documents/airflow-dag1/.venv/lib/python3.10/site-packages/airflow/example_dags/subdags/subdag.py                                                    0           0  0.10s           2024-05-14T15:04:36
/home/jithish/Documents/airflow-dag1/.venv/lib/python3.10/site-packages/airflow/example_dags/plugins/workday.py                                                   0           0  0.10s           2024-05-14T15:04:38
/home/jithish/Documents/airflow-dag1/.venv/lib/python3.10/site-packages/airflow/example_dags/example_latest_only_with_trigger.py                                  1           0  0.10s           2024-05-14T15:04:48
/home/jithish/Documents/airflow-dag1/.venv/lib/python3.10/site-packages/airflow/example_dags/example_xcom.py                                                      1           0  0.31s           2024-05-14T15:04:49
/home/jithish/Documents/airflow-dag1/.venv/lib/python3.10/site-packages/airflow/example_dags/example_bash_operator.py                                             1           0  0.20s           2024-05-14T15:04:39
/home/jithish/Documents/airflow-dag1/.venv/lib/python3.10/site-packages/airflow/example_dags/example_task_group_decorator.py                                      1           0  0.20s           2024-05-14T15:04:51
/home/jithish/Documents/airflow-dag1/.venv/lib/python3.10/site-packages/airflow/example_dags/tutorial_taskflow_api_etl_virtualenv.py                              1           0  0.20s           2024-05-14T15:04:52
/home/jithish/Documents/airflow-dag1/.venv/lib/python3.10/site-packages/airflow/example_dags/example_trigger_controller_dag.py                                    1           0  0.20s           2024-05-14T15:04:53
/home/jithish/Documents/airflow-dag1/.venv/lib/python3.10/site-packages/airflow/example_dags/example_trigger_target_dag.py                                        1           0  0.20s           2024-05-14T15:04:55
/home/jithish/Documents/airflow-dag1/.venv/lib/python3.10/site-packages/airflow/example_dags/example_short_circuit_operator.py                                    1           0  0.10s           2024-05-14T15:04:57
/home/jithish/Documents/airflow-dag1/.venv/lib/python3.10/site-packages/airflow/example_dags/example_branch_operator_decorator.py                                 1           0  0.31s           2024-05-14T15:04:40
/home/jithish/Documents/airflow-dag1/.venv/lib/python3.10/site-packages/airflow/example_dags/example_sla_dag.py                                                   1           0  0.21s           2024-05-14T15:04:58
/home/jithish/Documents/airflow-dag1/.venv/lib/python3.10/site-packages/airflow/example_dags/example_dag_decorator.py                                             1           0  0.20s           2024-05-14T15:04:41
/home/jithish/Documents/airflow-dag1/.venv/lib/python3.10/site-packages/airflow/example_dags/example_branch_datetime_operator.py                                  1           0  0.20s           2024-05-14T15:04:41
/home/jithish/Documents/airflow-dag1/.venv/lib/python3.10/site-packages/airflow/example_dags/tutorial.py                                                          1           0  0.20s           2024-05-14T15:05:00
/home/jithish/Documents/airflow-dag1/.venv/lib/python3.10/site-packages/airflow/example_dags/example_branch_operator.py                                           1           0  0.20s           2024-05-14T15:04:42
/home/jithish/Documents/airflow-dag1/.venv/lib/python3.10/site-packages/airflow/example_dags/example_branch_python_dop_operator_3.py                              1           0  0.30s           2024-05-14T15:04:43
/home/jithish/Documents/airflow-dag1/.venv/lib/python3.10/site-packages/airflow/example_dags/example_skip_dag.py                                                  1           0  0.21s           2024-05-14T15:05:02
/home/jithish/Documents/airflow-dag1/.venv/lib/python3.10/site-packages/airflow/example_dags/example_branch_labels.py                                             1           0  0.20s           2024-05-14T15:04:44
/home/jithish/Documents/airflow-dag1/.venv/lib/python3.10/site-packages/airflow/example_dags/example_complex.py                                                   1           0  0.20s           2024-05-14T15:04:46
/home/jithish/Documents/airflow-dag1/.venv/lib/python3.10/site-packages/airflow/example_dags/example_latest_only.py                                               1           0  0.10s           2024-05-14T15:05:02
/home/jithish/Documents/airflow-dag1/.venv/lib/python3.10/site-packages/airflow/example_dags/example_time_delta_sensor_async.py                                   1           0  0.20s           2024-05-14T15:05:04
/home/jithish/Documents/airflow-dag1/.venv/lib/python3.10/site-packages/airflow/example_dags/example_python_operator.py                                           1           0  0.20s           2024-05-14T15:05:05
/home/jithish/Documents/airflow-dag1/.venv/lib/python3.10/site-packages/airflow/example_dags/example_nested_branch_dag.py                                         1           0  0.20s           2024-05-14T15:05:06
/home/jithish/Documents/airflow-dag1/.venv/lib/python3.10/site-packages/airflow/example_dags/example_branch_day_of_week_operator.py                               1           0  0.20s           2024-05-14T15:04:47
/home/jithish/Documents/airflow-dag1/.venv/lib/python3.10/site-packages/airflow/example_dags/example_passing_params_via_test_command.py                           1           0  0.20s           2024-05-14T15:05:07
/home/jithish/Documents/airflow-dag1/.venv/lib/python3.10/site-packages/airflow/example_dags/tutorial_taskflow_api_etl.py                                         1           0  0.20s           2024-05-14T15:05:08
/home/jithish/Documents/airflow-dag1/.venv/lib/python3.10/site-packages/airflow/example_dags/tutorial_etl_dag.py                                                  1           0  0.20s           2024-05-14T15:05:10
/home/jithish/Documents/airflow-dag1/.venv/lib/python3.10/site-packages/airflow/example_dags/example_task_group.py                                                1           0  0.10s           2024-05-14T15:05:11
/home/jithish/Documents/airflow-dag1/.venv/lib/python3.10/site-packages/airflow/example_dags/example_external_task_marker_dag.py                                  2           0  0.21s           2024-05-14T15:04:56
/home/jithish/Documents/airflow-dag1/.venv/lib/python3.10/site-packages/airflow/example_dags/example_xcomargs.py                                                  2           0  0.20s           2024-05-14T15:05:09
/home/jithish/Documents/airflow-dag1/.venv/lib/python3.10/site-packages/airflow/example_dags/example_subdag_operator.py                                           3           0  0.20s           2024-05-14T15:05:01
================================================================================
[2024-05-14 23:05:42,060] {manager.py:806} INFO - 
================================================================================
DAG File Processing Stats

File Path                                                                                                                                PID    Runtime      # DAGs    # Errors  Last Runtime    Last Run
---------------------------------------------------------------------------------------------------------------------------------------  -----  ---------  --------  ----------  --------------  -------------------
/home/jithish/Documents/airflow-dag1/.venv/lib/python3.10/site-packages/airflow/example_dags/example_local_kubernetes_executor.py                                 0           0  0.11s           2024-05-14T15:05:26
/home/jithish/Documents/airflow-dag1/.venv/lib/python3.10/site-packages/airflow/example_dags/example_kubernetes_executor.py                                       0           0  0.20s           2024-05-14T15:05:31
/home/jithish/Documents/airflow-dag1/.venv/lib/python3.10/site-packages/airflow/example_dags/subdags/subdag.py                                                    0           0  0.10s           2024-05-14T15:05:11
/home/jithish/Documents/airflow-dag1/.venv/lib/python3.10/site-packages/airflow/example_dags/plugins/workday.py                                                   0           0  0.11s           2024-05-14T15:05:12
/home/jithish/Documents/airflow-dag1/.venv/lib/python3.10/site-packages/airflow/example_dags/example_latest_only_with_trigger.py                                  1           0  0.10s           2024-05-14T15:05:23
/home/jithish/Documents/airflow-dag1/.venv/lib/python3.10/site-packages/airflow/example_dags/example_xcom.py                                                      1           0  0.21s           2024-05-14T15:05:23
/home/jithish/Documents/airflow-dag1/.venv/lib/python3.10/site-packages/airflow/example_dags/example_bash_operator.py                                             1           0  0.20s           2024-05-14T15:05:13
/home/jithish/Documents/airflow-dag1/.venv/lib/python3.10/site-packages/airflow/example_dags/example_task_group_decorator.py                                      1           0  0.20s           2024-05-14T15:05:25
/home/jithish/Documents/airflow-dag1/.venv/lib/python3.10/site-packages/airflow/example_dags/tutorial_taskflow_api_etl_virtualenv.py                              1           0  0.21s           2024-05-14T15:05:27
/home/jithish/Documents/airflow-dag1/.venv/lib/python3.10/site-packages/airflow/example_dags/example_trigger_controller_dag.py                                    1           0  0.20s           2024-05-14T15:05:28
/home/jithish/Documents/airflow-dag1/.venv/lib/python3.10/site-packages/airflow/example_dags/example_trigger_target_dag.py                                        1           0  0.20s           2024-05-14T15:05:29
/home/jithish/Documents/airflow-dag1/.venv/lib/python3.10/site-packages/airflow/example_dags/example_short_circuit_operator.py                                    1           0  0.20s           2024-05-14T15:05:32
/home/jithish/Documents/airflow-dag1/.venv/lib/python3.10/site-packages/airflow/example_dags/example_branch_operator_decorator.py                                 1           0  0.10s           2024-05-14T15:05:14
/home/jithish/Documents/airflow-dag1/.venv/lib/python3.10/site-packages/airflow/example_dags/example_sla_dag.py                                                   1           0  0.21s           2024-05-14T15:05:33
/home/jithish/Documents/airflow-dag1/.venv/lib/python3.10/site-packages/airflow/example_dags/example_dag_decorator.py                                             1           0  0.20s           2024-05-14T15:05:15
/home/jithish/Documents/airflow-dag1/.venv/lib/python3.10/site-packages/airflow/example_dags/example_branch_datetime_operator.py                                  1           0  0.20s           2024-05-14T15:05:16
/home/jithish/Documents/airflow-dag1/.venv/lib/python3.10/site-packages/airflow/example_dags/tutorial.py                                                          1           0  0.20s           2024-05-14T15:05:34
/home/jithish/Documents/airflow-dag1/.venv/lib/python3.10/site-packages/airflow/example_dags/example_branch_operator.py                                           1           0  0.21s           2024-05-14T15:05:18
/home/jithish/Documents/airflow-dag1/.venv/lib/python3.10/site-packages/airflow/example_dags/example_branch_python_dop_operator_3.py                              1           0  0.20s           2024-05-14T15:05:18
/home/jithish/Documents/airflow-dag1/.venv/lib/python3.10/site-packages/airflow/example_dags/example_skip_dag.py                                                  1           0  0.21s           2024-05-14T15:05:36
/home/jithish/Documents/airflow-dag1/.venv/lib/python3.10/site-packages/airflow/example_dags/example_branch_labels.py                                             1           0  0.20s           2024-05-14T15:05:19
/home/jithish/Documents/airflow-dag1/.venv/lib/python3.10/site-packages/airflow/example_dags/example_complex.py                                                   1           0  0.20s           2024-05-14T15:05:21
/home/jithish/Documents/airflow-dag1/.venv/lib/python3.10/site-packages/airflow/example_dags/example_latest_only.py                                               1           0  0.20s           2024-05-14T15:05:37
/home/jithish/Documents/airflow-dag1/.venv/lib/python3.10/site-packages/airflow/example_dags/example_time_delta_sensor_async.py                                   1           0  0.20s           2024-05-14T15:05:39
/home/jithish/Documents/airflow-dag1/.venv/lib/python3.10/site-packages/airflow/example_dags/example_python_operator.py                                           1           0  0.20s           2024-05-14T15:05:39
/home/jithish/Documents/airflow-dag1/.venv/lib/python3.10/site-packages/airflow/example_dags/example_nested_branch_dag.py                                         1           0  0.20s           2024-05-14T15:05:40
/home/jithish/Documents/airflow-dag1/.venv/lib/python3.10/site-packages/airflow/example_dags/example_branch_day_of_week_operator.py                               1           0  0.21s           2024-05-14T15:05:22
/home/jithish/Documents/airflow-dag1/.venv/lib/python3.10/site-packages/airflow/example_dags/example_passing_params_via_test_command.py                           1           0  0.20s           2024-05-14T15:05:42
/home/jithish/Documents/airflow-dag1/.venv/lib/python3.10/site-packages/airflow/example_dags/tutorial_taskflow_api_etl.py                                         1           0  0.20s           2024-05-14T15:05:08
/home/jithish/Documents/airflow-dag1/.venv/lib/python3.10/site-packages/airflow/example_dags/tutorial_etl_dag.py                                                  1           0  0.20s           2024-05-14T15:05:10
/home/jithish/Documents/airflow-dag1/.venv/lib/python3.10/site-packages/airflow/example_dags/example_task_group.py                                                1           0  0.10s           2024-05-14T15:05:11
/home/jithish/Documents/airflow-dag1/.venv/lib/python3.10/site-packages/airflow/example_dags/example_external_task_marker_dag.py                                  2           0  0.20s           2024-05-14T15:05:30
/home/jithish/Documents/airflow-dag1/.venv/lib/python3.10/site-packages/airflow/example_dags/example_xcomargs.py                                                  2           0  0.20s           2024-05-14T15:05:09
/home/jithish/Documents/airflow-dag1/.venv/lib/python3.10/site-packages/airflow/example_dags/example_subdag_operator.py                                           3           0  0.10s           2024-05-14T15:05:35
================================================================================
[2024-05-14 23:06:12,113] {manager.py:806} INFO - 
================================================================================
DAG File Processing Stats

File Path                                                                                                                                PID    Runtime      # DAGs    # Errors  Last Runtime    Last Run
---------------------------------------------------------------------------------------------------------------------------------------  -----  ---------  --------  ----------  --------------  -------------------
/home/jithish/Documents/airflow-dag1/.venv/lib/python3.10/site-packages/airflow/example_dags/example_local_kubernetes_executor.py                                 0           0  0.20s           2024-05-14T15:06:00
/home/jithish/Documents/airflow-dag1/.venv/lib/python3.10/site-packages/airflow/example_dags/example_kubernetes_executor.py                                       0           0  0.11s           2024-05-14T15:06:05
/home/jithish/Documents/airflow-dag1/.venv/lib/python3.10/site-packages/airflow/example_dags/subdags/subdag.py                                                    0           0  0.10s           2024-05-14T15:05:45
/home/jithish/Documents/airflow-dag1/.venv/lib/python3.10/site-packages/airflow/example_dags/plugins/workday.py                                                   0           0  0.10s           2024-05-14T15:05:47
/home/jithish/Documents/airflow-dag1/.venv/lib/python3.10/site-packages/airflow/example_dags/example_latest_only_with_trigger.py                                  1           0  0.20s           2024-05-14T15:05:57
/home/jithish/Documents/airflow-dag1/.venv/lib/python3.10/site-packages/airflow/example_dags/example_xcom.py                                                      1           0  0.21s           2024-05-14T15:05:58
/home/jithish/Documents/airflow-dag1/.venv/lib/python3.10/site-packages/airflow/example_dags/example_bash_operator.py                                             1           0  0.21s           2024-05-14T15:05:48
/home/jithish/Documents/airflow-dag1/.venv/lib/python3.10/site-packages/airflow/example_dags/example_task_group_decorator.py                                      1           0  0.20s           2024-05-14T15:06:00
/home/jithish/Documents/airflow-dag1/.venv/lib/python3.10/site-packages/airflow/example_dags/tutorial_taskflow_api_etl_virtualenv.py                              1           0  0.20s           2024-05-14T15:06:01
/home/jithish/Documents/airflow-dag1/.venv/lib/python3.10/site-packages/airflow/example_dags/example_trigger_controller_dag.py                                    1           0  0.20s           2024-05-14T15:06:03
/home/jithish/Documents/airflow-dag1/.venv/lib/python3.10/site-packages/airflow/example_dags/example_trigger_target_dag.py                                        1           0  0.21s           2024-05-14T15:06:04
/home/jithish/Documents/airflow-dag1/.venv/lib/python3.10/site-packages/airflow/example_dags/example_short_circuit_operator.py                                    1           0  0.10s           2024-05-14T15:06:06
/home/jithish/Documents/airflow-dag1/.venv/lib/python3.10/site-packages/airflow/example_dags/example_branch_operator_decorator.py                                 1           0  0.21s           2024-05-14T15:05:49
/home/jithish/Documents/airflow-dag1/.venv/lib/python3.10/site-packages/airflow/example_dags/example_sla_dag.py                                                   1           0  0.21s           2024-05-14T15:06:08
/home/jithish/Documents/airflow-dag1/.venv/lib/python3.10/site-packages/airflow/example_dags/example_dag_decorator.py                                             1           0  0.21s           2024-05-14T15:05:49
/home/jithish/Documents/airflow-dag1/.venv/lib/python3.10/site-packages/airflow/example_dags/example_branch_datetime_operator.py                                  1           0  0.11s           2024-05-14T15:05:51
/home/jithish/Documents/airflow-dag1/.venv/lib/python3.10/site-packages/airflow/example_dags/tutorial.py                                                          1           0  0.11s           2024-05-14T15:06:09
/home/jithish/Documents/airflow-dag1/.venv/lib/python3.10/site-packages/airflow/example_dags/example_branch_operator.py                                           1           0  0.20s           2024-05-14T15:05:52
/home/jithish/Documents/airflow-dag1/.venv/lib/python3.10/site-packages/airflow/example_dags/example_branch_python_dop_operator_3.py                              1           0  0.21s           2024-05-14T15:05:53
/home/jithish/Documents/airflow-dag1/.venv/lib/python3.10/site-packages/airflow/example_dags/example_skip_dag.py                                                  1           0  0.10s           2024-05-14T15:06:10
/home/jithish/Documents/airflow-dag1/.venv/lib/python3.10/site-packages/airflow/example_dags/example_branch_labels.py                                             1           0  0.20s           2024-05-14T15:05:54
/home/jithish/Documents/airflow-dag1/.venv/lib/python3.10/site-packages/airflow/example_dags/example_complex.py                                                   1           0  0.21s           2024-05-14T15:05:55
/home/jithish/Documents/airflow-dag1/.venv/lib/python3.10/site-packages/airflow/example_dags/example_latest_only.py                                               1           0  0.21s           2024-05-14T15:06:12
/home/jithish/Documents/airflow-dag1/.venv/lib/python3.10/site-packages/airflow/example_dags/example_time_delta_sensor_async.py                                   1           0  0.20s           2024-05-14T15:05:39
/home/jithish/Documents/airflow-dag1/.venv/lib/python3.10/site-packages/airflow/example_dags/example_python_operator.py                                           1           0  0.20s           2024-05-14T15:05:39
/home/jithish/Documents/airflow-dag1/.venv/lib/python3.10/site-packages/airflow/example_dags/example_nested_branch_dag.py                                         1           0  0.20s           2024-05-14T15:05:40
/home/jithish/Documents/airflow-dag1/.venv/lib/python3.10/site-packages/airflow/example_dags/example_branch_day_of_week_operator.py                               1           0  0.11s           2024-05-14T15:05:56
/home/jithish/Documents/airflow-dag1/.venv/lib/python3.10/site-packages/airflow/example_dags/example_passing_params_via_test_command.py                           1           0  0.20s           2024-05-14T15:05:42
/home/jithish/Documents/airflow-dag1/.venv/lib/python3.10/site-packages/airflow/example_dags/tutorial_taskflow_api_etl.py                                         1           0  0.20s           2024-05-14T15:05:42
/home/jithish/Documents/airflow-dag1/.venv/lib/python3.10/site-packages/airflow/example_dags/tutorial_etl_dag.py                                                  1           0  0.21s           2024-05-14T15:05:44
/home/jithish/Documents/airflow-dag1/.venv/lib/python3.10/site-packages/airflow/example_dags/example_task_group.py                                                1           0  0.10s           2024-05-14T15:05:44
/home/jithish/Documents/airflow-dag1/.venv/lib/python3.10/site-packages/airflow/example_dags/example_external_task_marker_dag.py                                  2           0  0.20s           2024-05-14T15:06:05
/home/jithish/Documents/airflow-dag1/.venv/lib/python3.10/site-packages/airflow/example_dags/example_xcomargs.py                                                  2           0  0.20s           2024-05-14T15:05:42
/home/jithish/Documents/airflow-dag1/.venv/lib/python3.10/site-packages/airflow/example_dags/example_subdag_operator.py                                           3           0  0.20s           2024-05-14T15:06:10
================================================================================
[2024-05-14 23:06:18,635] {manager.py:458} INFO - Exiting gracefully upon receiving signal 15
[2024-05-14 23:06:25,739] {manager.py:477} INFO - Processing files using up to 1 processes at a time 
[2024-05-14 23:06:25,739] {manager.py:478} INFO - Process each file at most once every 30 seconds
[2024-05-14 23:06:25,739] {manager.py:479} INFO - Checking for new files in /home/jithish/Documents/airflow-dag1/airflow/dags every 300 seconds
[2024-05-14 23:06:25,739] {manager.py:687} INFO - Searching for files in /home/jithish/Documents/airflow-dag1/airflow/dags
[2024-05-14 23:06:25,749] {manager.py:690} INFO - There are 34 files in /home/jithish/Documents/airflow-dag1/airflow/dags
[2024-05-14 23:06:25,880] {manager.py:806} INFO - 
================================================================================
DAG File Processing Stats

File Path                                                                                                                                PID    Runtime      # DAGs    # Errors  Last Runtime    Last Run
---------------------------------------------------------------------------------------------------------------------------------------  -----  ---------  --------  ----------  --------------  -------------------
/home/jithish/Documents/airflow-dag1/.venv/lib/python3.10/site-packages/airflow/example_dags/example_xcom.py                                                      0           0
/home/jithish/Documents/airflow-dag1/.venv/lib/python3.10/site-packages/airflow/example_dags/example_bash_operator.py                                             0           0
/home/jithish/Documents/airflow-dag1/.venv/lib/python3.10/site-packages/airflow/example_dags/example_task_group_decorator.py                                      0           0
/home/jithish/Documents/airflow-dag1/.venv/lib/python3.10/site-packages/airflow/example_dags/example_local_kubernetes_executor.py                                 0           0
/home/jithish/Documents/airflow-dag1/.venv/lib/python3.10/site-packages/airflow/example_dags/tutorial_taskflow_api_etl_virtualenv.py                              0           0
/home/jithish/Documents/airflow-dag1/.venv/lib/python3.10/site-packages/airflow/example_dags/example_trigger_controller_dag.py                                    0           0
/home/jithish/Documents/airflow-dag1/.venv/lib/python3.10/site-packages/airflow/example_dags/example_trigger_target_dag.py                                        0           0
/home/jithish/Documents/airflow-dag1/.venv/lib/python3.10/site-packages/airflow/example_dags/example_external_task_marker_dag.py                                  0           0
/home/jithish/Documents/airflow-dag1/.venv/lib/python3.10/site-packages/airflow/example_dags/example_kubernetes_executor.py                                       0           0
/home/jithish/Documents/airflow-dag1/.venv/lib/python3.10/site-packages/airflow/example_dags/example_short_circuit_operator.py                                    0           0
/home/jithish/Documents/airflow-dag1/.venv/lib/python3.10/site-packages/airflow/example_dags/example_branch_operator_decorator.py                                 0           0
/home/jithish/Documents/airflow-dag1/.venv/lib/python3.10/site-packages/airflow/example_dags/example_sla_dag.py                                                   0           0
/home/jithish/Documents/airflow-dag1/.venv/lib/python3.10/site-packages/airflow/example_dags/example_dag_decorator.py                                             0           0
/home/jithish/Documents/airflow-dag1/.venv/lib/python3.10/site-packages/airflow/example_dags/example_branch_datetime_operator.py                                  0           0
/home/jithish/Documents/airflow-dag1/.venv/lib/python3.10/site-packages/airflow/example_dags/tutorial.py                                                          0           0
/home/jithish/Documents/airflow-dag1/.venv/lib/python3.10/site-packages/airflow/example_dags/example_branch_operator.py                                           0           0
/home/jithish/Documents/airflow-dag1/.venv/lib/python3.10/site-packages/airflow/example_dags/example_subdag_operator.py                                           0           0
/home/jithish/Documents/airflow-dag1/.venv/lib/python3.10/site-packages/airflow/example_dags/example_branch_python_dop_operator_3.py                              0           0
/home/jithish/Documents/airflow-dag1/.venv/lib/python3.10/site-packages/airflow/example_dags/example_skip_dag.py                                                  0           0
/home/jithish/Documents/airflow-dag1/.venv/lib/python3.10/site-packages/airflow/example_dags/example_branch_labels.py                                             0           0
/home/jithish/Documents/airflow-dag1/.venv/lib/python3.10/site-packages/airflow/example_dags/example_complex.py                                                   0           0
/home/jithish/Documents/airflow-dag1/.venv/lib/python3.10/site-packages/airflow/example_dags/example_latest_only.py                                               0           0
/home/jithish/Documents/airflow-dag1/.venv/lib/python3.10/site-packages/airflow/example_dags/example_time_delta_sensor_async.py                                   0           0
/home/jithish/Documents/airflow-dag1/.venv/lib/python3.10/site-packages/airflow/example_dags/example_python_operator.py                                           0           0
/home/jithish/Documents/airflow-dag1/.venv/lib/python3.10/site-packages/airflow/example_dags/example_nested_branch_dag.py                                         0           0
/home/jithish/Documents/airflow-dag1/.venv/lib/python3.10/site-packages/airflow/example_dags/example_branch_day_of_week_operator.py                               0           0
/home/jithish/Documents/airflow-dag1/.venv/lib/python3.10/site-packages/airflow/example_dags/example_passing_params_via_test_command.py                           0           0
/home/jithish/Documents/airflow-dag1/.venv/lib/python3.10/site-packages/airflow/example_dags/tutorial_taskflow_api_etl.py                                         0           0
/home/jithish/Documents/airflow-dag1/.venv/lib/python3.10/site-packages/airflow/example_dags/example_xcomargs.py                                                  0           0
/home/jithish/Documents/airflow-dag1/.venv/lib/python3.10/site-packages/airflow/example_dags/tutorial_etl_dag.py                                                  0           0
/home/jithish/Documents/airflow-dag1/.venv/lib/python3.10/site-packages/airflow/example_dags/example_task_group.py                                                0           0
/home/jithish/Documents/airflow-dag1/.venv/lib/python3.10/site-packages/airflow/example_dags/subdags/subdag.py                                                    0           0
/home/jithish/Documents/airflow-dag1/.venv/lib/python3.10/site-packages/airflow/example_dags/plugins/workday.py                                                   0           0
/home/jithish/Documents/airflow-dag1/.venv/lib/python3.10/site-packages/airflow/example_dags/example_latest_only_with_trigger.py                                  1           0  0.10s           2024-05-14T15:06:25
================================================================================
[2024-05-14 23:06:56,185] {manager.py:806} INFO - 
================================================================================
DAG File Processing Stats

File Path                                                                                                                                PID    Runtime      # DAGs    # Errors  Last Runtime    Last Run
---------------------------------------------------------------------------------------------------------------------------------------  -----  ---------  --------  ----------  --------------  -------------------
/home/jithish/Documents/airflow-dag1/.venv/lib/python3.10/site-packages/airflow/example_dags/example_local_kubernetes_executor.py                                 0           0  0.20s           2024-05-14T15:06:29
/home/jithish/Documents/airflow-dag1/.venv/lib/python3.10/site-packages/airflow/example_dags/example_kubernetes_executor.py                                       0           0  0.11s           2024-05-14T15:06:35
/home/jithish/Documents/airflow-dag1/.venv/lib/python3.10/site-packages/airflow/example_dags/example_branch_operator.py                                           0           0
/home/jithish/Documents/airflow-dag1/.venv/lib/python3.10/site-packages/airflow/example_dags/example_branch_python_dop_operator_3.py                              0           0
/home/jithish/Documents/airflow-dag1/.venv/lib/python3.10/site-packages/airflow/example_dags/example_branch_labels.py                                             0           0
/home/jithish/Documents/airflow-dag1/.venv/lib/python3.10/site-packages/airflow/example_dags/example_complex.py                                                   0           0
/home/jithish/Documents/airflow-dag1/.venv/lib/python3.10/site-packages/airflow/example_dags/example_branch_day_of_week_operator.py                               0           0
/home/jithish/Documents/airflow-dag1/.venv/lib/python3.10/site-packages/airflow/example_dags/subdags/subdag.py                                                    0           0  0.10s           2024-05-14T15:06:51
/home/jithish/Documents/airflow-dag1/.venv/lib/python3.10/site-packages/airflow/example_dags/plugins/workday.py                                                   0           0  0.20s           2024-05-14T15:06:51
/home/jithish/Documents/airflow-dag1/.venv/lib/python3.10/site-packages/airflow/example_dags/example_latest_only_with_trigger.py                                  1           0  0.10s           2024-05-14T15:06:25
/home/jithish/Documents/airflow-dag1/.venv/lib/python3.10/site-packages/airflow/example_dags/example_xcom.py                                                      1           0  0.20s           2024-05-14T15:06:27
/home/jithish/Documents/airflow-dag1/.venv/lib/python3.10/site-packages/airflow/example_dags/example_bash_operator.py                                             1           0  0.11s           2024-05-14T15:06:53
/home/jithish/Documents/airflow-dag1/.venv/lib/python3.10/site-packages/airflow/example_dags/example_task_group_decorator.py                                      1           0  0.30s           2024-05-14T15:06:28
/home/jithish/Documents/airflow-dag1/.venv/lib/python3.10/site-packages/airflow/example_dags/tutorial_taskflow_api_etl_virtualenv.py                              1           0  0.20s           2024-05-14T15:06:30
/home/jithish/Documents/airflow-dag1/.venv/lib/python3.10/site-packages/airflow/example_dags/example_trigger_controller_dag.py                                    1           0  0.20s           2024-05-14T15:06:32
/home/jithish/Documents/airflow-dag1/.venv/lib/python3.10/site-packages/airflow/example_dags/example_trigger_target_dag.py                                        1           0  0.20s           2024-05-14T15:06:33
/home/jithish/Documents/airflow-dag1/.venv/lib/python3.10/site-packages/airflow/example_dags/example_short_circuit_operator.py                                    1           0  0.10s           2024-05-14T15:06:36
/home/jithish/Documents/airflow-dag1/.venv/lib/python3.10/site-packages/airflow/example_dags/example_branch_operator_decorator.py                                 1           0  0.20s           2024-05-14T15:06:54
/home/jithish/Documents/airflow-dag1/.venv/lib/python3.10/site-packages/airflow/example_dags/example_sla_dag.py                                                   1           0  0.21s           2024-05-14T15:06:37
/home/jithish/Documents/airflow-dag1/.venv/lib/python3.10/site-packages/airflow/example_dags/example_dag_decorator.py                                             1           0  0.20s           2024-05-14T15:06:55
/home/jithish/Documents/airflow-dag1/.venv/lib/python3.10/site-packages/airflow/example_dags/example_branch_datetime_operator.py                                  1           0  0.20s           2024-05-14T15:06:56
/home/jithish/Documents/airflow-dag1/.venv/lib/python3.10/site-packages/airflow/example_dags/tutorial.py                                                          1           0  0.11s           2024-05-14T15:06:38
/home/jithish/Documents/airflow-dag1/.venv/lib/python3.10/site-packages/airflow/example_dags/example_skip_dag.py                                                  1           0  0.20s           2024-05-14T15:06:40
/home/jithish/Documents/airflow-dag1/.venv/lib/python3.10/site-packages/airflow/example_dags/example_latest_only.py                                               1           0  0.21s           2024-05-14T15:06:41
/home/jithish/Documents/airflow-dag1/.venv/lib/python3.10/site-packages/airflow/example_dags/example_time_delta_sensor_async.py                                   1           0  0.21s           2024-05-14T15:06:42
/home/jithish/Documents/airflow-dag1/.venv/lib/python3.10/site-packages/airflow/example_dags/example_python_operator.py                                           1           0  0.20s           2024-05-14T15:06:43
/home/jithish/Documents/airflow-dag1/.venv/lib/python3.10/site-packages/airflow/example_dags/example_nested_branch_dag.py                                         1           0  0.21s           2024-05-14T15:06:45
/home/jithish/Documents/airflow-dag1/.venv/lib/python3.10/site-packages/airflow/example_dags/example_passing_params_via_test_command.py                           1           0  0.10s           2024-05-14T15:06:45
/home/jithish/Documents/airflow-dag1/.venv/lib/python3.10/site-packages/airflow/example_dags/tutorial_taskflow_api_etl.py                                         1           0  0.11s           2024-05-14T15:06:46
/home/jithish/Documents/airflow-dag1/.venv/lib/python3.10/site-packages/airflow/example_dags/tutorial_etl_dag.py                                                  1           0  0.21s           2024-05-14T15:06:49
/home/jithish/Documents/airflow-dag1/.venv/lib/python3.10/site-packages/airflow/example_dags/example_task_group.py                                                1           0  0.11s           2024-05-14T15:06:50
/home/jithish/Documents/airflow-dag1/.venv/lib/python3.10/site-packages/airflow/example_dags/example_external_task_marker_dag.py                                  2           0  0.20s           2024-05-14T15:06:34
/home/jithish/Documents/airflow-dag1/.venv/lib/python3.10/site-packages/airflow/example_dags/example_xcomargs.py                                                  2           0  0.21s           2024-05-14T15:06:47
/home/jithish/Documents/airflow-dag1/.venv/lib/python3.10/site-packages/airflow/example_dags/example_subdag_operator.py                                           3           0  0.21s           2024-05-14T15:06:39
================================================================================
[2024-05-14 23:07:26,491] {manager.py:806} INFO - 
================================================================================
DAG File Processing Stats

File Path                                                                                                                                PID    Runtime      # DAGs    # Errors  Last Runtime    Last Run
---------------------------------------------------------------------------------------------------------------------------------------  -----  ---------  --------  ----------  --------------  -------------------
/home/jithish/Documents/airflow-dag1/.venv/lib/python3.10/site-packages/airflow/example_dags/example_local_kubernetes_executor.py                                 0           0  0.10s           2024-05-14T15:07:06
/home/jithish/Documents/airflow-dag1/.venv/lib/python3.10/site-packages/airflow/example_dags/example_kubernetes_executor.py                                       0           0  0.20s           2024-05-14T15:07:11
/home/jithish/Documents/airflow-dag1/.venv/lib/python3.10/site-packages/airflow/example_dags/subdags/subdag.py                                                    0           0  0.10s           2024-05-14T15:07:26
/home/jithish/Documents/airflow-dag1/.venv/lib/python3.10/site-packages/airflow/example_dags/plugins/workday.py                                                   0           0  0.20s           2024-05-14T15:06:51
/home/jithish/Documents/airflow-dag1/.venv/lib/python3.10/site-packages/airflow/example_dags/example_latest_only_with_trigger.py                                  1           0  0.21s           2024-05-14T15:07:02
/home/jithish/Documents/airflow-dag1/.venv/lib/python3.10/site-packages/airflow/example_dags/example_xcom.py                                                      1           0  0.20s           2024-05-14T15:07:03
/home/jithish/Documents/airflow-dag1/.venv/lib/python3.10/site-packages/airflow/example_dags/example_bash_operator.py                                             1           0  0.11s           2024-05-14T15:06:53
/home/jithish/Documents/airflow-dag1/.venv/lib/python3.10/site-packages/airflow/example_dags/example_task_group_decorator.py                                      1           0  0.20s           2024-05-14T15:07:04
/home/jithish/Documents/airflow-dag1/.venv/lib/python3.10/site-packages/airflow/example_dags/tutorial_taskflow_api_etl_virtualenv.py                              1           0  0.21s           2024-05-14T15:07:06
/home/jithish/Documents/airflow-dag1/.venv/lib/python3.10/site-packages/airflow/example_dags/example_trigger_controller_dag.py                                    1           0  0.21s           2024-05-14T15:07:07
/home/jithish/Documents/airflow-dag1/.venv/lib/python3.10/site-packages/airflow/example_dags/example_trigger_target_dag.py                                        1           0  0.10s           2024-05-14T15:07:08
/home/jithish/Documents/airflow-dag1/.venv/lib/python3.10/site-packages/airflow/example_dags/example_short_circuit_operator.py                                    1           0  0.20s           2024-05-14T15:07:12
/home/jithish/Documents/airflow-dag1/.venv/lib/python3.10/site-packages/airflow/example_dags/example_branch_operator_decorator.py                                 1           0  0.20s           2024-05-14T15:06:54
/home/jithish/Documents/airflow-dag1/.venv/lib/python3.10/site-packages/airflow/example_dags/example_sla_dag.py                                                   1           0  0.21s           2024-05-14T15:07:12
/home/jithish/Documents/airflow-dag1/.venv/lib/python3.10/site-packages/airflow/example_dags/example_dag_decorator.py                                             1           0  0.20s           2024-05-14T15:06:55
/home/jithish/Documents/airflow-dag1/.venv/lib/python3.10/site-packages/airflow/example_dags/example_branch_datetime_operator.py                                  1           0  0.20s           2024-05-14T15:06:56
/home/jithish/Documents/airflow-dag1/.venv/lib/python3.10/site-packages/airflow/example_dags/tutorial.py                                                          1           0  0.20s           2024-05-14T15:07:14
/home/jithish/Documents/airflow-dag1/.venv/lib/python3.10/site-packages/airflow/example_dags/example_branch_operator.py                                           1           0  0.21s           2024-05-14T15:06:57
/home/jithish/Documents/airflow-dag1/.venv/lib/python3.10/site-packages/airflow/example_dags/example_branch_python_dop_operator_3.py                              1           0  0.10s           2024-05-14T15:06:58
/home/jithish/Documents/airflow-dag1/.venv/lib/python3.10/site-packages/airflow/example_dags/example_skip_dag.py                                                  1           0  0.11s           2024-05-14T15:07:16
/home/jithish/Documents/airflow-dag1/.venv/lib/python3.10/site-packages/airflow/example_dags/example_branch_labels.py                                             1           0  0.11s           2024-05-14T15:06:59
/home/jithish/Documents/airflow-dag1/.venv/lib/python3.10/site-packages/airflow/example_dags/example_complex.py                                                   1           0  0.20s           2024-05-14T15:07:00
/home/jithish/Documents/airflow-dag1/.venv/lib/python3.10/site-packages/airflow/example_dags/example_latest_only.py                                               1           0  0.20s           2024-05-14T15:07:17
/home/jithish/Documents/airflow-dag1/.venv/lib/python3.10/site-packages/airflow/example_dags/example_time_delta_sensor_async.py                                   1           0  0.20s           2024-05-14T15:07:18
/home/jithish/Documents/airflow-dag1/.venv/lib/python3.10/site-packages/airflow/example_dags/example_python_operator.py                                           1           0  0.10s           2024-05-14T15:07:19
/home/jithish/Documents/airflow-dag1/.venv/lib/python3.10/site-packages/airflow/example_dags/example_nested_branch_dag.py                                         1           0  0.21s           2024-05-14T15:07:20
/home/jithish/Documents/airflow-dag1/.venv/lib/python3.10/site-packages/airflow/example_dags/example_branch_day_of_week_operator.py                               1           0  0.10s           2024-05-14T15:07:01
/home/jithish/Documents/airflow-dag1/.venv/lib/python3.10/site-packages/airflow/example_dags/example_passing_params_via_test_command.py                           1           0  0.21s           2024-05-14T15:07:21
/home/jithish/Documents/airflow-dag1/.venv/lib/python3.10/site-packages/airflow/example_dags/tutorial_taskflow_api_etl.py                                         1           0  0.21s           2024-05-14T15:07:23
/home/jithish/Documents/airflow-dag1/.venv/lib/python3.10/site-packages/airflow/example_dags/tutorial_etl_dag.py                                                  1           0  0.20s           2024-05-14T15:07:24
/home/jithish/Documents/airflow-dag1/.venv/lib/python3.10/site-packages/airflow/example_dags/example_task_group.py                                                1           0  0.20s           2024-05-14T15:07:26
/home/jithish/Documents/airflow-dag1/.venv/lib/python3.10/site-packages/airflow/example_dags/example_external_task_marker_dag.py                                  2           0  0.21s           2024-05-14T15:07:10
/home/jithish/Documents/airflow-dag1/.venv/lib/python3.10/site-packages/airflow/example_dags/example_xcomargs.py                                                  2           0  0.20s           2024-05-14T15:07:23
/home/jithish/Documents/airflow-dag1/.venv/lib/python3.10/site-packages/airflow/example_dags/example_subdag_operator.py                                           3           0  0.20s           2024-05-14T15:07:15
================================================================================
[2024-05-14 23:07:49,514] {manager.py:458} INFO - Exiting gracefully upon receiving signal 15
