[2024-05-14 23:16:18,972] {taskinstance.py:1160} INFO - Dependencies all met for <TaskInstance: my_airflow_dag.task_sleep backfill__2021-05-21T00:00:00+00:00 [queued]>
[2024-05-14 23:16:18,976] {taskinstance.py:1160} INFO - Dependencies all met for <TaskInstance: my_airflow_dag.task_sleep backfill__2021-05-21T00:00:00+00:00 [queued]>
[2024-05-14 23:16:18,976] {taskinstance.py:1357} INFO - 
--------------------------------------------------------------------------------
[2024-05-14 23:16:18,976] {taskinstance.py:1358} INFO - Starting attempt 1 of 4
[2024-05-14 23:16:18,976] {taskinstance.py:1359} INFO - 
--------------------------------------------------------------------------------
[2024-05-14 23:16:18,984] {taskinstance.py:1378} INFO - Executing <Task(BashOperator): task_sleep> on 2021-05-21 00:00:00+00:00
[2024-05-14 23:16:18,986] {standard_task_runner.py:52} INFO - Started process 28954 to run task
[2024-05-14 23:16:18,988] {standard_task_runner.py:79} INFO - Running: ['airflow', 'tasks', 'run', 'my_airflow_dag', 'task_sleep', 'backfill__2021-05-21T00:00:00+00:00', '--job-id', '20', '--pool', 'default_pool', '--raw', '--subdir', 'DAGS_FOLDER/my_airflow_dag.py', '--cfg-path', '/tmp/tmpkewl1tu2', '--error-file', '/tmp/tmprf03525l']
[2024-05-14 23:16:18,989] {standard_task_runner.py:80} INFO - Job 20: Subtask task_sleep
[2024-05-14 23:16:19,010] {task_command.py:370} INFO - Running <TaskInstance: my_airflow_dag.task_sleep backfill__2021-05-21T00:00:00+00:00 [running]> on host jithish-HP-ZBook-17-G5
[2024-05-14 23:16:19,038] {taskinstance.py:1570} INFO - Exporting the following env vars:
AIRFLOW_CTX_DAG_EMAIL=my-email@example.com
AIRFLOW_CTX_DAG_OWNER=airflow
AIRFLOW_CTX_DAG_ID=my_airflow_dag
AIRFLOW_CTX_TASK_ID=task_sleep
AIRFLOW_CTX_EXECUTION_DATE=2021-05-21T00:00:00+00:00
AIRFLOW_CTX_TRY_NUMBER=1
AIRFLOW_CTX_DAG_RUN_ID=backfill__2021-05-21T00:00:00+00:00
[2024-05-14 23:16:19,039] {subprocess.py:62} INFO - Tmp dir root location: 
 /tmp
[2024-05-14 23:16:19,039] {subprocess.py:74} INFO - Running command: ['bash', '-c', 'sleep 5']
[2024-05-14 23:16:19,043] {subprocess.py:85} INFO - Output:
[2024-05-14 23:16:24,045] {subprocess.py:96} INFO - Command exited with return code 0
[2024-05-14 23:16:24,141] {taskinstance.py:1396} INFO - Marking task as SUCCESS. dag_id=my_airflow_dag, task_id=task_sleep, execution_date=20210521T000000, start_date=20240514T151618, end_date=20240514T151624
[2024-05-14 23:16:24,161] {local_task_job.py:156} INFO - Task exited with return code 0
[2024-05-14 23:16:24,176] {local_task_job.py:273} INFO - 0 downstream tasks scheduled from follow-on schedule check
