[2024-05-14 23:04:36,738] {processor.py:153} INFO - Started process (PID=21889) to work on /home/jithish/Documents/airflow-dag1/.venv/lib/python3.10/site-packages/airflow/example_dags/subdags/subdag.py
[2024-05-14 23:04:36,739] {processor.py:641} INFO - Processing file /home/jithish/Documents/airflow-dag1/.venv/lib/python3.10/site-packages/airflow/example_dags/subdags/subdag.py for tasks to queue
[2024-05-14 23:04:36,739] {logging_mixin.py:115} INFO - [2024-05-14 23:04:36,739] {dagbag.py:507} INFO - Filling up the DagBag from /home/jithish/Documents/airflow-dag1/.venv/lib/python3.10/site-packages/airflow/example_dags/subdags/subdag.py
[2024-05-14 23:04:36,741] {processor.py:653} WARNING - No viable dags retrieved from /home/jithish/Documents/airflow-dag1/.venv/lib/python3.10/site-packages/airflow/example_dags/subdags/subdag.py
[2024-05-14 23:04:36,750] {processor.py:161} INFO - Processing /home/jithish/Documents/airflow-dag1/.venv/lib/python3.10/site-packages/airflow/example_dags/subdags/subdag.py took 0.015 seconds
[2024-05-14 23:05:11,809] {processor.py:153} INFO - Started process (PID=22276) to work on /home/jithish/Documents/airflow-dag1/.venv/lib/python3.10/site-packages/airflow/example_dags/subdags/subdag.py
[2024-05-14 23:05:11,809] {processor.py:641} INFO - Processing file /home/jithish/Documents/airflow-dag1/.venv/lib/python3.10/site-packages/airflow/example_dags/subdags/subdag.py for tasks to queue
[2024-05-14 23:05:11,809] {logging_mixin.py:115} INFO - [2024-05-14 23:05:11,809] {dagbag.py:507} INFO - Filling up the DagBag from /home/jithish/Documents/airflow-dag1/.venv/lib/python3.10/site-packages/airflow/example_dags/subdags/subdag.py
[2024-05-14 23:05:11,811] {processor.py:653} WARNING - No viable dags retrieved from /home/jithish/Documents/airflow-dag1/.venv/lib/python3.10/site-packages/airflow/example_dags/subdags/subdag.py
[2024-05-14 23:05:11,821] {processor.py:161} INFO - Processing /home/jithish/Documents/airflow-dag1/.venv/lib/python3.10/site-packages/airflow/example_dags/subdags/subdag.py took 0.015 seconds
[2024-05-14 23:05:45,785] {processor.py:153} INFO - Started process (PID=22652) to work on /home/jithish/Documents/airflow-dag1/.venv/lib/python3.10/site-packages/airflow/example_dags/subdags/subdag.py
[2024-05-14 23:05:45,846] {processor.py:641} INFO - Processing file /home/jithish/Documents/airflow-dag1/.venv/lib/python3.10/site-packages/airflow/example_dags/subdags/subdag.py for tasks to queue
[2024-05-14 23:05:45,846] {logging_mixin.py:115} INFO - [2024-05-14 23:05:45,846] {dagbag.py:507} INFO - Filling up the DagBag from /home/jithish/Documents/airflow-dag1/.venv/lib/python3.10/site-packages/airflow/example_dags/subdags/subdag.py
[2024-05-14 23:05:45,848] {processor.py:653} WARNING - No viable dags retrieved from /home/jithish/Documents/airflow-dag1/.venv/lib/python3.10/site-packages/airflow/example_dags/subdags/subdag.py
[2024-05-14 23:05:45,858] {processor.py:161} INFO - Processing /home/jithish/Documents/airflow-dag1/.venv/lib/python3.10/site-packages/airflow/example_dags/subdags/subdag.py took 0.076 seconds
[2024-05-14 23:06:51,248] {processor.py:153} INFO - Started process (PID=23500) to work on /home/jithish/Documents/airflow-dag1/.venv/lib/python3.10/site-packages/airflow/example_dags/subdags/subdag.py
[2024-05-14 23:06:51,261] {processor.py:641} INFO - Processing file /home/jithish/Documents/airflow-dag1/.venv/lib/python3.10/site-packages/airflow/example_dags/subdags/subdag.py for tasks to queue
[2024-05-14 23:06:51,261] {logging_mixin.py:115} INFO - [2024-05-14 23:06:51,261] {dagbag.py:507} INFO - Filling up the DagBag from /home/jithish/Documents/airflow-dag1/.venv/lib/python3.10/site-packages/airflow/example_dags/subdags/subdag.py
[2024-05-14 23:06:51,263] {processor.py:653} WARNING - No viable dags retrieved from /home/jithish/Documents/airflow-dag1/.venv/lib/python3.10/site-packages/airflow/example_dags/subdags/subdag.py
[2024-05-14 23:06:51,274] {processor.py:161} INFO - Processing /home/jithish/Documents/airflow-dag1/.venv/lib/python3.10/site-packages/airflow/example_dags/subdags/subdag.py took 0.028 seconds
[2024-05-14 23:07:26,391] {processor.py:153} INFO - Started process (PID=23950) to work on /home/jithish/Documents/airflow-dag1/.venv/lib/python3.10/site-packages/airflow/example_dags/subdags/subdag.py
[2024-05-14 23:07:26,422] {processor.py:641} INFO - Processing file /home/jithish/Documents/airflow-dag1/.venv/lib/python3.10/site-packages/airflow/example_dags/subdags/subdag.py for tasks to queue
[2024-05-14 23:07:26,423] {logging_mixin.py:115} INFO - [2024-05-14 23:07:26,423] {dagbag.py:507} INFO - Filling up the DagBag from /home/jithish/Documents/airflow-dag1/.venv/lib/python3.10/site-packages/airflow/example_dags/subdags/subdag.py
[2024-05-14 23:07:26,427] {processor.py:653} WARNING - No viable dags retrieved from /home/jithish/Documents/airflow-dag1/.venv/lib/python3.10/site-packages/airflow/example_dags/subdags/subdag.py
[2024-05-14 23:07:26,453] {processor.py:161} INFO - Processing /home/jithish/Documents/airflow-dag1/.venv/lib/python3.10/site-packages/airflow/example_dags/subdags/subdag.py took 0.064 seconds
