[2024-05-14 23:04:22,359] {processor.py:153} INFO - Started process (PID=21776) to work on /home/jithish/Documents/airflow-dag1/.venv/lib/python3.10/site-packages/airflow/example_dags/example_sla_dag.py
[2024-05-14 23:04:22,360] {processor.py:641} INFO - Processing file /home/jithish/Documents/airflow-dag1/.venv/lib/python3.10/site-packages/airflow/example_dags/example_sla_dag.py for tasks to queue
[2024-05-14 23:04:22,361] {logging_mixin.py:115} INFO - [2024-05-14 23:04:22,361] {dagbag.py:507} INFO - Filling up the DagBag from /home/jithish/Documents/airflow-dag1/.venv/lib/python3.10/site-packages/airflow/example_dags/example_sla_dag.py
[2024-05-14 23:04:22,376] {processor.py:651} INFO - DAG(s) dict_keys(['example_sla_dag']) retrieved from /home/jithish/Documents/airflow-dag1/.venv/lib/python3.10/site-packages/airflow/example_dags/example_sla_dag.py
[2024-05-14 23:04:22,494] {logging_mixin.py:115} INFO - [2024-05-14 23:04:22,494] {manager.py:508} INFO - Created Permission View: can edit on DAG:example_sla_dag
[2024-05-14 23:04:22,507] {logging_mixin.py:115} INFO - [2024-05-14 23:04:22,507] {manager.py:508} INFO - Created Permission View: can read on DAG:example_sla_dag
[2024-05-14 23:04:22,513] {logging_mixin.py:115} INFO - [2024-05-14 23:04:22,513] {manager.py:508} INFO - Created Permission View: can delete on DAG:example_sla_dag
[2024-05-14 23:04:22,513] {logging_mixin.py:115} INFO - [2024-05-14 23:04:22,513] {dag.py:2379} INFO - Sync 1 DAGs
[2024-05-14 23:04:22,518] {logging_mixin.py:115} INFO - [2024-05-14 23:04:22,518] {dag.py:2398} INFO - Creating ORM DAG for example_sla_dag
[2024-05-14 23:04:22,527] {logging_mixin.py:115} INFO - [2024-05-14 23:04:22,527] {dag.py:2923} INFO - Setting next_dagrun for example_sla_dag to 2024-05-14T15:02:00+00:00, run_after=2024-05-14T15:04:00+00:00
[2024-05-14 23:04:22,540] {processor.py:161} INFO - Processing /home/jithish/Documents/airflow-dag1/.venv/lib/python3.10/site-packages/airflow/example_dags/example_sla_dag.py took 0.184 seconds
[2024-05-14 23:04:58,729] {processor.py:153} INFO - Started process (PID=22182) to work on /home/jithish/Documents/airflow-dag1/.venv/lib/python3.10/site-packages/airflow/example_dags/example_sla_dag.py
[2024-05-14 23:04:58,790] {processor.py:641} INFO - Processing file /home/jithish/Documents/airflow-dag1/.venv/lib/python3.10/site-packages/airflow/example_dags/example_sla_dag.py for tasks to queue
[2024-05-14 23:04:58,790] {logging_mixin.py:115} INFO - [2024-05-14 23:04:58,790] {dagbag.py:507} INFO - Filling up the DagBag from /home/jithish/Documents/airflow-dag1/.venv/lib/python3.10/site-packages/airflow/example_dags/example_sla_dag.py
[2024-05-14 23:04:58,806] {processor.py:651} INFO - DAG(s) dict_keys(['example_sla_dag']) retrieved from /home/jithish/Documents/airflow-dag1/.venv/lib/python3.10/site-packages/airflow/example_dags/example_sla_dag.py
[2024-05-14 23:04:58,817] {logging_mixin.py:115} INFO - [2024-05-14 23:04:58,817] {dag.py:2379} INFO - Sync 1 DAGs
[2024-05-14 23:04:58,830] {logging_mixin.py:115} INFO - [2024-05-14 23:04:58,830] {dag.py:2923} INFO - Setting next_dagrun for example_sla_dag to 2024-05-14T15:02:00+00:00, run_after=2024-05-14T15:04:00+00:00
[2024-05-14 23:04:58,846] {processor.py:161} INFO - Processing /home/jithish/Documents/airflow-dag1/.venv/lib/python3.10/site-packages/airflow/example_dags/example_sla_dag.py took 0.128 seconds
[2024-05-14 23:05:33,606] {processor.py:153} INFO - Started process (PID=22567) to work on /home/jithish/Documents/airflow-dag1/.venv/lib/python3.10/site-packages/airflow/example_dags/example_sla_dag.py
[2024-05-14 23:05:33,667] {processor.py:641} INFO - Processing file /home/jithish/Documents/airflow-dag1/.venv/lib/python3.10/site-packages/airflow/example_dags/example_sla_dag.py for tasks to queue
[2024-05-14 23:05:33,667] {logging_mixin.py:115} INFO - [2024-05-14 23:05:33,667] {dagbag.py:507} INFO - Filling up the DagBag from /home/jithish/Documents/airflow-dag1/.venv/lib/python3.10/site-packages/airflow/example_dags/example_sla_dag.py
[2024-05-14 23:05:33,680] {processor.py:651} INFO - DAG(s) dict_keys(['example_sla_dag']) retrieved from /home/jithish/Documents/airflow-dag1/.venv/lib/python3.10/site-packages/airflow/example_dags/example_sla_dag.py
[2024-05-14 23:05:33,691] {logging_mixin.py:115} INFO - [2024-05-14 23:05:33,691] {dag.py:2379} INFO - Sync 1 DAGs
[2024-05-14 23:05:33,712] {logging_mixin.py:115} INFO - [2024-05-14 23:05:33,712] {dag.py:2923} INFO - Setting next_dagrun for example_sla_dag to 2024-05-14T15:02:00+00:00, run_after=2024-05-14T15:04:00+00:00
[2024-05-14 23:05:33,726] {processor.py:161} INFO - Processing /home/jithish/Documents/airflow-dag1/.venv/lib/python3.10/site-packages/airflow/example_dags/example_sla_dag.py took 0.127 seconds
[2024-05-14 23:06:07,895] {processor.py:153} INFO - Started process (PID=22828) to work on /home/jithish/Documents/airflow-dag1/.venv/lib/python3.10/site-packages/airflow/example_dags/example_sla_dag.py
[2024-05-14 23:06:07,955] {processor.py:641} INFO - Processing file /home/jithish/Documents/airflow-dag1/.venv/lib/python3.10/site-packages/airflow/example_dags/example_sla_dag.py for tasks to queue
[2024-05-14 23:06:07,956] {logging_mixin.py:115} INFO - [2024-05-14 23:06:07,956] {dagbag.py:507} INFO - Filling up the DagBag from /home/jithish/Documents/airflow-dag1/.venv/lib/python3.10/site-packages/airflow/example_dags/example_sla_dag.py
[2024-05-14 23:06:07,969] {processor.py:651} INFO - DAG(s) dict_keys(['example_sla_dag']) retrieved from /home/jithish/Documents/airflow-dag1/.venv/lib/python3.10/site-packages/airflow/example_dags/example_sla_dag.py
[2024-05-14 23:06:07,980] {logging_mixin.py:115} INFO - [2024-05-14 23:06:07,980] {dag.py:2379} INFO - Sync 1 DAGs
[2024-05-14 23:06:07,994] {logging_mixin.py:115} INFO - [2024-05-14 23:06:07,994] {dag.py:2923} INFO - Setting next_dagrun for example_sla_dag to 2024-05-14T15:04:00+00:00, run_after=2024-05-14T15:06:00+00:00
[2024-05-14 23:06:08,009] {processor.py:161} INFO - Processing /home/jithish/Documents/airflow-dag1/.venv/lib/python3.10/site-packages/airflow/example_dags/example_sla_dag.py took 0.122 seconds
[2024-05-14 23:06:37,174] {processor.py:153} INFO - Started process (PID=23314) to work on /home/jithish/Documents/airflow-dag1/.venv/lib/python3.10/site-packages/airflow/example_dags/example_sla_dag.py
[2024-05-14 23:06:37,235] {processor.py:641} INFO - Processing file /home/jithish/Documents/airflow-dag1/.venv/lib/python3.10/site-packages/airflow/example_dags/example_sla_dag.py for tasks to queue
[2024-05-14 23:06:37,237] {logging_mixin.py:115} INFO - [2024-05-14 23:06:37,236] {dagbag.py:507} INFO - Filling up the DagBag from /home/jithish/Documents/airflow-dag1/.venv/lib/python3.10/site-packages/airflow/example_dags/example_sla_dag.py
[2024-05-14 23:06:37,261] {processor.py:651} INFO - DAG(s) dict_keys(['example_sla_dag']) retrieved from /home/jithish/Documents/airflow-dag1/.venv/lib/python3.10/site-packages/airflow/example_dags/example_sla_dag.py
[2024-05-14 23:06:37,272] {logging_mixin.py:115} INFO - [2024-05-14 23:06:37,272] {dag.py:2379} INFO - Sync 1 DAGs
[2024-05-14 23:06:37,287] {logging_mixin.py:115} INFO - [2024-05-14 23:06:37,287] {dag.py:2923} INFO - Setting next_dagrun for example_sla_dag to 2024-05-14T15:04:00+00:00, run_after=2024-05-14T15:06:00+00:00
[2024-05-14 23:06:37,300] {processor.py:161} INFO - Processing /home/jithish/Documents/airflow-dag1/.venv/lib/python3.10/site-packages/airflow/example_dags/example_sla_dag.py took 0.133 seconds
[2024-05-14 23:07:12,783] {processor.py:153} INFO - Started process (PID=23819) to work on /home/jithish/Documents/airflow-dag1/.venv/lib/python3.10/site-packages/airflow/example_dags/example_sla_dag.py
[2024-05-14 23:07:12,844] {processor.py:641} INFO - Processing file /home/jithish/Documents/airflow-dag1/.venv/lib/python3.10/site-packages/airflow/example_dags/example_sla_dag.py for tasks to queue
[2024-05-14 23:07:12,845] {logging_mixin.py:115} INFO - [2024-05-14 23:07:12,845] {dagbag.py:507} INFO - Filling up the DagBag from /home/jithish/Documents/airflow-dag1/.venv/lib/python3.10/site-packages/airflow/example_dags/example_sla_dag.py
[2024-05-14 23:07:12,864] {processor.py:651} INFO - DAG(s) dict_keys(['example_sla_dag']) retrieved from /home/jithish/Documents/airflow-dag1/.venv/lib/python3.10/site-packages/airflow/example_dags/example_sla_dag.py
[2024-05-14 23:07:12,876] {logging_mixin.py:115} INFO - [2024-05-14 23:07:12,875] {dag.py:2379} INFO - Sync 1 DAGs
[2024-05-14 23:07:12,890] {logging_mixin.py:115} INFO - [2024-05-14 23:07:12,890] {dag.py:2923} INFO - Setting next_dagrun for example_sla_dag to 2024-05-14T15:04:00+00:00, run_after=2024-05-14T15:06:00+00:00
[2024-05-14 23:07:12,909] {processor.py:161} INFO - Processing /home/jithish/Documents/airflow-dag1/.venv/lib/python3.10/site-packages/airflow/example_dags/example_sla_dag.py took 0.133 seconds
[2024-05-14 23:07:47,000] {processor.py:153} INFO - Started process (PID=24190) to work on /home/jithish/Documents/airflow-dag1/.venv/lib/python3.10/site-packages/airflow/example_dags/example_sla_dag.py
[2024-05-14 23:07:47,063] {processor.py:641} INFO - Processing file /home/jithish/Documents/airflow-dag1/.venv/lib/python3.10/site-packages/airflow/example_dags/example_sla_dag.py for tasks to queue
[2024-05-14 23:07:47,064] {logging_mixin.py:115} INFO - [2024-05-14 23:07:47,064] {dagbag.py:507} INFO - Filling up the DagBag from /home/jithish/Documents/airflow-dag1/.venv/lib/python3.10/site-packages/airflow/example_dags/example_sla_dag.py
[2024-05-14 23:07:47,086] {processor.py:651} INFO - DAG(s) dict_keys(['example_sla_dag']) retrieved from /home/jithish/Documents/airflow-dag1/.venv/lib/python3.10/site-packages/airflow/example_dags/example_sla_dag.py
[2024-05-14 23:07:47,097] {logging_mixin.py:115} INFO - [2024-05-14 23:07:47,097] {dag.py:2379} INFO - Sync 1 DAGs
[2024-05-14 23:07:47,111] {logging_mixin.py:115} INFO - [2024-05-14 23:07:47,111] {dag.py:2923} INFO - Setting next_dagrun for example_sla_dag to 2024-05-14T15:04:00+00:00, run_after=2024-05-14T15:06:00+00:00
[2024-05-14 23:07:47,129] {processor.py:161} INFO - Processing /home/jithish/Documents/airflow-dag1/.venv/lib/python3.10/site-packages/airflow/example_dags/example_sla_dag.py took 0.137 seconds
