[2024-05-14 23:04:41,314] {processor.py:153} INFO - Started process (PID=21924) to work on /home/jithish/Documents/airflow-dag1/.venv/lib/python3.10/site-packages/airflow/example_dags/example_dag_decorator.py
[2024-05-14 23:04:41,314] {processor.py:641} INFO - Processing file /home/jithish/Documents/airflow-dag1/.venv/lib/python3.10/site-packages/airflow/example_dags/example_dag_decorator.py for tasks to queue
[2024-05-14 23:04:41,315] {logging_mixin.py:115} INFO - [2024-05-14 23:04:41,315] {dagbag.py:507} INFO - Filling up the DagBag from /home/jithish/Documents/airflow-dag1/.venv/lib/python3.10/site-packages/airflow/example_dags/example_dag_decorator.py
[2024-05-14 23:04:41,333] {processor.py:651} INFO - DAG(s) dict_keys(['example_dag_decorator']) retrieved from /home/jithish/Documents/airflow-dag1/.venv/lib/python3.10/site-packages/airflow/example_dags/example_dag_decorator.py
[2024-05-14 23:04:41,380] {logging_mixin.py:115} INFO - [2024-05-14 23:04:41,380] {manager.py:508} INFO - Created Permission View: can edit on DAG:example_dag_decorator
[2024-05-14 23:04:41,386] {logging_mixin.py:115} INFO - [2024-05-14 23:04:41,386] {manager.py:508} INFO - Created Permission View: can read on DAG:example_dag_decorator
[2024-05-14 23:04:41,392] {logging_mixin.py:115} INFO - [2024-05-14 23:04:41,392] {manager.py:508} INFO - Created Permission View: can delete on DAG:example_dag_decorator
[2024-05-14 23:04:41,392] {logging_mixin.py:115} INFO - [2024-05-14 23:04:41,392] {dag.py:2379} INFO - Sync 1 DAGs
[2024-05-14 23:04:41,396] {logging_mixin.py:115} INFO - [2024-05-14 23:04:41,396] {dag.py:2398} INFO - Creating ORM DAG for example_dag_decorator
[2024-05-14 23:04:41,401] {logging_mixin.py:115} INFO - [2024-05-14 23:04:41,401] {dag.py:2923} INFO - Setting next_dagrun for example_dag_decorator to None, run_after=None
[2024-05-14 23:04:41,411] {processor.py:161} INFO - Processing /home/jithish/Documents/airflow-dag1/.venv/lib/python3.10/site-packages/airflow/example_dags/example_dag_decorator.py took 0.100 seconds
[2024-05-14 23:05:15,475] {processor.py:153} INFO - Started process (PID=22306) to work on /home/jithish/Documents/airflow-dag1/.venv/lib/python3.10/site-packages/airflow/example_dags/example_dag_decorator.py
[2024-05-14 23:05:15,478] {processor.py:641} INFO - Processing file /home/jithish/Documents/airflow-dag1/.venv/lib/python3.10/site-packages/airflow/example_dags/example_dag_decorator.py for tasks to queue
[2024-05-14 23:05:15,478] {logging_mixin.py:115} INFO - [2024-05-14 23:05:15,478] {dagbag.py:507} INFO - Filling up the DagBag from /home/jithish/Documents/airflow-dag1/.venv/lib/python3.10/site-packages/airflow/example_dags/example_dag_decorator.py
[2024-05-14 23:05:15,503] {processor.py:651} INFO - DAG(s) dict_keys(['example_dag_decorator']) retrieved from /home/jithish/Documents/airflow-dag1/.venv/lib/python3.10/site-packages/airflow/example_dags/example_dag_decorator.py
[2024-05-14 23:05:15,552] {logging_mixin.py:115} INFO - [2024-05-14 23:05:15,552] {dag.py:2379} INFO - Sync 1 DAGs
[2024-05-14 23:05:15,571] {logging_mixin.py:115} INFO - [2024-05-14 23:05:15,571] {dag.py:2923} INFO - Setting next_dagrun for example_dag_decorator to None, run_after=None
[2024-05-14 23:05:15,589] {processor.py:161} INFO - Processing /home/jithish/Documents/airflow-dag1/.venv/lib/python3.10/site-packages/airflow/example_dags/example_dag_decorator.py took 0.117 seconds
[2024-05-14 23:05:49,797] {processor.py:153} INFO - Started process (PID=22683) to work on /home/jithish/Documents/airflow-dag1/.venv/lib/python3.10/site-packages/airflow/example_dags/example_dag_decorator.py
[2024-05-14 23:05:49,858] {processor.py:641} INFO - Processing file /home/jithish/Documents/airflow-dag1/.venv/lib/python3.10/site-packages/airflow/example_dags/example_dag_decorator.py for tasks to queue
[2024-05-14 23:05:49,859] {logging_mixin.py:115} INFO - [2024-05-14 23:05:49,859] {dagbag.py:507} INFO - Filling up the DagBag from /home/jithish/Documents/airflow-dag1/.venv/lib/python3.10/site-packages/airflow/example_dags/example_dag_decorator.py
[2024-05-14 23:05:49,896] {processor.py:651} INFO - DAG(s) dict_keys(['example_dag_decorator']) retrieved from /home/jithish/Documents/airflow-dag1/.venv/lib/python3.10/site-packages/airflow/example_dags/example_dag_decorator.py
[2024-05-14 23:05:49,910] {logging_mixin.py:115} INFO - [2024-05-14 23:05:49,910] {dag.py:2379} INFO - Sync 1 DAGs
[2024-05-14 23:05:49,925] {logging_mixin.py:115} INFO - [2024-05-14 23:05:49,925] {dag.py:2923} INFO - Setting next_dagrun for example_dag_decorator to None, run_after=None
[2024-05-14 23:05:49,939] {processor.py:161} INFO - Processing /home/jithish/Documents/airflow-dag1/.venv/lib/python3.10/site-packages/airflow/example_dags/example_dag_decorator.py took 0.148 seconds
[2024-05-14 23:06:55,338] {processor.py:153} INFO - Started process (PID=23583) to work on /home/jithish/Documents/airflow-dag1/.venv/lib/python3.10/site-packages/airflow/example_dags/example_dag_decorator.py
[2024-05-14 23:06:55,399] {processor.py:641} INFO - Processing file /home/jithish/Documents/airflow-dag1/.venv/lib/python3.10/site-packages/airflow/example_dags/example_dag_decorator.py for tasks to queue
[2024-05-14 23:06:55,400] {logging_mixin.py:115} INFO - [2024-05-14 23:06:55,399] {dagbag.py:507} INFO - Filling up the DagBag from /home/jithish/Documents/airflow-dag1/.venv/lib/python3.10/site-packages/airflow/example_dags/example_dag_decorator.py
[2024-05-14 23:06:55,429] {processor.py:651} INFO - DAG(s) dict_keys(['example_dag_decorator']) retrieved from /home/jithish/Documents/airflow-dag1/.venv/lib/python3.10/site-packages/airflow/example_dags/example_dag_decorator.py
[2024-05-14 23:06:55,464] {logging_mixin.py:115} INFO - [2024-05-14 23:06:55,464] {dag.py:2379} INFO - Sync 1 DAGs
[2024-05-14 23:06:55,475] {logging_mixin.py:115} INFO - [2024-05-14 23:06:55,475] {dag.py:2923} INFO - Setting next_dagrun for example_dag_decorator to None, run_after=None
[2024-05-14 23:06:55,489] {processor.py:161} INFO - Processing /home/jithish/Documents/airflow-dag1/.venv/lib/python3.10/site-packages/airflow/example_dags/example_dag_decorator.py took 0.154 seconds
[2024-05-14 23:07:29,714] {processor.py:153} INFO - Started process (PID=23973) to work on /home/jithish/Documents/airflow-dag1/.venv/lib/python3.10/site-packages/airflow/example_dags/example_dag_decorator.py
[2024-05-14 23:07:29,718] {processor.py:641} INFO - Processing file /home/jithish/Documents/airflow-dag1/.venv/lib/python3.10/site-packages/airflow/example_dags/example_dag_decorator.py for tasks to queue
[2024-05-14 23:07:29,719] {logging_mixin.py:115} INFO - [2024-05-14 23:07:29,718] {dagbag.py:507} INFO - Filling up the DagBag from /home/jithish/Documents/airflow-dag1/.venv/lib/python3.10/site-packages/airflow/example_dags/example_dag_decorator.py
[2024-05-14 23:07:29,739] {processor.py:651} INFO - DAG(s) dict_keys(['example_dag_decorator']) retrieved from /home/jithish/Documents/airflow-dag1/.venv/lib/python3.10/site-packages/airflow/example_dags/example_dag_decorator.py
[2024-05-14 23:07:29,779] {logging_mixin.py:115} INFO - [2024-05-14 23:07:29,779] {dag.py:2379} INFO - Sync 1 DAGs
[2024-05-14 23:07:29,792] {logging_mixin.py:115} INFO - [2024-05-14 23:07:29,792] {dag.py:2923} INFO - Setting next_dagrun for example_dag_decorator to None, run_after=None
[2024-05-14 23:07:29,805] {processor.py:161} INFO - Processing /home/jithish/Documents/airflow-dag1/.venv/lib/python3.10/site-packages/airflow/example_dags/example_dag_decorator.py took 0.093 seconds
