[2024-05-14 23:04:21,099] {processor.py:153} INFO - Started process (PID=21735) to work on /home/jithish/Documents/airflow-dag1/.venv/lib/python3.10/site-packages/airflow/example_dags/example_short_circuit_operator.py
[2024-05-14 23:04:21,100] {processor.py:641} INFO - Processing file /home/jithish/Documents/airflow-dag1/.venv/lib/python3.10/site-packages/airflow/example_dags/example_short_circuit_operator.py for tasks to queue
[2024-05-14 23:04:21,101] {logging_mixin.py:115} INFO - [2024-05-14 23:04:21,101] {dagbag.py:507} INFO - Filling up the DagBag from /home/jithish/Documents/airflow-dag1/.venv/lib/python3.10/site-packages/airflow/example_dags/example_short_circuit_operator.py
[2024-05-14 23:04:21,114] {processor.py:651} INFO - DAG(s) dict_keys(['example_short_circuit_operator']) retrieved from /home/jithish/Documents/airflow-dag1/.venv/lib/python3.10/site-packages/airflow/example_dags/example_short_circuit_operator.py
[2024-05-14 23:04:21,161] {logging_mixin.py:115} INFO - [2024-05-14 23:04:21,161] {manager.py:508} INFO - Created Permission View: can edit on DAG:example_short_circuit_operator
[2024-05-14 23:04:21,168] {logging_mixin.py:115} INFO - [2024-05-14 23:04:21,168] {manager.py:508} INFO - Created Permission View: can read on DAG:example_short_circuit_operator
[2024-05-14 23:04:21,173] {logging_mixin.py:115} INFO - [2024-05-14 23:04:21,173] {manager.py:508} INFO - Created Permission View: can delete on DAG:example_short_circuit_operator
[2024-05-14 23:04:21,173] {logging_mixin.py:115} INFO - [2024-05-14 23:04:21,173] {dag.py:2379} INFO - Sync 1 DAGs
[2024-05-14 23:04:21,179] {logging_mixin.py:115} INFO - [2024-05-14 23:04:21,179] {dag.py:2398} INFO - Creating ORM DAG for example_short_circuit_operator
[2024-05-14 23:04:21,185] {logging_mixin.py:115} INFO - [2024-05-14 23:04:21,185] {dag.py:2923} INFO - Setting next_dagrun for example_short_circuit_operator to 2024-05-13T15:04:21.185102+00:00, run_after=2024-05-14T15:04:21.185102+00:00
[2024-05-14 23:04:21,194] {processor.py:161} INFO - Processing /home/jithish/Documents/airflow-dag1/.venv/lib/python3.10/site-packages/airflow/example_dags/example_short_circuit_operator.py took 0.102 seconds
[2024-05-14 23:04:57,573] {processor.py:153} INFO - Started process (PID=22181) to work on /home/jithish/Documents/airflow-dag1/.venv/lib/python3.10/site-packages/airflow/example_dags/example_short_circuit_operator.py
[2024-05-14 23:04:57,573] {processor.py:641} INFO - Processing file /home/jithish/Documents/airflow-dag1/.venv/lib/python3.10/site-packages/airflow/example_dags/example_short_circuit_operator.py for tasks to queue
[2024-05-14 23:04:57,573] {logging_mixin.py:115} INFO - [2024-05-14 23:04:57,573] {dagbag.py:507} INFO - Filling up the DagBag from /home/jithish/Documents/airflow-dag1/.venv/lib/python3.10/site-packages/airflow/example_dags/example_short_circuit_operator.py
[2024-05-14 23:04:57,581] {processor.py:651} INFO - DAG(s) dict_keys(['example_short_circuit_operator']) retrieved from /home/jithish/Documents/airflow-dag1/.venv/lib/python3.10/site-packages/airflow/example_dags/example_short_circuit_operator.py
[2024-05-14 23:04:57,596] {logging_mixin.py:115} INFO - [2024-05-14 23:04:57,596] {dag.py:2379} INFO - Sync 1 DAGs
[2024-05-14 23:04:57,614] {logging_mixin.py:115} INFO - [2024-05-14 23:04:57,614] {dag.py:2923} INFO - Setting next_dagrun for example_short_circuit_operator to 2024-05-13T15:04:57.614114+00:00, run_after=2024-05-14T15:04:57.614114+00:00
[2024-05-14 23:04:57,626] {processor.py:161} INFO - Processing /home/jithish/Documents/airflow-dag1/.venv/lib/python3.10/site-packages/airflow/example_dags/example_short_circuit_operator.py took 0.055 seconds
[2024-05-14 23:05:32,362] {processor.py:153} INFO - Started process (PID=22543) to work on /home/jithish/Documents/airflow-dag1/.venv/lib/python3.10/site-packages/airflow/example_dags/example_short_circuit_operator.py
[2024-05-14 23:05:32,423] {processor.py:641} INFO - Processing file /home/jithish/Documents/airflow-dag1/.venv/lib/python3.10/site-packages/airflow/example_dags/example_short_circuit_operator.py for tasks to queue
[2024-05-14 23:05:32,425] {logging_mixin.py:115} INFO - [2024-05-14 23:05:32,424] {dagbag.py:507} INFO - Filling up the DagBag from /home/jithish/Documents/airflow-dag1/.venv/lib/python3.10/site-packages/airflow/example_dags/example_short_circuit_operator.py
[2024-05-14 23:05:32,453] {processor.py:651} INFO - DAG(s) dict_keys(['example_short_circuit_operator']) retrieved from /home/jithish/Documents/airflow-dag1/.venv/lib/python3.10/site-packages/airflow/example_dags/example_short_circuit_operator.py
[2024-05-14 23:05:32,477] {logging_mixin.py:115} INFO - [2024-05-14 23:05:32,477] {dag.py:2379} INFO - Sync 1 DAGs
[2024-05-14 23:05:32,498] {logging_mixin.py:115} INFO - [2024-05-14 23:05:32,498] {dag.py:2923} INFO - Setting next_dagrun for example_short_circuit_operator to 2024-05-13T15:05:32.497740+00:00, run_after=2024-05-14T15:05:32.497740+00:00
[2024-05-14 23:05:32,513] {processor.py:161} INFO - Processing /home/jithish/Documents/airflow-dag1/.venv/lib/python3.10/site-packages/airflow/example_dags/example_short_circuit_operator.py took 0.153 seconds
[2024-05-14 23:06:06,751] {processor.py:153} INFO - Started process (PID=22817) to work on /home/jithish/Documents/airflow-dag1/.venv/lib/python3.10/site-packages/airflow/example_dags/example_short_circuit_operator.py
[2024-05-14 23:06:06,751] {processor.py:641} INFO - Processing file /home/jithish/Documents/airflow-dag1/.venv/lib/python3.10/site-packages/airflow/example_dags/example_short_circuit_operator.py for tasks to queue
[2024-05-14 23:06:06,752] {logging_mixin.py:115} INFO - [2024-05-14 23:06:06,752] {dagbag.py:507} INFO - Filling up the DagBag from /home/jithish/Documents/airflow-dag1/.venv/lib/python3.10/site-packages/airflow/example_dags/example_short_circuit_operator.py
[2024-05-14 23:06:06,763] {processor.py:651} INFO - DAG(s) dict_keys(['example_short_circuit_operator']) retrieved from /home/jithish/Documents/airflow-dag1/.venv/lib/python3.10/site-packages/airflow/example_dags/example_short_circuit_operator.py
[2024-05-14 23:06:06,785] {logging_mixin.py:115} INFO - [2024-05-14 23:06:06,784] {dag.py:2379} INFO - Sync 1 DAGs
[2024-05-14 23:06:06,798] {logging_mixin.py:115} INFO - [2024-05-14 23:06:06,798] {dag.py:2923} INFO - Setting next_dagrun for example_short_circuit_operator to 2024-05-13T15:06:06.798340+00:00, run_after=2024-05-14T15:06:06.798340+00:00
[2024-05-14 23:06:06,808] {processor.py:161} INFO - Processing /home/jithish/Documents/airflow-dag1/.venv/lib/python3.10/site-packages/airflow/example_dags/example_short_circuit_operator.py took 0.060 seconds
[2024-05-14 23:06:35,995] {processor.py:153} INFO - Started process (PID=23289) to work on /home/jithish/Documents/airflow-dag1/.venv/lib/python3.10/site-packages/airflow/example_dags/example_short_circuit_operator.py
[2024-05-14 23:06:35,997] {processor.py:641} INFO - Processing file /home/jithish/Documents/airflow-dag1/.venv/lib/python3.10/site-packages/airflow/example_dags/example_short_circuit_operator.py for tasks to queue
[2024-05-14 23:06:35,998] {logging_mixin.py:115} INFO - [2024-05-14 23:06:35,998] {dagbag.py:507} INFO - Filling up the DagBag from /home/jithish/Documents/airflow-dag1/.venv/lib/python3.10/site-packages/airflow/example_dags/example_short_circuit_operator.py
[2024-05-14 23:06:36,005] {processor.py:651} INFO - DAG(s) dict_keys(['example_short_circuit_operator']) retrieved from /home/jithish/Documents/airflow-dag1/.venv/lib/python3.10/site-packages/airflow/example_dags/example_short_circuit_operator.py
[2024-05-14 23:06:36,021] {logging_mixin.py:115} INFO - [2024-05-14 23:06:36,021] {dag.py:2379} INFO - Sync 1 DAGs
[2024-05-14 23:06:36,035] {logging_mixin.py:115} INFO - [2024-05-14 23:06:36,035] {dag.py:2923} INFO - Setting next_dagrun for example_short_circuit_operator to 2024-05-13T15:06:36.035511+00:00, run_after=2024-05-14T15:06:36.035511+00:00
[2024-05-14 23:06:36,053] {processor.py:161} INFO - Processing /home/jithish/Documents/airflow-dag1/.venv/lib/python3.10/site-packages/airflow/example_dags/example_short_circuit_operator.py took 0.060 seconds
[2024-05-14 23:07:12,391] {processor.py:153} INFO - Started process (PID=23809) to work on /home/jithish/Documents/airflow-dag1/.venv/lib/python3.10/site-packages/airflow/example_dags/example_short_circuit_operator.py
[2024-05-14 23:07:12,452] {processor.py:641} INFO - Processing file /home/jithish/Documents/airflow-dag1/.venv/lib/python3.10/site-packages/airflow/example_dags/example_short_circuit_operator.py for tasks to queue
[2024-05-14 23:07:12,454] {logging_mixin.py:115} INFO - [2024-05-14 23:07:12,453] {dagbag.py:507} INFO - Filling up the DagBag from /home/jithish/Documents/airflow-dag1/.venv/lib/python3.10/site-packages/airflow/example_dags/example_short_circuit_operator.py
[2024-05-14 23:07:12,477] {processor.py:651} INFO - DAG(s) dict_keys(['example_short_circuit_operator']) retrieved from /home/jithish/Documents/airflow-dag1/.venv/lib/python3.10/site-packages/airflow/example_dags/example_short_circuit_operator.py
[2024-05-14 23:07:12,503] {logging_mixin.py:115} INFO - [2024-05-14 23:07:12,503] {dag.py:2379} INFO - Sync 1 DAGs
[2024-05-14 23:07:12,516] {logging_mixin.py:115} INFO - [2024-05-14 23:07:12,516] {dag.py:2923} INFO - Setting next_dagrun for example_short_circuit_operator to 2024-05-13T15:07:12.516000+00:00, run_after=2024-05-14T15:07:12.516000+00:00
[2024-05-14 23:07:12,532] {processor.py:161} INFO - Processing /home/jithish/Documents/airflow-dag1/.venv/lib/python3.10/site-packages/airflow/example_dags/example_short_circuit_operator.py took 0.142 seconds
[2024-05-14 23:07:46,691] {processor.py:153} INFO - Started process (PID=24189) to work on /home/jithish/Documents/airflow-dag1/.venv/lib/python3.10/site-packages/airflow/example_dags/example_short_circuit_operator.py
[2024-05-14 23:07:46,695] {processor.py:641} INFO - Processing file /home/jithish/Documents/airflow-dag1/.venv/lib/python3.10/site-packages/airflow/example_dags/example_short_circuit_operator.py for tasks to queue
[2024-05-14 23:07:46,696] {logging_mixin.py:115} INFO - [2024-05-14 23:07:46,696] {dagbag.py:507} INFO - Filling up the DagBag from /home/jithish/Documents/airflow-dag1/.venv/lib/python3.10/site-packages/airflow/example_dags/example_short_circuit_operator.py
[2024-05-14 23:07:46,715] {processor.py:651} INFO - DAG(s) dict_keys(['example_short_circuit_operator']) retrieved from /home/jithish/Documents/airflow-dag1/.venv/lib/python3.10/site-packages/airflow/example_dags/example_short_circuit_operator.py
[2024-05-14 23:07:46,733] {logging_mixin.py:115} INFO - [2024-05-14 23:07:46,733] {dag.py:2379} INFO - Sync 1 DAGs
[2024-05-14 23:07:46,750] {logging_mixin.py:115} INFO - [2024-05-14 23:07:46,750] {dag.py:2923} INFO - Setting next_dagrun for example_short_circuit_operator to 2024-05-13T15:07:46.750431+00:00, run_after=2024-05-14T15:07:46.750431+00:00
[2024-05-14 23:07:46,762] {processor.py:161} INFO - Processing /home/jithish/Documents/airflow-dag1/.venv/lib/python3.10/site-packages/airflow/example_dags/example_short_circuit_operator.py took 0.078 seconds
