[2024-05-14 23:04:28,841] {processor.py:153} INFO - Started process (PID=21816) to work on /home/jithish/Documents/airflow-dag1/.venv/lib/python3.10/site-packages/airflow/example_dags/example_python_operator.py
[2024-05-14 23:04:28,842] {processor.py:641} INFO - Processing file /home/jithish/Documents/airflow-dag1/.venv/lib/python3.10/site-packages/airflow/example_dags/example_python_operator.py for tasks to queue
[2024-05-14 23:04:28,843] {logging_mixin.py:115} INFO - [2024-05-14 23:04:28,843] {dagbag.py:507} INFO - Filling up the DagBag from /home/jithish/Documents/airflow-dag1/.venv/lib/python3.10/site-packages/airflow/example_dags/example_python_operator.py
[2024-05-14 23:04:28,872] {processor.py:651} INFO - DAG(s) dict_keys(['example_python_operator']) retrieved from /home/jithish/Documents/airflow-dag1/.venv/lib/python3.10/site-packages/airflow/example_dags/example_python_operator.py
[2024-05-14 23:04:28,990] {logging_mixin.py:115} INFO - [2024-05-14 23:04:28,989] {manager.py:508} INFO - Created Permission View: can edit on DAG:example_python_operator
[2024-05-14 23:04:29,012] {logging_mixin.py:115} INFO - [2024-05-14 23:04:29,011] {manager.py:508} INFO - Created Permission View: can read on DAG:example_python_operator
[2024-05-14 23:04:29,022] {logging_mixin.py:115} INFO - [2024-05-14 23:04:29,022] {manager.py:508} INFO - Created Permission View: can delete on DAG:example_python_operator
[2024-05-14 23:04:29,023] {logging_mixin.py:115} INFO - [2024-05-14 23:04:29,022] {dag.py:2379} INFO - Sync 1 DAGs
[2024-05-14 23:04:29,030] {logging_mixin.py:115} INFO - [2024-05-14 23:04:29,030] {dag.py:2398} INFO - Creating ORM DAG for example_python_operator
[2024-05-14 23:04:29,040] {logging_mixin.py:115} INFO - [2024-05-14 23:04:29,039] {dag.py:2923} INFO - Setting next_dagrun for example_python_operator to None, run_after=None
[2024-05-14 23:04:29,054] {processor.py:161} INFO - Processing /home/jithish/Documents/airflow-dag1/.venv/lib/python3.10/site-packages/airflow/example_dags/example_python_operator.py took 0.221 seconds
[2024-05-14 23:05:05,097] {processor.py:153} INFO - Started process (PID=22227) to work on /home/jithish/Documents/airflow-dag1/.venv/lib/python3.10/site-packages/airflow/example_dags/example_python_operator.py
[2024-05-14 23:05:05,158] {processor.py:641} INFO - Processing file /home/jithish/Documents/airflow-dag1/.venv/lib/python3.10/site-packages/airflow/example_dags/example_python_operator.py for tasks to queue
[2024-05-14 23:05:05,158] {logging_mixin.py:115} INFO - [2024-05-14 23:05:05,158] {dagbag.py:507} INFO - Filling up the DagBag from /home/jithish/Documents/airflow-dag1/.venv/lib/python3.10/site-packages/airflow/example_dags/example_python_operator.py
[2024-05-14 23:05:05,173] {processor.py:651} INFO - DAG(s) dict_keys(['example_python_operator']) retrieved from /home/jithish/Documents/airflow-dag1/.venv/lib/python3.10/site-packages/airflow/example_dags/example_python_operator.py
[2024-05-14 23:05:05,186] {logging_mixin.py:115} INFO - [2024-05-14 23:05:05,186] {dag.py:2379} INFO - Sync 1 DAGs
[2024-05-14 23:05:05,198] {logging_mixin.py:115} INFO - [2024-05-14 23:05:05,198] {dag.py:2923} INFO - Setting next_dagrun for example_python_operator to None, run_after=None
[2024-05-14 23:05:05,208] {processor.py:161} INFO - Processing /home/jithish/Documents/airflow-dag1/.venv/lib/python3.10/site-packages/airflow/example_dags/example_python_operator.py took 0.114 seconds
[2024-05-14 23:05:39,395] {processor.py:153} INFO - Started process (PID=22600) to work on /home/jithish/Documents/airflow-dag1/.venv/lib/python3.10/site-packages/airflow/example_dags/example_python_operator.py
[2024-05-14 23:05:39,455] {processor.py:641} INFO - Processing file /home/jithish/Documents/airflow-dag1/.venv/lib/python3.10/site-packages/airflow/example_dags/example_python_operator.py for tasks to queue
[2024-05-14 23:05:39,456] {logging_mixin.py:115} INFO - [2024-05-14 23:05:39,456] {dagbag.py:507} INFO - Filling up the DagBag from /home/jithish/Documents/airflow-dag1/.venv/lib/python3.10/site-packages/airflow/example_dags/example_python_operator.py
[2024-05-14 23:05:39,477] {processor.py:651} INFO - DAG(s) dict_keys(['example_python_operator']) retrieved from /home/jithish/Documents/airflow-dag1/.venv/lib/python3.10/site-packages/airflow/example_dags/example_python_operator.py
[2024-05-14 23:05:39,493] {logging_mixin.py:115} INFO - [2024-05-14 23:05:39,493] {dag.py:2379} INFO - Sync 1 DAGs
[2024-05-14 23:05:39,509] {logging_mixin.py:115} INFO - [2024-05-14 23:05:39,508] {dag.py:2923} INFO - Setting next_dagrun for example_python_operator to None, run_after=None
[2024-05-14 23:05:39,525] {processor.py:161} INFO - Processing /home/jithish/Documents/airflow-dag1/.venv/lib/python3.10/site-packages/airflow/example_dags/example_python_operator.py took 0.132 seconds
[2024-05-14 23:06:13,079] {processor.py:153} INFO - Started process (PID=22877) to work on /home/jithish/Documents/airflow-dag1/.venv/lib/python3.10/site-packages/airflow/example_dags/example_python_operator.py
[2024-05-14 23:06:13,142] {processor.py:641} INFO - Processing file /home/jithish/Documents/airflow-dag1/.venv/lib/python3.10/site-packages/airflow/example_dags/example_python_operator.py for tasks to queue
[2024-05-14 23:06:13,144] {logging_mixin.py:115} INFO - [2024-05-14 23:06:13,144] {dagbag.py:507} INFO - Filling up the DagBag from /home/jithish/Documents/airflow-dag1/.venv/lib/python3.10/site-packages/airflow/example_dags/example_python_operator.py
[2024-05-14 23:06:13,184] {processor.py:651} INFO - DAG(s) dict_keys(['example_python_operator']) retrieved from /home/jithish/Documents/airflow-dag1/.venv/lib/python3.10/site-packages/airflow/example_dags/example_python_operator.py
[2024-05-14 23:06:13,199] {logging_mixin.py:115} INFO - [2024-05-14 23:06:13,199] {dag.py:2379} INFO - Sync 1 DAGs
[2024-05-14 23:06:13,210] {logging_mixin.py:115} INFO - [2024-05-14 23:06:13,210] {dag.py:2923} INFO - Setting next_dagrun for example_python_operator to None, run_after=None
[2024-05-14 23:06:13,223] {processor.py:161} INFO - Processing /home/jithish/Documents/airflow-dag1/.venv/lib/python3.10/site-packages/airflow/example_dags/example_python_operator.py took 0.147 seconds
[2024-05-14 23:06:43,736] {processor.py:153} INFO - Started process (PID=23351) to work on /home/jithish/Documents/airflow-dag1/.venv/lib/python3.10/site-packages/airflow/example_dags/example_python_operator.py
[2024-05-14 23:06:43,797] {processor.py:641} INFO - Processing file /home/jithish/Documents/airflow-dag1/.venv/lib/python3.10/site-packages/airflow/example_dags/example_python_operator.py for tasks to queue
[2024-05-14 23:06:43,799] {logging_mixin.py:115} INFO - [2024-05-14 23:06:43,798] {dagbag.py:507} INFO - Filling up the DagBag from /home/jithish/Documents/airflow-dag1/.venv/lib/python3.10/site-packages/airflow/example_dags/example_python_operator.py
[2024-05-14 23:06:43,833] {processor.py:651} INFO - DAG(s) dict_keys(['example_python_operator']) retrieved from /home/jithish/Documents/airflow-dag1/.venv/lib/python3.10/site-packages/airflow/example_dags/example_python_operator.py
[2024-05-14 23:06:43,848] {logging_mixin.py:115} INFO - [2024-05-14 23:06:43,848] {dag.py:2379} INFO - Sync 1 DAGs
[2024-05-14 23:06:43,860] {logging_mixin.py:115} INFO - [2024-05-14 23:06:43,860] {dag.py:2923} INFO - Setting next_dagrun for example_python_operator to None, run_after=None
[2024-05-14 23:06:43,873] {processor.py:161} INFO - Processing /home/jithish/Documents/airflow-dag1/.venv/lib/python3.10/site-packages/airflow/example_dags/example_python_operator.py took 0.139 seconds
[2024-05-14 23:07:19,335] {processor.py:153} INFO - Started process (PID=23894) to work on /home/jithish/Documents/airflow-dag1/.venv/lib/python3.10/site-packages/airflow/example_dags/example_python_operator.py
[2024-05-14 23:07:19,361] {processor.py:641} INFO - Processing file /home/jithish/Documents/airflow-dag1/.venv/lib/python3.10/site-packages/airflow/example_dags/example_python_operator.py for tasks to queue
[2024-05-14 23:07:19,362] {logging_mixin.py:115} INFO - [2024-05-14 23:07:19,362] {dagbag.py:507} INFO - Filling up the DagBag from /home/jithish/Documents/airflow-dag1/.venv/lib/python3.10/site-packages/airflow/example_dags/example_python_operator.py
[2024-05-14 23:07:19,375] {processor.py:651} INFO - DAG(s) dict_keys(['example_python_operator']) retrieved from /home/jithish/Documents/airflow-dag1/.venv/lib/python3.10/site-packages/airflow/example_dags/example_python_operator.py
[2024-05-14 23:07:19,385] {logging_mixin.py:115} INFO - [2024-05-14 23:07:19,385] {dag.py:2379} INFO - Sync 1 DAGs
[2024-05-14 23:07:19,396] {logging_mixin.py:115} INFO - [2024-05-14 23:07:19,396] {dag.py:2923} INFO - Setting next_dagrun for example_python_operator to None, run_after=None
[2024-05-14 23:07:19,406] {processor.py:161} INFO - Processing /home/jithish/Documents/airflow-dag1/.venv/lib/python3.10/site-packages/airflow/example_dags/example_python_operator.py took 0.074 seconds
