[2024-05-14 23:04:13,498] {processor.py:153} INFO - Started process (PID=21593) to work on /home/jithish/Documents/airflow-dag1/.venv/lib/python3.10/site-packages/airflow/example_dags/example_task_group_decorator.py
[2024-05-14 23:04:13,498] {processor.py:641} INFO - Processing file /home/jithish/Documents/airflow-dag1/.venv/lib/python3.10/site-packages/airflow/example_dags/example_task_group_decorator.py for tasks to queue
[2024-05-14 23:04:13,499] {logging_mixin.py:115} INFO - [2024-05-14 23:04:13,499] {dagbag.py:507} INFO - Filling up the DagBag from /home/jithish/Documents/airflow-dag1/.venv/lib/python3.10/site-packages/airflow/example_dags/example_task_group_decorator.py
[2024-05-14 23:04:13,516] {processor.py:651} INFO - DAG(s) dict_keys(['example_task_group_decorator']) retrieved from /home/jithish/Documents/airflow-dag1/.venv/lib/python3.10/site-packages/airflow/example_dags/example_task_group_decorator.py
[2024-05-14 23:04:13,564] {logging_mixin.py:115} INFO - [2024-05-14 23:04:13,564] {manager.py:508} INFO - Created Permission View: can edit on DAG:example_task_group_decorator
[2024-05-14 23:04:13,574] {logging_mixin.py:115} INFO - [2024-05-14 23:04:13,574] {manager.py:508} INFO - Created Permission View: can read on DAG:example_task_group_decorator
[2024-05-14 23:04:13,580] {logging_mixin.py:115} INFO - [2024-05-14 23:04:13,580] {manager.py:508} INFO - Created Permission View: can delete on DAG:example_task_group_decorator
[2024-05-14 23:04:13,580] {logging_mixin.py:115} INFO - [2024-05-14 23:04:13,580] {dag.py:2379} INFO - Sync 1 DAGs
[2024-05-14 23:04:13,585] {logging_mixin.py:115} INFO - [2024-05-14 23:04:13,585] {dag.py:2398} INFO - Creating ORM DAG for example_task_group_decorator
[2024-05-14 23:04:13,591] {logging_mixin.py:115} INFO - [2024-05-14 23:04:13,591] {dag.py:2923} INFO - Setting next_dagrun for example_task_group_decorator to 2024-05-13T15:04:13.591420+00:00, run_after=2024-05-14T15:04:13.591420+00:00
[2024-05-14 23:04:13,601] {processor.py:161} INFO - Processing /home/jithish/Documents/airflow-dag1/.venv/lib/python3.10/site-packages/airflow/example_dags/example_task_group_decorator.py took 0.105 seconds
[2024-05-14 23:04:50,806] {processor.py:153} INFO - Started process (PID=22119) to work on /home/jithish/Documents/airflow-dag1/.venv/lib/python3.10/site-packages/airflow/example_dags/example_task_group_decorator.py
[2024-05-14 23:04:50,867] {processor.py:641} INFO - Processing file /home/jithish/Documents/airflow-dag1/.venv/lib/python3.10/site-packages/airflow/example_dags/example_task_group_decorator.py for tasks to queue
[2024-05-14 23:04:50,868] {logging_mixin.py:115} INFO - [2024-05-14 23:04:50,868] {dagbag.py:507} INFO - Filling up the DagBag from /home/jithish/Documents/airflow-dag1/.venv/lib/python3.10/site-packages/airflow/example_dags/example_task_group_decorator.py
[2024-05-14 23:04:50,910] {processor.py:651} INFO - DAG(s) dict_keys(['example_task_group_decorator']) retrieved from /home/jithish/Documents/airflow-dag1/.venv/lib/python3.10/site-packages/airflow/example_dags/example_task_group_decorator.py
[2024-05-14 23:04:50,941] {logging_mixin.py:115} INFO - [2024-05-14 23:04:50,941] {dag.py:2379} INFO - Sync 1 DAGs
[2024-05-14 23:04:50,952] {logging_mixin.py:115} INFO - [2024-05-14 23:04:50,952] {dag.py:2923} INFO - Setting next_dagrun for example_task_group_decorator to 2024-05-13T15:04:50.952192+00:00, run_after=2024-05-14T15:04:50.952192+00:00
[2024-05-14 23:04:50,966] {processor.py:161} INFO - Processing /home/jithish/Documents/airflow-dag1/.venv/lib/python3.10/site-packages/airflow/example_dags/example_task_group_decorator.py took 0.162 seconds
[2024-05-14 23:05:24,873] {processor.py:153} INFO - Started process (PID=22481) to work on /home/jithish/Documents/airflow-dag1/.venv/lib/python3.10/site-packages/airflow/example_dags/example_task_group_decorator.py
[2024-05-14 23:05:24,933] {processor.py:641} INFO - Processing file /home/jithish/Documents/airflow-dag1/.venv/lib/python3.10/site-packages/airflow/example_dags/example_task_group_decorator.py for tasks to queue
[2024-05-14 23:05:24,934] {logging_mixin.py:115} INFO - [2024-05-14 23:05:24,934] {dagbag.py:507} INFO - Filling up the DagBag from /home/jithish/Documents/airflow-dag1/.venv/lib/python3.10/site-packages/airflow/example_dags/example_task_group_decorator.py
[2024-05-14 23:05:24,971] {processor.py:651} INFO - DAG(s) dict_keys(['example_task_group_decorator']) retrieved from /home/jithish/Documents/airflow-dag1/.venv/lib/python3.10/site-packages/airflow/example_dags/example_task_group_decorator.py
[2024-05-14 23:05:25,009] {logging_mixin.py:115} INFO - [2024-05-14 23:05:25,009] {dag.py:2379} INFO - Sync 1 DAGs
[2024-05-14 23:05:25,022] {logging_mixin.py:115} INFO - [2024-05-14 23:05:25,022] {dag.py:2923} INFO - Setting next_dagrun for example_task_group_decorator to 2024-05-13T15:05:25.021727+00:00, run_after=2024-05-14T15:05:25.021727+00:00
[2024-05-14 23:05:25,037] {processor.py:161} INFO - Processing /home/jithish/Documents/airflow-dag1/.venv/lib/python3.10/site-packages/airflow/example_dags/example_task_group_decorator.py took 0.166 seconds
[2024-05-14 23:05:59,906] {processor.py:153} INFO - Started process (PID=22751) to work on /home/jithish/Documents/airflow-dag1/.venv/lib/python3.10/site-packages/airflow/example_dags/example_task_group_decorator.py
[2024-05-14 23:05:59,967] {processor.py:641} INFO - Processing file /home/jithish/Documents/airflow-dag1/.venv/lib/python3.10/site-packages/airflow/example_dags/example_task_group_decorator.py for tasks to queue
[2024-05-14 23:05:59,968] {logging_mixin.py:115} INFO - [2024-05-14 23:05:59,968] {dagbag.py:507} INFO - Filling up the DagBag from /home/jithish/Documents/airflow-dag1/.venv/lib/python3.10/site-packages/airflow/example_dags/example_task_group_decorator.py
[2024-05-14 23:06:00,000] {processor.py:651} INFO - DAG(s) dict_keys(['example_task_group_decorator']) retrieved from /home/jithish/Documents/airflow-dag1/.venv/lib/python3.10/site-packages/airflow/example_dags/example_task_group_decorator.py
[2024-05-14 23:06:00,016] {logging_mixin.py:115} INFO - [2024-05-14 23:06:00,015] {dag.py:2379} INFO - Sync 1 DAGs
[2024-05-14 23:06:00,032] {logging_mixin.py:115} INFO - [2024-05-14 23:06:00,032] {dag.py:2923} INFO - Setting next_dagrun for example_task_group_decorator to 2024-05-13T15:06:00.031980+00:00, run_after=2024-05-14T15:06:00.031980+00:00
[2024-05-14 23:06:00,053] {processor.py:161} INFO - Processing /home/jithish/Documents/airflow-dag1/.venv/lib/python3.10/site-packages/airflow/example_dags/example_task_group_decorator.py took 0.150 seconds
[2024-05-14 23:06:28,192] {processor.py:153} INFO - Started process (PID=23198) to work on /home/jithish/Documents/airflow-dag1/.venv/lib/python3.10/site-packages/airflow/example_dags/example_task_group_decorator.py
[2024-05-14 23:06:28,252] {processor.py:641} INFO - Processing file /home/jithish/Documents/airflow-dag1/.venv/lib/python3.10/site-packages/airflow/example_dags/example_task_group_decorator.py for tasks to queue
[2024-05-14 23:06:28,253] {logging_mixin.py:115} INFO - [2024-05-14 23:06:28,253] {dagbag.py:507} INFO - Filling up the DagBag from /home/jithish/Documents/airflow-dag1/.venv/lib/python3.10/site-packages/airflow/example_dags/example_task_group_decorator.py
[2024-05-14 23:06:28,286] {processor.py:651} INFO - DAG(s) dict_keys(['example_task_group_decorator']) retrieved from /home/jithish/Documents/airflow-dag1/.venv/lib/python3.10/site-packages/airflow/example_dags/example_task_group_decorator.py
[2024-05-14 23:06:28,346] {logging_mixin.py:115} INFO - [2024-05-14 23:06:28,345] {dag.py:2379} INFO - Sync 1 DAGs
[2024-05-14 23:06:28,367] {logging_mixin.py:115} INFO - [2024-05-14 23:06:28,367] {dag.py:2923} INFO - Setting next_dagrun for example_task_group_decorator to 2024-05-13T15:06:28.366817+00:00, run_after=2024-05-14T15:06:28.366817+00:00
[2024-05-14 23:06:28,447] {processor.py:161} INFO - Processing /home/jithish/Documents/airflow-dag1/.venv/lib/python3.10/site-packages/airflow/example_dags/example_task_group_decorator.py took 0.258 seconds
[2024-05-14 23:07:04,793] {processor.py:153} INFO - Started process (PID=23760) to work on /home/jithish/Documents/airflow-dag1/.venv/lib/python3.10/site-packages/airflow/example_dags/example_task_group_decorator.py
[2024-05-14 23:07:04,853] {processor.py:641} INFO - Processing file /home/jithish/Documents/airflow-dag1/.venv/lib/python3.10/site-packages/airflow/example_dags/example_task_group_decorator.py for tasks to queue
[2024-05-14 23:07:04,854] {logging_mixin.py:115} INFO - [2024-05-14 23:07:04,854] {dagbag.py:507} INFO - Filling up the DagBag from /home/jithish/Documents/airflow-dag1/.venv/lib/python3.10/site-packages/airflow/example_dags/example_task_group_decorator.py
[2024-05-14 23:07:04,877] {processor.py:651} INFO - DAG(s) dict_keys(['example_task_group_decorator']) retrieved from /home/jithish/Documents/airflow-dag1/.venv/lib/python3.10/site-packages/airflow/example_dags/example_task_group_decorator.py
[2024-05-14 23:07:04,928] {logging_mixin.py:115} INFO - [2024-05-14 23:07:04,928] {dag.py:2379} INFO - Sync 1 DAGs
[2024-05-14 23:07:04,943] {logging_mixin.py:115} INFO - [2024-05-14 23:07:04,943] {dag.py:2923} INFO - Setting next_dagrun for example_task_group_decorator to 2024-05-13T15:07:04.942950+00:00, run_after=2024-05-14T15:07:04.942950+00:00
[2024-05-14 23:07:04,963] {processor.py:161} INFO - Processing /home/jithish/Documents/airflow-dag1/.venv/lib/python3.10/site-packages/airflow/example_dags/example_task_group_decorator.py took 0.174 seconds
[2024-05-14 23:07:38,971] {processor.py:153} INFO - Started process (PID=24059) to work on /home/jithish/Documents/airflow-dag1/.venv/lib/python3.10/site-packages/airflow/example_dags/example_task_group_decorator.py
[2024-05-14 23:07:39,032] {processor.py:641} INFO - Processing file /home/jithish/Documents/airflow-dag1/.venv/lib/python3.10/site-packages/airflow/example_dags/example_task_group_decorator.py for tasks to queue
[2024-05-14 23:07:39,033] {logging_mixin.py:115} INFO - [2024-05-14 23:07:39,032] {dagbag.py:507} INFO - Filling up the DagBag from /home/jithish/Documents/airflow-dag1/.venv/lib/python3.10/site-packages/airflow/example_dags/example_task_group_decorator.py
[2024-05-14 23:07:39,060] {processor.py:651} INFO - DAG(s) dict_keys(['example_task_group_decorator']) retrieved from /home/jithish/Documents/airflow-dag1/.venv/lib/python3.10/site-packages/airflow/example_dags/example_task_group_decorator.py
[2024-05-14 23:07:39,117] {logging_mixin.py:115} INFO - [2024-05-14 23:07:39,116] {dag.py:2379} INFO - Sync 1 DAGs
[2024-05-14 23:07:39,128] {logging_mixin.py:115} INFO - [2024-05-14 23:07:39,128] {dag.py:2923} INFO - Setting next_dagrun for example_task_group_decorator to 2024-05-13T15:07:39.127813+00:00, run_after=2024-05-14T15:07:39.127813+00:00
[2024-05-14 23:07:39,144] {processor.py:161} INFO - Processing /home/jithish/Documents/airflow-dag1/.venv/lib/python3.10/site-packages/airflow/example_dags/example_task_group_decorator.py took 0.181 seconds
