[2024-05-14 23:04:30,163] {processor.py:153} INFO - Started process (PID=21834) to work on /home/jithish/Documents/airflow-dag1/.venv/lib/python3.10/site-packages/airflow/example_dags/example_nested_branch_dag.py
[2024-05-14 23:04:30,164] {processor.py:641} INFO - Processing file /home/jithish/Documents/airflow-dag1/.venv/lib/python3.10/site-packages/airflow/example_dags/example_nested_branch_dag.py for tasks to queue
[2024-05-14 23:04:30,164] {logging_mixin.py:115} INFO - [2024-05-14 23:04:30,164] {dagbag.py:507} INFO - Filling up the DagBag from /home/jithish/Documents/airflow-dag1/.venv/lib/python3.10/site-packages/airflow/example_dags/example_nested_branch_dag.py
[2024-05-14 23:04:30,176] {processor.py:651} INFO - DAG(s) dict_keys(['example_nested_branch_dag']) retrieved from /home/jithish/Documents/airflow-dag1/.venv/lib/python3.10/site-packages/airflow/example_dags/example_nested_branch_dag.py
[2024-05-14 23:04:30,231] {logging_mixin.py:115} INFO - [2024-05-14 23:04:30,231] {manager.py:508} INFO - Created Permission View: can edit on DAG:example_nested_branch_dag
[2024-05-14 23:04:30,238] {logging_mixin.py:115} INFO - [2024-05-14 23:04:30,238] {manager.py:508} INFO - Created Permission View: can read on DAG:example_nested_branch_dag
[2024-05-14 23:04:30,244] {logging_mixin.py:115} INFO - [2024-05-14 23:04:30,244] {manager.py:508} INFO - Created Permission View: can delete on DAG:example_nested_branch_dag
[2024-05-14 23:04:30,244] {logging_mixin.py:115} INFO - [2024-05-14 23:04:30,244] {dag.py:2379} INFO - Sync 1 DAGs
[2024-05-14 23:04:30,251] {logging_mixin.py:115} INFO - [2024-05-14 23:04:30,251] {dag.py:2398} INFO - Creating ORM DAG for example_nested_branch_dag
[2024-05-14 23:04:30,260] {logging_mixin.py:115} INFO - [2024-05-14 23:04:30,260] {dag.py:2923} INFO - Setting next_dagrun for example_nested_branch_dag to 2024-05-13T00:00:00+00:00, run_after=2024-05-14T00:00:00+00:00
[2024-05-14 23:04:30,273] {processor.py:161} INFO - Processing /home/jithish/Documents/airflow-dag1/.venv/lib/python3.10/site-packages/airflow/example_dags/example_nested_branch_dag.py took 0.112 seconds
[2024-05-14 23:05:06,324] {processor.py:153} INFO - Started process (PID=22235) to work on /home/jithish/Documents/airflow-dag1/.venv/lib/python3.10/site-packages/airflow/example_dags/example_nested_branch_dag.py
[2024-05-14 23:05:06,385] {processor.py:641} INFO - Processing file /home/jithish/Documents/airflow-dag1/.venv/lib/python3.10/site-packages/airflow/example_dags/example_nested_branch_dag.py for tasks to queue
[2024-05-14 23:05:06,386] {logging_mixin.py:115} INFO - [2024-05-14 23:05:06,386] {dagbag.py:507} INFO - Filling up the DagBag from /home/jithish/Documents/airflow-dag1/.venv/lib/python3.10/site-packages/airflow/example_dags/example_nested_branch_dag.py
[2024-05-14 23:05:06,396] {processor.py:651} INFO - DAG(s) dict_keys(['example_nested_branch_dag']) retrieved from /home/jithish/Documents/airflow-dag1/.venv/lib/python3.10/site-packages/airflow/example_dags/example_nested_branch_dag.py
[2024-05-14 23:05:06,409] {logging_mixin.py:115} INFO - [2024-05-14 23:05:06,409] {dag.py:2379} INFO - Sync 1 DAGs
[2024-05-14 23:05:06,424] {logging_mixin.py:115} INFO - [2024-05-14 23:05:06,424] {dag.py:2923} INFO - Setting next_dagrun for example_nested_branch_dag to 2024-05-13T00:00:00+00:00, run_after=2024-05-14T00:00:00+00:00
[2024-05-14 23:05:06,436] {processor.py:161} INFO - Processing /home/jithish/Documents/airflow-dag1/.venv/lib/python3.10/site-packages/airflow/example_dags/example_nested_branch_dag.py took 0.113 seconds
[2024-05-14 23:05:40,633] {processor.py:153} INFO - Started process (PID=22613) to work on /home/jithish/Documents/airflow-dag1/.venv/lib/python3.10/site-packages/airflow/example_dags/example_nested_branch_dag.py
[2024-05-14 23:05:40,689] {processor.py:641} INFO - Processing file /home/jithish/Documents/airflow-dag1/.venv/lib/python3.10/site-packages/airflow/example_dags/example_nested_branch_dag.py for tasks to queue
[2024-05-14 23:05:40,689] {logging_mixin.py:115} INFO - [2024-05-14 23:05:40,689] {dagbag.py:507} INFO - Filling up the DagBag from /home/jithish/Documents/airflow-dag1/.venv/lib/python3.10/site-packages/airflow/example_dags/example_nested_branch_dag.py
[2024-05-14 23:05:40,701] {processor.py:651} INFO - DAG(s) dict_keys(['example_nested_branch_dag']) retrieved from /home/jithish/Documents/airflow-dag1/.venv/lib/python3.10/site-packages/airflow/example_dags/example_nested_branch_dag.py
[2024-05-14 23:05:40,713] {logging_mixin.py:115} INFO - [2024-05-14 23:05:40,713] {dag.py:2379} INFO - Sync 1 DAGs
[2024-05-14 23:05:40,728] {logging_mixin.py:115} INFO - [2024-05-14 23:05:40,728] {dag.py:2923} INFO - Setting next_dagrun for example_nested_branch_dag to 2024-05-13T00:00:00+00:00, run_after=2024-05-14T00:00:00+00:00
[2024-05-14 23:05:40,741] {processor.py:161} INFO - Processing /home/jithish/Documents/airflow-dag1/.venv/lib/python3.10/site-packages/airflow/example_dags/example_nested_branch_dag.py took 0.111 seconds
[2024-05-14 23:06:14,307] {processor.py:153} INFO - Started process (PID=22903) to work on /home/jithish/Documents/airflow-dag1/.venv/lib/python3.10/site-packages/airflow/example_dags/example_nested_branch_dag.py
[2024-05-14 23:06:14,369] {processor.py:641} INFO - Processing file /home/jithish/Documents/airflow-dag1/.venv/lib/python3.10/site-packages/airflow/example_dags/example_nested_branch_dag.py for tasks to queue
[2024-05-14 23:06:14,370] {logging_mixin.py:115} INFO - [2024-05-14 23:06:14,370] {dagbag.py:507} INFO - Filling up the DagBag from /home/jithish/Documents/airflow-dag1/.venv/lib/python3.10/site-packages/airflow/example_dags/example_nested_branch_dag.py
[2024-05-14 23:06:14,394] {processor.py:651} INFO - DAG(s) dict_keys(['example_nested_branch_dag']) retrieved from /home/jithish/Documents/airflow-dag1/.venv/lib/python3.10/site-packages/airflow/example_dags/example_nested_branch_dag.py
[2024-05-14 23:06:14,412] {logging_mixin.py:115} INFO - [2024-05-14 23:06:14,412] {dag.py:2379} INFO - Sync 1 DAGs
[2024-05-14 23:06:14,428] {logging_mixin.py:115} INFO - [2024-05-14 23:06:14,428] {dag.py:2923} INFO - Setting next_dagrun for example_nested_branch_dag to 2024-05-13T00:00:00+00:00, run_after=2024-05-14T00:00:00+00:00
[2024-05-14 23:06:14,438] {processor.py:161} INFO - Processing /home/jithish/Documents/airflow-dag1/.venv/lib/python3.10/site-packages/airflow/example_dags/example_nested_branch_dag.py took 0.133 seconds
[2024-05-14 23:06:44,984] {processor.py:153} INFO - Started process (PID=23364) to work on /home/jithish/Documents/airflow-dag1/.venv/lib/python3.10/site-packages/airflow/example_dags/example_nested_branch_dag.py
[2024-05-14 23:06:45,045] {processor.py:641} INFO - Processing file /home/jithish/Documents/airflow-dag1/.venv/lib/python3.10/site-packages/airflow/example_dags/example_nested_branch_dag.py for tasks to queue
[2024-05-14 23:06:45,045] {logging_mixin.py:115} INFO - [2024-05-14 23:06:45,045] {dagbag.py:507} INFO - Filling up the DagBag from /home/jithish/Documents/airflow-dag1/.venv/lib/python3.10/site-packages/airflow/example_dags/example_nested_branch_dag.py
[2024-05-14 23:06:45,054] {processor.py:651} INFO - DAG(s) dict_keys(['example_nested_branch_dag']) retrieved from /home/jithish/Documents/airflow-dag1/.venv/lib/python3.10/site-packages/airflow/example_dags/example_nested_branch_dag.py
[2024-05-14 23:06:45,069] {logging_mixin.py:115} INFO - [2024-05-14 23:06:45,069] {dag.py:2379} INFO - Sync 1 DAGs
[2024-05-14 23:06:45,084] {logging_mixin.py:115} INFO - [2024-05-14 23:06:45,084] {dag.py:2923} INFO - Setting next_dagrun for example_nested_branch_dag to 2024-05-13T00:00:00+00:00, run_after=2024-05-14T00:00:00+00:00
[2024-05-14 23:06:45,096] {processor.py:161} INFO - Processing /home/jithish/Documents/airflow-dag1/.venv/lib/python3.10/site-packages/airflow/example_dags/example_nested_branch_dag.py took 0.114 seconds
[2024-05-14 23:07:20,470] {processor.py:153} INFO - Started process (PID=23895) to work on /home/jithish/Documents/airflow-dag1/.venv/lib/python3.10/site-packages/airflow/example_dags/example_nested_branch_dag.py
[2024-05-14 23:07:20,531] {processor.py:641} INFO - Processing file /home/jithish/Documents/airflow-dag1/.venv/lib/python3.10/site-packages/airflow/example_dags/example_nested_branch_dag.py for tasks to queue
[2024-05-14 23:07:20,532] {logging_mixin.py:115} INFO - [2024-05-14 23:07:20,532] {dagbag.py:507} INFO - Filling up the DagBag from /home/jithish/Documents/airflow-dag1/.venv/lib/python3.10/site-packages/airflow/example_dags/example_nested_branch_dag.py
[2024-05-14 23:07:20,540] {processor.py:651} INFO - DAG(s) dict_keys(['example_nested_branch_dag']) retrieved from /home/jithish/Documents/airflow-dag1/.venv/lib/python3.10/site-packages/airflow/example_dags/example_nested_branch_dag.py
[2024-05-14 23:07:20,551] {logging_mixin.py:115} INFO - [2024-05-14 23:07:20,551] {dag.py:2379} INFO - Sync 1 DAGs
[2024-05-14 23:07:20,565] {logging_mixin.py:115} INFO - [2024-05-14 23:07:20,564] {dag.py:2923} INFO - Setting next_dagrun for example_nested_branch_dag to 2024-05-13T00:00:00+00:00, run_after=2024-05-14T00:00:00+00:00
[2024-05-14 23:07:20,576] {processor.py:161} INFO - Processing /home/jithish/Documents/airflow-dag1/.venv/lib/python3.10/site-packages/airflow/example_dags/example_nested_branch_dag.py took 0.109 seconds
