[2024-05-14 23:04:47,096] {processor.py:153} INFO - Started process (PID=22060) to work on /home/jithish/Documents/airflow-dag1/.venv/lib/python3.10/site-packages/airflow/example_dags/example_branch_day_of_week_operator.py
[2024-05-14 23:04:47,096] {processor.py:641} INFO - Processing file /home/jithish/Documents/airflow-dag1/.venv/lib/python3.10/site-packages/airflow/example_dags/example_branch_day_of_week_operator.py for tasks to queue
[2024-05-14 23:04:47,097] {logging_mixin.py:115} INFO - [2024-05-14 23:04:47,097] {dagbag.py:507} INFO - Filling up the DagBag from /home/jithish/Documents/airflow-dag1/.venv/lib/python3.10/site-packages/airflow/example_dags/example_branch_day_of_week_operator.py
[2024-05-14 23:04:47,102] {processor.py:651} INFO - DAG(s) dict_keys(['example_weekday_branch_operator']) retrieved from /home/jithish/Documents/airflow-dag1/.venv/lib/python3.10/site-packages/airflow/example_dags/example_branch_day_of_week_operator.py
[2024-05-14 23:04:47,155] {logging_mixin.py:115} INFO - [2024-05-14 23:04:47,155] {manager.py:508} INFO - Created Permission View: can edit on DAG:example_weekday_branch_operator
[2024-05-14 23:04:47,165] {logging_mixin.py:115} INFO - [2024-05-14 23:04:47,165] {manager.py:508} INFO - Created Permission View: can read on DAG:example_weekday_branch_operator
[2024-05-14 23:04:47,171] {logging_mixin.py:115} INFO - [2024-05-14 23:04:47,171] {manager.py:508} INFO - Created Permission View: can delete on DAG:example_weekday_branch_operator
[2024-05-14 23:04:47,171] {logging_mixin.py:115} INFO - [2024-05-14 23:04:47,171] {dag.py:2379} INFO - Sync 1 DAGs
[2024-05-14 23:04:47,179] {logging_mixin.py:115} INFO - [2024-05-14 23:04:47,179] {dag.py:2398} INFO - Creating ORM DAG for example_weekday_branch_operator
[2024-05-14 23:04:47,189] {logging_mixin.py:115} INFO - [2024-05-14 23:04:47,189] {dag.py:2923} INFO - Setting next_dagrun for example_weekday_branch_operator to 2024-05-13T00:00:00+00:00, run_after=2024-05-14T00:00:00+00:00
[2024-05-14 23:04:47,203] {processor.py:161} INFO - Processing /home/jithish/Documents/airflow-dag1/.venv/lib/python3.10/site-packages/airflow/example_dags/example_branch_day_of_week_operator.py took 0.109 seconds
[2024-05-14 23:05:22,110] {processor.py:153} INFO - Started process (PID=22469) to work on /home/jithish/Documents/airflow-dag1/.venv/lib/python3.10/site-packages/airflow/example_dags/example_branch_day_of_week_operator.py
[2024-05-14 23:05:22,170] {processor.py:641} INFO - Processing file /home/jithish/Documents/airflow-dag1/.venv/lib/python3.10/site-packages/airflow/example_dags/example_branch_day_of_week_operator.py for tasks to queue
[2024-05-14 23:05:22,171] {logging_mixin.py:115} INFO - [2024-05-14 23:05:22,171] {dagbag.py:507} INFO - Filling up the DagBag from /home/jithish/Documents/airflow-dag1/.venv/lib/python3.10/site-packages/airflow/example_dags/example_branch_day_of_week_operator.py
[2024-05-14 23:05:22,177] {processor.py:651} INFO - DAG(s) dict_keys(['example_weekday_branch_operator']) retrieved from /home/jithish/Documents/airflow-dag1/.venv/lib/python3.10/site-packages/airflow/example_dags/example_branch_day_of_week_operator.py
[2024-05-14 23:05:22,190] {logging_mixin.py:115} INFO - [2024-05-14 23:05:22,190] {dag.py:2379} INFO - Sync 1 DAGs
[2024-05-14 23:05:22,203] {logging_mixin.py:115} INFO - [2024-05-14 23:05:22,203] {dag.py:2923} INFO - Setting next_dagrun for example_weekday_branch_operator to 2024-05-13T00:00:00+00:00, run_after=2024-05-14T00:00:00+00:00
[2024-05-14 23:05:22,214] {processor.py:161} INFO - Processing /home/jithish/Documents/airflow-dag1/.venv/lib/python3.10/site-packages/airflow/example_dags/example_branch_day_of_week_operator.py took 0.109 seconds
[2024-05-14 23:05:56,279] {processor.py:153} INFO - Started process (PID=22727) to work on /home/jithish/Documents/airflow-dag1/.venv/lib/python3.10/site-packages/airflow/example_dags/example_branch_day_of_week_operator.py
[2024-05-14 23:05:56,305] {processor.py:641} INFO - Processing file /home/jithish/Documents/airflow-dag1/.venv/lib/python3.10/site-packages/airflow/example_dags/example_branch_day_of_week_operator.py for tasks to queue
[2024-05-14 23:05:56,306] {logging_mixin.py:115} INFO - [2024-05-14 23:05:56,306] {dagbag.py:507} INFO - Filling up the DagBag from /home/jithish/Documents/airflow-dag1/.venv/lib/python3.10/site-packages/airflow/example_dags/example_branch_day_of_week_operator.py
[2024-05-14 23:05:56,316] {processor.py:651} INFO - DAG(s) dict_keys(['example_weekday_branch_operator']) retrieved from /home/jithish/Documents/airflow-dag1/.venv/lib/python3.10/site-packages/airflow/example_dags/example_branch_day_of_week_operator.py
[2024-05-14 23:05:56,333] {logging_mixin.py:115} INFO - [2024-05-14 23:05:56,333] {dag.py:2379} INFO - Sync 1 DAGs
[2024-05-14 23:05:56,351] {logging_mixin.py:115} INFO - [2024-05-14 23:05:56,351] {dag.py:2923} INFO - Setting next_dagrun for example_weekday_branch_operator to 2024-05-13T00:00:00+00:00, run_after=2024-05-14T00:00:00+00:00
[2024-05-14 23:05:56,364] {processor.py:161} INFO - Processing /home/jithish/Documents/airflow-dag1/.venv/lib/python3.10/site-packages/airflow/example_dags/example_branch_day_of_week_operator.py took 0.089 seconds
[2024-05-14 23:07:01,793] {processor.py:153} INFO - Started process (PID=23709) to work on /home/jithish/Documents/airflow-dag1/.venv/lib/python3.10/site-packages/airflow/example_dags/example_branch_day_of_week_operator.py
[2024-05-14 23:07:01,793] {processor.py:641} INFO - Processing file /home/jithish/Documents/airflow-dag1/.venv/lib/python3.10/site-packages/airflow/example_dags/example_branch_day_of_week_operator.py for tasks to queue
[2024-05-14 23:07:01,794] {logging_mixin.py:115} INFO - [2024-05-14 23:07:01,794] {dagbag.py:507} INFO - Filling up the DagBag from /home/jithish/Documents/airflow-dag1/.venv/lib/python3.10/site-packages/airflow/example_dags/example_branch_day_of_week_operator.py
[2024-05-14 23:07:01,800] {processor.py:651} INFO - DAG(s) dict_keys(['example_weekday_branch_operator']) retrieved from /home/jithish/Documents/airflow-dag1/.venv/lib/python3.10/site-packages/airflow/example_dags/example_branch_day_of_week_operator.py
[2024-05-14 23:07:01,811] {logging_mixin.py:115} INFO - [2024-05-14 23:07:01,811] {dag.py:2379} INFO - Sync 1 DAGs
[2024-05-14 23:07:01,825] {logging_mixin.py:115} INFO - [2024-05-14 23:07:01,825] {dag.py:2923} INFO - Setting next_dagrun for example_weekday_branch_operator to 2024-05-13T00:00:00+00:00, run_after=2024-05-14T00:00:00+00:00
[2024-05-14 23:07:01,834] {processor.py:161} INFO - Processing /home/jithish/Documents/airflow-dag1/.venv/lib/python3.10/site-packages/airflow/example_dags/example_branch_day_of_week_operator.py took 0.044 seconds
[2024-05-14 23:07:36,201] {processor.py:153} INFO - Started process (PID=24046) to work on /home/jithish/Documents/airflow-dag1/.venv/lib/python3.10/site-packages/airflow/example_dags/example_branch_day_of_week_operator.py
[2024-05-14 23:07:36,263] {processor.py:641} INFO - Processing file /home/jithish/Documents/airflow-dag1/.venv/lib/python3.10/site-packages/airflow/example_dags/example_branch_day_of_week_operator.py for tasks to queue
[2024-05-14 23:07:36,265] {logging_mixin.py:115} INFO - [2024-05-14 23:07:36,264] {dagbag.py:507} INFO - Filling up the DagBag from /home/jithish/Documents/airflow-dag1/.venv/lib/python3.10/site-packages/airflow/example_dags/example_branch_day_of_week_operator.py
[2024-05-14 23:07:36,288] {processor.py:651} INFO - DAG(s) dict_keys(['example_weekday_branch_operator']) retrieved from /home/jithish/Documents/airflow-dag1/.venv/lib/python3.10/site-packages/airflow/example_dags/example_branch_day_of_week_operator.py
[2024-05-14 23:07:36,311] {logging_mixin.py:115} INFO - [2024-05-14 23:07:36,311] {dag.py:2379} INFO - Sync 1 DAGs
[2024-05-14 23:07:36,326] {logging_mixin.py:115} INFO - [2024-05-14 23:07:36,325] {dag.py:2923} INFO - Setting next_dagrun for example_weekday_branch_operator to 2024-05-13T00:00:00+00:00, run_after=2024-05-14T00:00:00+00:00
[2024-05-14 23:07:36,340] {processor.py:161} INFO - Processing /home/jithish/Documents/airflow-dag1/.venv/lib/python3.10/site-packages/airflow/example_dags/example_branch_day_of_week_operator.py took 0.144 seconds
