[2024-05-14 23:04:40,337] {processor.py:153} INFO - Started process (PID=21913) to work on /home/jithish/Documents/airflow-dag1/.venv/lib/python3.10/site-packages/airflow/example_dags/example_branch_operator_decorator.py
[2024-05-14 23:04:40,338] {processor.py:641} INFO - Processing file /home/jithish/Documents/airflow-dag1/.venv/lib/python3.10/site-packages/airflow/example_dags/example_branch_operator_decorator.py for tasks to queue
[2024-05-14 23:04:40,340] {logging_mixin.py:115} INFO - [2024-05-14 23:04:40,340] {dagbag.py:507} INFO - Filling up the DagBag from /home/jithish/Documents/airflow-dag1/.venv/lib/python3.10/site-packages/airflow/example_dags/example_branch_operator_decorator.py
[2024-05-14 23:04:40,371] {processor.py:651} INFO - DAG(s) dict_keys(['example_branch_python_operator_decorator']) retrieved from /home/jithish/Documents/airflow-dag1/.venv/lib/python3.10/site-packages/airflow/example_dags/example_branch_operator_decorator.py
[2024-05-14 23:04:40,495] {logging_mixin.py:115} INFO - [2024-05-14 23:04:40,495] {manager.py:508} INFO - Created Permission View: can edit on DAG:example_branch_python_operator_decorator
[2024-05-14 23:04:40,511] {logging_mixin.py:115} INFO - [2024-05-14 23:04:40,510] {manager.py:508} INFO - Created Permission View: can read on DAG:example_branch_python_operator_decorator
[2024-05-14 23:04:40,521] {logging_mixin.py:115} INFO - [2024-05-14 23:04:40,521] {manager.py:508} INFO - Created Permission View: can delete on DAG:example_branch_python_operator_decorator
[2024-05-14 23:04:40,521] {logging_mixin.py:115} INFO - [2024-05-14 23:04:40,521] {dag.py:2379} INFO - Sync 1 DAGs
[2024-05-14 23:04:40,534] {logging_mixin.py:115} INFO - [2024-05-14 23:04:40,534] {dag.py:2398} INFO - Creating ORM DAG for example_branch_python_operator_decorator
[2024-05-14 23:04:40,546] {logging_mixin.py:115} INFO - [2024-05-14 23:04:40,546] {dag.py:2923} INFO - Setting next_dagrun for example_branch_python_operator_decorator to 2024-05-13T00:00:00+00:00, run_after=2024-05-14T00:00:00+00:00
[2024-05-14 23:04:40,564] {processor.py:161} INFO - Processing /home/jithish/Documents/airflow-dag1/.venv/lib/python3.10/site-packages/airflow/example_dags/example_branch_operator_decorator.py took 0.235 seconds
[2024-05-14 23:05:14,346] {processor.py:153} INFO - Started process (PID=22290) to work on /home/jithish/Documents/airflow-dag1/.venv/lib/python3.10/site-packages/airflow/example_dags/example_branch_operator_decorator.py
[2024-05-14 23:05:14,347] {processor.py:641} INFO - Processing file /home/jithish/Documents/airflow-dag1/.venv/lib/python3.10/site-packages/airflow/example_dags/example_branch_operator_decorator.py for tasks to queue
[2024-05-14 23:05:14,347] {logging_mixin.py:115} INFO - [2024-05-14 23:05:14,347] {dagbag.py:507} INFO - Filling up the DagBag from /home/jithish/Documents/airflow-dag1/.venv/lib/python3.10/site-packages/airflow/example_dags/example_branch_operator_decorator.py
[2024-05-14 23:05:14,363] {processor.py:651} INFO - DAG(s) dict_keys(['example_branch_python_operator_decorator']) retrieved from /home/jithish/Documents/airflow-dag1/.venv/lib/python3.10/site-packages/airflow/example_dags/example_branch_operator_decorator.py
[2024-05-14 23:05:14,378] {logging_mixin.py:115} INFO - [2024-05-14 23:05:14,378] {dag.py:2379} INFO - Sync 1 DAGs
[2024-05-14 23:05:14,393] {logging_mixin.py:115} INFO - [2024-05-14 23:05:14,393] {dag.py:2923} INFO - Setting next_dagrun for example_branch_python_operator_decorator to 2024-05-13T00:00:00+00:00, run_after=2024-05-14T00:00:00+00:00
[2024-05-14 23:05:14,405] {processor.py:161} INFO - Processing /home/jithish/Documents/airflow-dag1/.venv/lib/python3.10/site-packages/airflow/example_dags/example_branch_operator_decorator.py took 0.062 seconds
[2024-05-14 23:05:49,308] {processor.py:153} INFO - Started process (PID=22673) to work on /home/jithish/Documents/airflow-dag1/.venv/lib/python3.10/site-packages/airflow/example_dags/example_branch_operator_decorator.py
[2024-05-14 23:05:49,369] {processor.py:641} INFO - Processing file /home/jithish/Documents/airflow-dag1/.venv/lib/python3.10/site-packages/airflow/example_dags/example_branch_operator_decorator.py for tasks to queue
[2024-05-14 23:05:49,370] {logging_mixin.py:115} INFO - [2024-05-14 23:05:49,369] {dagbag.py:507} INFO - Filling up the DagBag from /home/jithish/Documents/airflow-dag1/.venv/lib/python3.10/site-packages/airflow/example_dags/example_branch_operator_decorator.py
[2024-05-14 23:05:49,392] {processor.py:651} INFO - DAG(s) dict_keys(['example_branch_python_operator_decorator']) retrieved from /home/jithish/Documents/airflow-dag1/.venv/lib/python3.10/site-packages/airflow/example_dags/example_branch_operator_decorator.py
[2024-05-14 23:05:49,406] {logging_mixin.py:115} INFO - [2024-05-14 23:05:49,406] {dag.py:2379} INFO - Sync 1 DAGs
[2024-05-14 23:05:49,420] {logging_mixin.py:115} INFO - [2024-05-14 23:05:49,420] {dag.py:2923} INFO - Setting next_dagrun for example_branch_python_operator_decorator to 2024-05-13T00:00:00+00:00, run_after=2024-05-14T00:00:00+00:00
[2024-05-14 23:05:49,434] {processor.py:161} INFO - Processing /home/jithish/Documents/airflow-dag1/.venv/lib/python3.10/site-packages/airflow/example_dags/example_branch_operator_decorator.py took 0.131 seconds
[2024-05-14 23:06:54,098] {processor.py:153} INFO - Started process (PID=23574) to work on /home/jithish/Documents/airflow-dag1/.venv/lib/python3.10/site-packages/airflow/example_dags/example_branch_operator_decorator.py
[2024-05-14 23:06:54,159] {processor.py:641} INFO - Processing file /home/jithish/Documents/airflow-dag1/.venv/lib/python3.10/site-packages/airflow/example_dags/example_branch_operator_decorator.py for tasks to queue
[2024-05-14 23:06:54,160] {logging_mixin.py:115} INFO - [2024-05-14 23:06:54,160] {dagbag.py:507} INFO - Filling up the DagBag from /home/jithish/Documents/airflow-dag1/.venv/lib/python3.10/site-packages/airflow/example_dags/example_branch_operator_decorator.py
[2024-05-14 23:06:54,193] {processor.py:651} INFO - DAG(s) dict_keys(['example_branch_python_operator_decorator']) retrieved from /home/jithish/Documents/airflow-dag1/.venv/lib/python3.10/site-packages/airflow/example_dags/example_branch_operator_decorator.py
[2024-05-14 23:06:54,208] {logging_mixin.py:115} INFO - [2024-05-14 23:06:54,208] {dag.py:2379} INFO - Sync 1 DAGs
[2024-05-14 23:06:54,220] {logging_mixin.py:115} INFO - [2024-05-14 23:06:54,220] {dag.py:2923} INFO - Setting next_dagrun for example_branch_python_operator_decorator to 2024-05-13T00:00:00+00:00, run_after=2024-05-14T00:00:00+00:00
[2024-05-14 23:06:54,233] {processor.py:161} INFO - Processing /home/jithish/Documents/airflow-dag1/.venv/lib/python3.10/site-packages/airflow/example_dags/example_branch_operator_decorator.py took 0.137 seconds
[2024-05-14 23:07:28,574] {processor.py:153} INFO - Started process (PID=23961) to work on /home/jithish/Documents/airflow-dag1/.venv/lib/python3.10/site-packages/airflow/example_dags/example_branch_operator_decorator.py
[2024-05-14 23:07:28,575] {processor.py:641} INFO - Processing file /home/jithish/Documents/airflow-dag1/.venv/lib/python3.10/site-packages/airflow/example_dags/example_branch_operator_decorator.py for tasks to queue
[2024-05-14 23:07:28,575] {logging_mixin.py:115} INFO - [2024-05-14 23:07:28,575] {dagbag.py:507} INFO - Filling up the DagBag from /home/jithish/Documents/airflow-dag1/.venv/lib/python3.10/site-packages/airflow/example_dags/example_branch_operator_decorator.py
[2024-05-14 23:07:28,587] {processor.py:651} INFO - DAG(s) dict_keys(['example_branch_python_operator_decorator']) retrieved from /home/jithish/Documents/airflow-dag1/.venv/lib/python3.10/site-packages/airflow/example_dags/example_branch_operator_decorator.py
[2024-05-14 23:07:28,600] {logging_mixin.py:115} INFO - [2024-05-14 23:07:28,599] {dag.py:2379} INFO - Sync 1 DAGs
[2024-05-14 23:07:28,612] {logging_mixin.py:115} INFO - [2024-05-14 23:07:28,612] {dag.py:2923} INFO - Setting next_dagrun for example_branch_python_operator_decorator to 2024-05-13T00:00:00+00:00, run_after=2024-05-14T00:00:00+00:00
[2024-05-14 23:07:28,622] {processor.py:161} INFO - Processing /home/jithish/Documents/airflow-dag1/.venv/lib/python3.10/site-packages/airflow/example_dags/example_branch_operator_decorator.py took 0.050 seconds
