[2024-05-14 23:04:41,968] {processor.py:153} INFO - Started process (PID=21926) to work on /home/jithish/Documents/airflow-dag1/.venv/lib/python3.10/site-packages/airflow/example_dags/example_branch_operator.py
[2024-05-14 23:04:41,968] {processor.py:641} INFO - Processing file /home/jithish/Documents/airflow-dag1/.venv/lib/python3.10/site-packages/airflow/example_dags/example_branch_operator.py for tasks to queue
[2024-05-14 23:04:41,969] {logging_mixin.py:115} INFO - [2024-05-14 23:04:41,969] {dagbag.py:507} INFO - Filling up the DagBag from /home/jithish/Documents/airflow-dag1/.venv/lib/python3.10/site-packages/airflow/example_dags/example_branch_operator.py
[2024-05-14 23:04:41,981] {processor.py:651} INFO - DAG(s) dict_keys(['example_branch_operator']) retrieved from /home/jithish/Documents/airflow-dag1/.venv/lib/python3.10/site-packages/airflow/example_dags/example_branch_operator.py
[2024-05-14 23:04:42,046] {logging_mixin.py:115} INFO - [2024-05-14 23:04:42,046] {manager.py:508} INFO - Created Permission View: can edit on DAG:example_branch_operator
[2024-05-14 23:04:42,054] {logging_mixin.py:115} INFO - [2024-05-14 23:04:42,054] {manager.py:508} INFO - Created Permission View: can read on DAG:example_branch_operator
[2024-05-14 23:04:42,060] {logging_mixin.py:115} INFO - [2024-05-14 23:04:42,060] {manager.py:508} INFO - Created Permission View: can delete on DAG:example_branch_operator
[2024-05-14 23:04:42,060] {logging_mixin.py:115} INFO - [2024-05-14 23:04:42,060] {dag.py:2379} INFO - Sync 1 DAGs
[2024-05-14 23:04:42,066] {logging_mixin.py:115} INFO - [2024-05-14 23:04:42,066] {dag.py:2398} INFO - Creating ORM DAG for example_branch_operator
[2024-05-14 23:04:42,076] {logging_mixin.py:115} INFO - [2024-05-14 23:04:42,076] {dag.py:2923} INFO - Setting next_dagrun for example_branch_operator to 2024-05-13T00:00:00+00:00, run_after=2024-05-14T00:00:00+00:00
[2024-05-14 23:04:42,089] {processor.py:161} INFO - Processing /home/jithish/Documents/airflow-dag1/.venv/lib/python3.10/site-packages/airflow/example_dags/example_branch_operator.py took 0.124 seconds
[2024-05-14 23:05:17,950] {processor.py:153} INFO - Started process (PID=22431) to work on /home/jithish/Documents/airflow-dag1/.venv/lib/python3.10/site-packages/airflow/example_dags/example_branch_operator.py
[2024-05-14 23:05:18,011] {processor.py:641} INFO - Processing file /home/jithish/Documents/airflow-dag1/.venv/lib/python3.10/site-packages/airflow/example_dags/example_branch_operator.py for tasks to queue
[2024-05-14 23:05:18,013] {logging_mixin.py:115} INFO - [2024-05-14 23:05:18,013] {dagbag.py:507} INFO - Filling up the DagBag from /home/jithish/Documents/airflow-dag1/.venv/lib/python3.10/site-packages/airflow/example_dags/example_branch_operator.py
[2024-05-14 23:05:18,039] {processor.py:651} INFO - DAG(s) dict_keys(['example_branch_operator']) retrieved from /home/jithish/Documents/airflow-dag1/.venv/lib/python3.10/site-packages/airflow/example_dags/example_branch_operator.py
[2024-05-14 23:05:18,055] {logging_mixin.py:115} INFO - [2024-05-14 23:05:18,055] {dag.py:2379} INFO - Sync 1 DAGs
[2024-05-14 23:05:18,070] {logging_mixin.py:115} INFO - [2024-05-14 23:05:18,070] {dag.py:2923} INFO - Setting next_dagrun for example_branch_operator to 2024-05-13T00:00:00+00:00, run_after=2024-05-14T00:00:00+00:00
[2024-05-14 23:05:18,081] {processor.py:161} INFO - Processing /home/jithish/Documents/airflow-dag1/.venv/lib/python3.10/site-packages/airflow/example_dags/example_branch_operator.py took 0.138 seconds
[2024-05-14 23:05:52,162] {processor.py:153} INFO - Started process (PID=22704) to work on /home/jithish/Documents/airflow-dag1/.venv/lib/python3.10/site-packages/airflow/example_dags/example_branch_operator.py
[2024-05-14 23:05:52,222] {processor.py:641} INFO - Processing file /home/jithish/Documents/airflow-dag1/.venv/lib/python3.10/site-packages/airflow/example_dags/example_branch_operator.py for tasks to queue
[2024-05-14 23:05:52,222] {logging_mixin.py:115} INFO - [2024-05-14 23:05:52,222] {dagbag.py:507} INFO - Filling up the DagBag from /home/jithish/Documents/airflow-dag1/.venv/lib/python3.10/site-packages/airflow/example_dags/example_branch_operator.py
[2024-05-14 23:05:52,230] {processor.py:651} INFO - DAG(s) dict_keys(['example_branch_operator']) retrieved from /home/jithish/Documents/airflow-dag1/.venv/lib/python3.10/site-packages/airflow/example_dags/example_branch_operator.py
[2024-05-14 23:05:52,243] {logging_mixin.py:115} INFO - [2024-05-14 23:05:52,243] {dag.py:2379} INFO - Sync 1 DAGs
[2024-05-14 23:05:52,257] {logging_mixin.py:115} INFO - [2024-05-14 23:05:52,256] {dag.py:2923} INFO - Setting next_dagrun for example_branch_operator to 2024-05-13T00:00:00+00:00, run_after=2024-05-14T00:00:00+00:00
[2024-05-14 23:05:52,269] {processor.py:161} INFO - Processing /home/jithish/Documents/airflow-dag1/.venv/lib/python3.10/site-packages/airflow/example_dags/example_branch_operator.py took 0.110 seconds
[2024-05-14 23:06:56,964] {processor.py:153} INFO - Started process (PID=23617) to work on /home/jithish/Documents/airflow-dag1/.venv/lib/python3.10/site-packages/airflow/example_dags/example_branch_operator.py
[2024-05-14 23:06:57,025] {processor.py:641} INFO - Processing file /home/jithish/Documents/airflow-dag1/.venv/lib/python3.10/site-packages/airflow/example_dags/example_branch_operator.py for tasks to queue
[2024-05-14 23:06:57,026] {logging_mixin.py:115} INFO - [2024-05-14 23:06:57,025] {dagbag.py:507} INFO - Filling up the DagBag from /home/jithish/Documents/airflow-dag1/.venv/lib/python3.10/site-packages/airflow/example_dags/example_branch_operator.py
[2024-05-14 23:06:57,034] {processor.py:651} INFO - DAG(s) dict_keys(['example_branch_operator']) retrieved from /home/jithish/Documents/airflow-dag1/.venv/lib/python3.10/site-packages/airflow/example_dags/example_branch_operator.py
[2024-05-14 23:06:57,050] {logging_mixin.py:115} INFO - [2024-05-14 23:06:57,050] {dag.py:2379} INFO - Sync 1 DAGs
[2024-05-14 23:06:57,067] {logging_mixin.py:115} INFO - [2024-05-14 23:06:57,067] {dag.py:2923} INFO - Setting next_dagrun for example_branch_operator to 2024-05-13T00:00:00+00:00, run_after=2024-05-14T00:00:00+00:00
[2024-05-14 23:06:57,082] {processor.py:161} INFO - Processing /home/jithish/Documents/airflow-dag1/.venv/lib/python3.10/site-packages/airflow/example_dags/example_branch_operator.py took 0.120 seconds
[2024-05-14 23:07:31,974] {processor.py:153} INFO - Started process (PID=24008) to work on /home/jithish/Documents/airflow-dag1/.venv/lib/python3.10/site-packages/airflow/example_dags/example_branch_operator.py
[2024-05-14 23:07:32,035] {processor.py:641} INFO - Processing file /home/jithish/Documents/airflow-dag1/.venv/lib/python3.10/site-packages/airflow/example_dags/example_branch_operator.py for tasks to queue
[2024-05-14 23:07:32,037] {logging_mixin.py:115} INFO - [2024-05-14 23:07:32,036] {dagbag.py:507} INFO - Filling up the DagBag from /home/jithish/Documents/airflow-dag1/.venv/lib/python3.10/site-packages/airflow/example_dags/example_branch_operator.py
[2024-05-14 23:07:32,061] {processor.py:651} INFO - DAG(s) dict_keys(['example_branch_operator']) retrieved from /home/jithish/Documents/airflow-dag1/.venv/lib/python3.10/site-packages/airflow/example_dags/example_branch_operator.py
[2024-05-14 23:07:32,080] {logging_mixin.py:115} INFO - [2024-05-14 23:07:32,080] {dag.py:2379} INFO - Sync 1 DAGs
[2024-05-14 23:07:32,095] {logging_mixin.py:115} INFO - [2024-05-14 23:07:32,095] {dag.py:2923} INFO - Setting next_dagrun for example_branch_operator to 2024-05-13T00:00:00+00:00, run_after=2024-05-14T00:00:00+00:00
[2024-05-14 23:07:32,104] {processor.py:161} INFO - Processing /home/jithish/Documents/airflow-dag1/.venv/lib/python3.10/site-packages/airflow/example_dags/example_branch_operator.py took 0.133 seconds
