[2024-05-14 23:04:19,642] {processor.py:153} INFO - Started process (PID=21705) to work on /home/jithish/Documents/airflow-dag1/.venv/lib/python3.10/site-packages/airflow/example_dags/example_external_task_marker_dag.py
[2024-05-14 23:04:19,643] {processor.py:641} INFO - Processing file /home/jithish/Documents/airflow-dag1/.venv/lib/python3.10/site-packages/airflow/example_dags/example_external_task_marker_dag.py for tasks to queue
[2024-05-14 23:04:19,644] {logging_mixin.py:115} INFO - [2024-05-14 23:04:19,644] {dagbag.py:507} INFO - Filling up the DagBag from /home/jithish/Documents/airflow-dag1/.venv/lib/python3.10/site-packages/airflow/example_dags/example_external_task_marker_dag.py
[2024-05-14 23:04:19,655] {processor.py:651} INFO - DAG(s) dict_keys(['example_external_task_marker_parent', 'example_external_task_marker_child']) retrieved from /home/jithish/Documents/airflow-dag1/.venv/lib/python3.10/site-packages/airflow/example_dags/example_external_task_marker_dag.py
[2024-05-14 23:04:19,714] {logging_mixin.py:115} INFO - [2024-05-14 23:04:19,714] {manager.py:508} INFO - Created Permission View: can edit on DAG:example_external_task_marker_parent
[2024-05-14 23:04:19,722] {logging_mixin.py:115} INFO - [2024-05-14 23:04:19,722] {manager.py:508} INFO - Created Permission View: can read on DAG:example_external_task_marker_parent
[2024-05-14 23:04:19,728] {logging_mixin.py:115} INFO - [2024-05-14 23:04:19,728] {manager.py:508} INFO - Created Permission View: can delete on DAG:example_external_task_marker_parent
[2024-05-14 23:04:19,744] {logging_mixin.py:115} INFO - [2024-05-14 23:04:19,744] {manager.py:508} INFO - Created Permission View: can edit on DAG:example_external_task_marker_child
[2024-05-14 23:04:19,751] {logging_mixin.py:115} INFO - [2024-05-14 23:04:19,751] {manager.py:508} INFO - Created Permission View: can read on DAG:example_external_task_marker_child
[2024-05-14 23:04:19,758] {logging_mixin.py:115} INFO - [2024-05-14 23:04:19,758] {manager.py:508} INFO - Created Permission View: can delete on DAG:example_external_task_marker_child
[2024-05-14 23:04:19,758] {logging_mixin.py:115} INFO - [2024-05-14 23:04:19,758] {dag.py:2379} INFO - Sync 2 DAGs
[2024-05-14 23:04:19,763] {logging_mixin.py:115} INFO - [2024-05-14 23:04:19,763] {dag.py:2398} INFO - Creating ORM DAG for example_external_task_marker_child
[2024-05-14 23:04:19,764] {logging_mixin.py:115} INFO - [2024-05-14 23:04:19,764] {dag.py:2398} INFO - Creating ORM DAG for example_external_task_marker_parent
[2024-05-14 23:04:19,770] {logging_mixin.py:115} INFO - [2024-05-14 23:04:19,770] {dag.py:2923} INFO - Setting next_dagrun for example_external_task_marker_child to None, run_after=None
[2024-05-14 23:04:19,770] {logging_mixin.py:115} INFO - [2024-05-14 23:04:19,770] {dag.py:2923} INFO - Setting next_dagrun for example_external_task_marker_parent to None, run_after=None
[2024-05-14 23:04:19,783] {processor.py:161} INFO - Processing /home/jithish/Documents/airflow-dag1/.venv/lib/python3.10/site-packages/airflow/example_dags/example_external_task_marker_dag.py took 0.149 seconds
[2024-05-14 23:04:56,055] {processor.py:153} INFO - Started process (PID=22168) to work on /home/jithish/Documents/airflow-dag1/.venv/lib/python3.10/site-packages/airflow/example_dags/example_external_task_marker_dag.py
[2024-05-14 23:04:56,116] {processor.py:641} INFO - Processing file /home/jithish/Documents/airflow-dag1/.venv/lib/python3.10/site-packages/airflow/example_dags/example_external_task_marker_dag.py for tasks to queue
[2024-05-14 23:04:56,117] {logging_mixin.py:115} INFO - [2024-05-14 23:04:56,117] {dagbag.py:507} INFO - Filling up the DagBag from /home/jithish/Documents/airflow-dag1/.venv/lib/python3.10/site-packages/airflow/example_dags/example_external_task_marker_dag.py
[2024-05-14 23:04:56,120] {processor.py:651} INFO - DAG(s) dict_keys(['example_external_task_marker_parent', 'example_external_task_marker_child']) retrieved from /home/jithish/Documents/airflow-dag1/.venv/lib/python3.10/site-packages/airflow/example_dags/example_external_task_marker_dag.py
[2024-05-14 23:04:56,140] {logging_mixin.py:115} INFO - [2024-05-14 23:04:56,140] {dag.py:2379} INFO - Sync 2 DAGs
[2024-05-14 23:04:56,153] {logging_mixin.py:115} INFO - [2024-05-14 23:04:56,153] {dag.py:2923} INFO - Setting next_dagrun for example_external_task_marker_child to None, run_after=None
[2024-05-14 23:04:56,153] {logging_mixin.py:115} INFO - [2024-05-14 23:04:56,153] {dag.py:2923} INFO - Setting next_dagrun for example_external_task_marker_parent to None, run_after=None
[2024-05-14 23:04:56,166] {processor.py:161} INFO - Processing /home/jithish/Documents/airflow-dag1/.venv/lib/python3.10/site-packages/airflow/example_dags/example_external_task_marker_dag.py took 0.114 seconds
[2024-05-14 23:05:30,135] {processor.py:153} INFO - Started process (PID=22531) to work on /home/jithish/Documents/airflow-dag1/.venv/lib/python3.10/site-packages/airflow/example_dags/example_external_task_marker_dag.py
[2024-05-14 23:05:30,196] {processor.py:641} INFO - Processing file /home/jithish/Documents/airflow-dag1/.venv/lib/python3.10/site-packages/airflow/example_dags/example_external_task_marker_dag.py for tasks to queue
[2024-05-14 23:05:30,197] {logging_mixin.py:115} INFO - [2024-05-14 23:05:30,197] {dagbag.py:507} INFO - Filling up the DagBag from /home/jithish/Documents/airflow-dag1/.venv/lib/python3.10/site-packages/airflow/example_dags/example_external_task_marker_dag.py
[2024-05-14 23:05:30,205] {processor.py:651} INFO - DAG(s) dict_keys(['example_external_task_marker_parent', 'example_external_task_marker_child']) retrieved from /home/jithish/Documents/airflow-dag1/.venv/lib/python3.10/site-packages/airflow/example_dags/example_external_task_marker_dag.py
[2024-05-14 23:05:30,247] {logging_mixin.py:115} INFO - [2024-05-14 23:05:30,247] {dag.py:2379} INFO - Sync 2 DAGs
[2024-05-14 23:05:30,264] {logging_mixin.py:115} INFO - [2024-05-14 23:05:30,264] {dag.py:2923} INFO - Setting next_dagrun for example_external_task_marker_child to None, run_after=None
[2024-05-14 23:05:30,264] {logging_mixin.py:115} INFO - [2024-05-14 23:05:30,264] {dag.py:2923} INFO - Setting next_dagrun for example_external_task_marker_parent to None, run_after=None
[2024-05-14 23:05:30,275] {processor.py:161} INFO - Processing /home/jithish/Documents/airflow-dag1/.venv/lib/python3.10/site-packages/airflow/example_dags/example_external_task_marker_dag.py took 0.142 seconds
[2024-05-14 23:06:05,309] {processor.py:153} INFO - Started process (PID=22803) to work on /home/jithish/Documents/airflow-dag1/.venv/lib/python3.10/site-packages/airflow/example_dags/example_external_task_marker_dag.py
[2024-05-14 23:06:05,370] {processor.py:641} INFO - Processing file /home/jithish/Documents/airflow-dag1/.venv/lib/python3.10/site-packages/airflow/example_dags/example_external_task_marker_dag.py for tasks to queue
[2024-05-14 23:06:05,372] {logging_mixin.py:115} INFO - [2024-05-14 23:06:05,372] {dagbag.py:507} INFO - Filling up the DagBag from /home/jithish/Documents/airflow-dag1/.venv/lib/python3.10/site-packages/airflow/example_dags/example_external_task_marker_dag.py
[2024-05-14 23:06:05,386] {processor.py:651} INFO - DAG(s) dict_keys(['example_external_task_marker_parent', 'example_external_task_marker_child']) retrieved from /home/jithish/Documents/airflow-dag1/.venv/lib/python3.10/site-packages/airflow/example_dags/example_external_task_marker_dag.py
[2024-05-14 23:06:05,418] {logging_mixin.py:115} INFO - [2024-05-14 23:06:05,418] {dag.py:2379} INFO - Sync 2 DAGs
[2024-05-14 23:06:05,434] {logging_mixin.py:115} INFO - [2024-05-14 23:06:05,434] {dag.py:2923} INFO - Setting next_dagrun for example_external_task_marker_child to None, run_after=None
[2024-05-14 23:06:05,434] {logging_mixin.py:115} INFO - [2024-05-14 23:06:05,434] {dag.py:2923} INFO - Setting next_dagrun for example_external_task_marker_parent to None, run_after=None
[2024-05-14 23:06:05,446] {processor.py:161} INFO - Processing /home/jithish/Documents/airflow-dag1/.venv/lib/python3.10/site-packages/airflow/example_dags/example_external_task_marker_dag.py took 0.140 seconds
[2024-05-14 23:06:34,486] {processor.py:153} INFO - Started process (PID=23284) to work on /home/jithish/Documents/airflow-dag1/.venv/lib/python3.10/site-packages/airflow/example_dags/example_external_task_marker_dag.py
[2024-05-14 23:06:34,547] {processor.py:641} INFO - Processing file /home/jithish/Documents/airflow-dag1/.venv/lib/python3.10/site-packages/airflow/example_dags/example_external_task_marker_dag.py for tasks to queue
[2024-05-14 23:06:34,548] {logging_mixin.py:115} INFO - [2024-05-14 23:06:34,548] {dagbag.py:507} INFO - Filling up the DagBag from /home/jithish/Documents/airflow-dag1/.venv/lib/python3.10/site-packages/airflow/example_dags/example_external_task_marker_dag.py
[2024-05-14 23:06:34,553] {processor.py:651} INFO - DAG(s) dict_keys(['example_external_task_marker_parent', 'example_external_task_marker_child']) retrieved from /home/jithish/Documents/airflow-dag1/.venv/lib/python3.10/site-packages/airflow/example_dags/example_external_task_marker_dag.py
[2024-05-14 23:06:34,569] {logging_mixin.py:115} INFO - [2024-05-14 23:06:34,569] {dag.py:2379} INFO - Sync 2 DAGs
[2024-05-14 23:06:34,580] {logging_mixin.py:115} INFO - [2024-05-14 23:06:34,580] {dag.py:2923} INFO - Setting next_dagrun for example_external_task_marker_child to None, run_after=None
[2024-05-14 23:06:34,580] {logging_mixin.py:115} INFO - [2024-05-14 23:06:34,580] {dag.py:2923} INFO - Setting next_dagrun for example_external_task_marker_parent to None, run_after=None
[2024-05-14 23:06:34,593] {processor.py:161} INFO - Processing /home/jithish/Documents/airflow-dag1/.venv/lib/python3.10/site-packages/airflow/example_dags/example_external_task_marker_dag.py took 0.109 seconds
[2024-05-14 23:07:09,923] {processor.py:153} INFO - Started process (PID=23785) to work on /home/jithish/Documents/airflow-dag1/.venv/lib/python3.10/site-packages/airflow/example_dags/example_external_task_marker_dag.py
[2024-05-14 23:07:09,984] {processor.py:641} INFO - Processing file /home/jithish/Documents/airflow-dag1/.venv/lib/python3.10/site-packages/airflow/example_dags/example_external_task_marker_dag.py for tasks to queue
[2024-05-14 23:07:09,986] {logging_mixin.py:115} INFO - [2024-05-14 23:07:09,985] {dagbag.py:507} INFO - Filling up the DagBag from /home/jithish/Documents/airflow-dag1/.venv/lib/python3.10/site-packages/airflow/example_dags/example_external_task_marker_dag.py
[2024-05-14 23:07:09,998] {processor.py:651} INFO - DAG(s) dict_keys(['example_external_task_marker_parent', 'example_external_task_marker_child']) retrieved from /home/jithish/Documents/airflow-dag1/.venv/lib/python3.10/site-packages/airflow/example_dags/example_external_task_marker_dag.py
[2024-05-14 23:07:10,031] {logging_mixin.py:115} INFO - [2024-05-14 23:07:10,031] {dag.py:2379} INFO - Sync 2 DAGs
[2024-05-14 23:07:10,044] {logging_mixin.py:115} INFO - [2024-05-14 23:07:10,044] {dag.py:2923} INFO - Setting next_dagrun for example_external_task_marker_child to None, run_after=None
[2024-05-14 23:07:10,044] {logging_mixin.py:115} INFO - [2024-05-14 23:07:10,044] {dag.py:2923} INFO - Setting next_dagrun for example_external_task_marker_parent to None, run_after=None
[2024-05-14 23:07:10,055] {processor.py:161} INFO - Processing /home/jithish/Documents/airflow-dag1/.venv/lib/python3.10/site-packages/airflow/example_dags/example_external_task_marker_dag.py took 0.141 seconds
[2024-05-14 23:07:44,223] {processor.py:153} INFO - Started process (PID=24138) to work on /home/jithish/Documents/airflow-dag1/.venv/lib/python3.10/site-packages/airflow/example_dags/example_external_task_marker_dag.py
[2024-05-14 23:07:44,285] {processor.py:641} INFO - Processing file /home/jithish/Documents/airflow-dag1/.venv/lib/python3.10/site-packages/airflow/example_dags/example_external_task_marker_dag.py for tasks to queue
[2024-05-14 23:07:44,286] {logging_mixin.py:115} INFO - [2024-05-14 23:07:44,286] {dagbag.py:507} INFO - Filling up the DagBag from /home/jithish/Documents/airflow-dag1/.venv/lib/python3.10/site-packages/airflow/example_dags/example_external_task_marker_dag.py
[2024-05-14 23:07:44,292] {processor.py:651} INFO - DAG(s) dict_keys(['example_external_task_marker_parent', 'example_external_task_marker_child']) retrieved from /home/jithish/Documents/airflow-dag1/.venv/lib/python3.10/site-packages/airflow/example_dags/example_external_task_marker_dag.py
[2024-05-14 23:07:44,321] {logging_mixin.py:115} INFO - [2024-05-14 23:07:44,320] {dag.py:2379} INFO - Sync 2 DAGs
[2024-05-14 23:07:44,334] {logging_mixin.py:115} INFO - [2024-05-14 23:07:44,334] {dag.py:2923} INFO - Setting next_dagrun for example_external_task_marker_child to None, run_after=None
[2024-05-14 23:07:44,334] {logging_mixin.py:115} INFO - [2024-05-14 23:07:44,334] {dag.py:2923} INFO - Setting next_dagrun for example_external_task_marker_parent to None, run_after=None
[2024-05-14 23:07:44,347] {processor.py:161} INFO - Processing /home/jithish/Documents/airflow-dag1/.venv/lib/python3.10/site-packages/airflow/example_dags/example_external_task_marker_dag.py took 0.131 seconds
