[2024-05-14 23:04:11,111] {processor.py:153} INFO - Started process (PID=21564) to work on /home/jithish/Documents/airflow-dag1/.venv/lib/python3.10/site-packages/airflow/example_dags/example_latest_only_with_trigger.py
[2024-05-14 23:04:11,111] {processor.py:641} INFO - Processing file /home/jithish/Documents/airflow-dag1/.venv/lib/python3.10/site-packages/airflow/example_dags/example_latest_only_with_trigger.py for tasks to queue
[2024-05-14 23:04:11,112] {logging_mixin.py:115} INFO - [2024-05-14 23:04:11,112] {dagbag.py:507} INFO - Filling up the DagBag from /home/jithish/Documents/airflow-dag1/.venv/lib/python3.10/site-packages/airflow/example_dags/example_latest_only_with_trigger.py
[2024-05-14 23:04:11,117] {processor.py:651} INFO - DAG(s) dict_keys(['latest_only_with_trigger']) retrieved from /home/jithish/Documents/airflow-dag1/.venv/lib/python3.10/site-packages/airflow/example_dags/example_latest_only_with_trigger.py
[2024-05-14 23:04:11,164] {logging_mixin.py:115} INFO - [2024-05-14 23:04:11,164] {manager.py:508} INFO - Created Permission View: can edit on DAG:latest_only_with_trigger
[2024-05-14 23:04:11,171] {logging_mixin.py:115} INFO - [2024-05-14 23:04:11,171] {manager.py:508} INFO - Created Permission View: can read on DAG:latest_only_with_trigger
[2024-05-14 23:04:11,177] {logging_mixin.py:115} INFO - [2024-05-14 23:04:11,177] {manager.py:508} INFO - Created Permission View: can delete on DAG:latest_only_with_trigger
[2024-05-14 23:04:11,177] {logging_mixin.py:115} INFO - [2024-05-14 23:04:11,177] {dag.py:2379} INFO - Sync 1 DAGs
[2024-05-14 23:04:11,183] {logging_mixin.py:115} INFO - [2024-05-14 23:04:11,183] {dag.py:2398} INFO - Creating ORM DAG for latest_only_with_trigger
[2024-05-14 23:04:11,189] {logging_mixin.py:115} INFO - [2024-05-14 23:04:11,189] {dag.py:2923} INFO - Setting next_dagrun for latest_only_with_trigger to 2024-05-14T11:04:11.189633+00:00, run_after=2024-05-14T15:04:11.189633+00:00
[2024-05-14 23:04:11,200] {processor.py:161} INFO - Processing /home/jithish/Documents/airflow-dag1/.venv/lib/python3.10/site-packages/airflow/example_dags/example_latest_only_with_trigger.py took 0.093 seconds
[2024-05-14 23:04:48,338] {processor.py:153} INFO - Started process (PID=22069) to work on /home/jithish/Documents/airflow-dag1/.venv/lib/python3.10/site-packages/airflow/example_dags/example_latest_only_with_trigger.py
[2024-05-14 23:04:48,340] {processor.py:641} INFO - Processing file /home/jithish/Documents/airflow-dag1/.venv/lib/python3.10/site-packages/airflow/example_dags/example_latest_only_with_trigger.py for tasks to queue
[2024-05-14 23:04:48,340] {logging_mixin.py:115} INFO - [2024-05-14 23:04:48,340] {dagbag.py:507} INFO - Filling up the DagBag from /home/jithish/Documents/airflow-dag1/.venv/lib/python3.10/site-packages/airflow/example_dags/example_latest_only_with_trigger.py
[2024-05-14 23:04:48,348] {processor.py:651} INFO - DAG(s) dict_keys(['latest_only_with_trigger']) retrieved from /home/jithish/Documents/airflow-dag1/.venv/lib/python3.10/site-packages/airflow/example_dags/example_latest_only_with_trigger.py
[2024-05-14 23:04:48,370] {logging_mixin.py:115} INFO - [2024-05-14 23:04:48,370] {dag.py:2379} INFO - Sync 1 DAGs
[2024-05-14 23:04:48,393] {logging_mixin.py:115} INFO - [2024-05-14 23:04:48,393] {dag.py:2923} INFO - Setting next_dagrun for latest_only_with_trigger to 2024-05-14T11:04:48.393392+00:00, run_after=2024-05-14T15:04:48.393392+00:00
[2024-05-14 23:04:48,407] {processor.py:161} INFO - Processing /home/jithish/Documents/airflow-dag1/.venv/lib/python3.10/site-packages/airflow/example_dags/example_latest_only_with_trigger.py took 0.072 seconds
[2024-05-14 23:05:23,361] {processor.py:153} INFO - Started process (PID=22476) to work on /home/jithish/Documents/airflow-dag1/.venv/lib/python3.10/site-packages/airflow/example_dags/example_latest_only_with_trigger.py
[2024-05-14 23:05:23,361] {processor.py:641} INFO - Processing file /home/jithish/Documents/airflow-dag1/.venv/lib/python3.10/site-packages/airflow/example_dags/example_latest_only_with_trigger.py for tasks to queue
[2024-05-14 23:05:23,362] {logging_mixin.py:115} INFO - [2024-05-14 23:05:23,362] {dagbag.py:507} INFO - Filling up the DagBag from /home/jithish/Documents/airflow-dag1/.venv/lib/python3.10/site-packages/airflow/example_dags/example_latest_only_with_trigger.py
[2024-05-14 23:05:23,368] {processor.py:651} INFO - DAG(s) dict_keys(['latest_only_with_trigger']) retrieved from /home/jithish/Documents/airflow-dag1/.venv/lib/python3.10/site-packages/airflow/example_dags/example_latest_only_with_trigger.py
[2024-05-14 23:05:23,384] {logging_mixin.py:115} INFO - [2024-05-14 23:05:23,383] {dag.py:2379} INFO - Sync 1 DAGs
[2024-05-14 23:05:23,398] {logging_mixin.py:115} INFO - [2024-05-14 23:05:23,398] {dag.py:2923} INFO - Setting next_dagrun for latest_only_with_trigger to 2024-05-14T11:05:23.398177+00:00, run_after=2024-05-14T15:05:23.398177+00:00
[2024-05-14 23:05:23,410] {processor.py:161} INFO - Processing /home/jithish/Documents/airflow-dag1/.venv/lib/python3.10/site-packages/airflow/example_dags/example_latest_only_with_trigger.py took 0.051 seconds
[2024-05-14 23:05:57,399] {processor.py:153} INFO - Started process (PID=22729) to work on /home/jithish/Documents/airflow-dag1/.venv/lib/python3.10/site-packages/airflow/example_dags/example_latest_only_with_trigger.py
[2024-05-14 23:05:57,459] {processor.py:641} INFO - Processing file /home/jithish/Documents/airflow-dag1/.venv/lib/python3.10/site-packages/airflow/example_dags/example_latest_only_with_trigger.py for tasks to queue
[2024-05-14 23:05:57,460] {logging_mixin.py:115} INFO - [2024-05-14 23:05:57,459] {dagbag.py:507} INFO - Filling up the DagBag from /home/jithish/Documents/airflow-dag1/.venv/lib/python3.10/site-packages/airflow/example_dags/example_latest_only_with_trigger.py
[2024-05-14 23:05:57,464] {processor.py:651} INFO - DAG(s) dict_keys(['latest_only_with_trigger']) retrieved from /home/jithish/Documents/airflow-dag1/.venv/lib/python3.10/site-packages/airflow/example_dags/example_latest_only_with_trigger.py
[2024-05-14 23:05:57,478] {logging_mixin.py:115} INFO - [2024-05-14 23:05:57,478] {dag.py:2379} INFO - Sync 1 DAGs
[2024-05-14 23:05:57,492] {logging_mixin.py:115} INFO - [2024-05-14 23:05:57,492] {dag.py:2923} INFO - Setting next_dagrun for latest_only_with_trigger to 2024-05-14T11:05:57.492655+00:00, run_after=2024-05-14T15:05:57.492655+00:00
[2024-05-14 23:05:57,507] {processor.py:161} INFO - Processing /home/jithish/Documents/airflow-dag1/.venv/lib/python3.10/site-packages/airflow/example_dags/example_latest_only_with_trigger.py took 0.111 seconds
[2024-05-14 23:06:25,781] {processor.py:153} INFO - Started process (PID=23123) to work on /home/jithish/Documents/airflow-dag1/.venv/lib/python3.10/site-packages/airflow/example_dags/example_latest_only_with_trigger.py
[2024-05-14 23:06:25,782] {processor.py:641} INFO - Processing file /home/jithish/Documents/airflow-dag1/.venv/lib/python3.10/site-packages/airflow/example_dags/example_latest_only_with_trigger.py for tasks to queue
[2024-05-14 23:06:25,782] {logging_mixin.py:115} INFO - [2024-05-14 23:06:25,782] {dagbag.py:507} INFO - Filling up the DagBag from /home/jithish/Documents/airflow-dag1/.venv/lib/python3.10/site-packages/airflow/example_dags/example_latest_only_with_trigger.py
[2024-05-14 23:06:25,788] {processor.py:651} INFO - DAG(s) dict_keys(['latest_only_with_trigger']) retrieved from /home/jithish/Documents/airflow-dag1/.venv/lib/python3.10/site-packages/airflow/example_dags/example_latest_only_with_trigger.py
[2024-05-14 23:06:25,801] {logging_mixin.py:115} INFO - [2024-05-14 23:06:25,800] {dag.py:2379} INFO - Sync 1 DAGs
[2024-05-14 23:06:25,819] {logging_mixin.py:115} INFO - [2024-05-14 23:06:25,819] {dag.py:2923} INFO - Setting next_dagrun for latest_only_with_trigger to 2024-05-14T11:06:25.819197+00:00, run_after=2024-05-14T15:06:25.819197+00:00
[2024-05-14 23:06:25,831] {processor.py:161} INFO - Processing /home/jithish/Documents/airflow-dag1/.venv/lib/python3.10/site-packages/airflow/example_dags/example_latest_only_with_trigger.py took 0.052 seconds
[2024-05-14 23:07:02,282] {processor.py:153} INFO - Started process (PID=23710) to work on /home/jithish/Documents/airflow-dag1/.venv/lib/python3.10/site-packages/airflow/example_dags/example_latest_only_with_trigger.py
[2024-05-14 23:07:02,347] {processor.py:641} INFO - Processing file /home/jithish/Documents/airflow-dag1/.venv/lib/python3.10/site-packages/airflow/example_dags/example_latest_only_with_trigger.py for tasks to queue
[2024-05-14 23:07:02,349] {logging_mixin.py:115} INFO - [2024-05-14 23:07:02,349] {dagbag.py:507} INFO - Filling up the DagBag from /home/jithish/Documents/airflow-dag1/.venv/lib/python3.10/site-packages/airflow/example_dags/example_latest_only_with_trigger.py
[2024-05-14 23:07:02,367] {processor.py:651} INFO - DAG(s) dict_keys(['latest_only_with_trigger']) retrieved from /home/jithish/Documents/airflow-dag1/.venv/lib/python3.10/site-packages/airflow/example_dags/example_latest_only_with_trigger.py
[2024-05-14 23:07:02,391] {logging_mixin.py:115} INFO - [2024-05-14 23:07:02,391] {dag.py:2379} INFO - Sync 1 DAGs
[2024-05-14 23:07:02,405] {logging_mixin.py:115} INFO - [2024-05-14 23:07:02,405] {dag.py:2923} INFO - Setting next_dagrun for latest_only_with_trigger to 2024-05-14T11:07:02.405339+00:00, run_after=2024-05-14T15:07:02.405339+00:00
[2024-05-14 23:07:02,416] {processor.py:161} INFO - Processing /home/jithish/Documents/airflow-dag1/.venv/lib/python3.10/site-packages/airflow/example_dags/example_latest_only_with_trigger.py took 0.138 seconds
[2024-05-14 23:07:36,746] {processor.py:153} INFO - Started process (PID=24047) to work on /home/jithish/Documents/airflow-dag1/.venv/lib/python3.10/site-packages/airflow/example_dags/example_latest_only_with_trigger.py
[2024-05-14 23:07:36,807] {processor.py:641} INFO - Processing file /home/jithish/Documents/airflow-dag1/.venv/lib/python3.10/site-packages/airflow/example_dags/example_latest_only_with_trigger.py for tasks to queue
[2024-05-14 23:07:36,809] {logging_mixin.py:115} INFO - [2024-05-14 23:07:36,809] {dagbag.py:507} INFO - Filling up the DagBag from /home/jithish/Documents/airflow-dag1/.venv/lib/python3.10/site-packages/airflow/example_dags/example_latest_only_with_trigger.py
[2024-05-14 23:07:36,828] {processor.py:651} INFO - DAG(s) dict_keys(['latest_only_with_trigger']) retrieved from /home/jithish/Documents/airflow-dag1/.venv/lib/python3.10/site-packages/airflow/example_dags/example_latest_only_with_trigger.py
[2024-05-14 23:07:36,855] {logging_mixin.py:115} INFO - [2024-05-14 23:07:36,854] {dag.py:2379} INFO - Sync 1 DAGs
[2024-05-14 23:07:36,869] {logging_mixin.py:115} INFO - [2024-05-14 23:07:36,869] {dag.py:2923} INFO - Setting next_dagrun for latest_only_with_trigger to 2024-05-14T11:07:36.869654+00:00, run_after=2024-05-14T15:07:36.869654+00:00
[2024-05-14 23:07:36,886] {processor.py:161} INFO - Processing /home/jithish/Documents/airflow-dag1/.venv/lib/python3.10/site-packages/airflow/example_dags/example_latest_only_with_trigger.py took 0.142 seconds
