[2024-05-14 23:04:27,596] {processor.py:153} INFO - Started process (PID=21805) to work on /home/jithish/Documents/airflow-dag1/.venv/lib/python3.10/site-packages/airflow/example_dags/example_time_delta_sensor_async.py
[2024-05-14 23:04:27,596] {processor.py:641} INFO - Processing file /home/jithish/Documents/airflow-dag1/.venv/lib/python3.10/site-packages/airflow/example_dags/example_time_delta_sensor_async.py for tasks to queue
[2024-05-14 23:04:27,597] {logging_mixin.py:115} INFO - [2024-05-14 23:04:27,597] {dagbag.py:507} INFO - Filling up the DagBag from /home/jithish/Documents/airflow-dag1/.venv/lib/python3.10/site-packages/airflow/example_dags/example_time_delta_sensor_async.py
[2024-05-14 23:04:27,600] {processor.py:651} INFO - DAG(s) dict_keys(['example_time_delta_sensor_async']) retrieved from /home/jithish/Documents/airflow-dag1/.venv/lib/python3.10/site-packages/airflow/example_dags/example_time_delta_sensor_async.py
[2024-05-14 23:04:27,719] {logging_mixin.py:115} INFO - [2024-05-14 23:04:27,719] {manager.py:508} INFO - Created Permission View: can edit on DAG:example_time_delta_sensor_async
[2024-05-14 23:04:27,737] {logging_mixin.py:115} INFO - [2024-05-14 23:04:27,737] {manager.py:508} INFO - Created Permission View: can read on DAG:example_time_delta_sensor_async
[2024-05-14 23:04:27,746] {logging_mixin.py:115} INFO - [2024-05-14 23:04:27,746] {manager.py:508} INFO - Created Permission View: can delete on DAG:example_time_delta_sensor_async
[2024-05-14 23:04:27,746] {logging_mixin.py:115} INFO - [2024-05-14 23:04:27,746] {dag.py:2379} INFO - Sync 1 DAGs
[2024-05-14 23:04:27,753] {logging_mixin.py:115} INFO - [2024-05-14 23:04:27,753] {dag.py:2398} INFO - Creating ORM DAG for example_time_delta_sensor_async
[2024-05-14 23:04:27,760] {logging_mixin.py:115} INFO - [2024-05-14 23:04:27,760] {dag.py:2923} INFO - Setting next_dagrun for example_time_delta_sensor_async to None, run_after=None
[2024-05-14 23:04:27,770] {processor.py:161} INFO - Processing /home/jithish/Documents/airflow-dag1/.venv/lib/python3.10/site-packages/airflow/example_dags/example_time_delta_sensor_async.py took 0.176 seconds
[2024-05-14 23:05:03,868] {processor.py:153} INFO - Started process (PID=22218) to work on /home/jithish/Documents/airflow-dag1/.venv/lib/python3.10/site-packages/airflow/example_dags/example_time_delta_sensor_async.py
[2024-05-14 23:05:03,928] {processor.py:641} INFO - Processing file /home/jithish/Documents/airflow-dag1/.venv/lib/python3.10/site-packages/airflow/example_dags/example_time_delta_sensor_async.py for tasks to queue
[2024-05-14 23:05:03,929] {logging_mixin.py:115} INFO - [2024-05-14 23:05:03,929] {dagbag.py:507} INFO - Filling up the DagBag from /home/jithish/Documents/airflow-dag1/.venv/lib/python3.10/site-packages/airflow/example_dags/example_time_delta_sensor_async.py
[2024-05-14 23:05:03,934] {processor.py:651} INFO - DAG(s) dict_keys(['example_time_delta_sensor_async']) retrieved from /home/jithish/Documents/airflow-dag1/.venv/lib/python3.10/site-packages/airflow/example_dags/example_time_delta_sensor_async.py
[2024-05-14 23:05:03,957] {logging_mixin.py:115} INFO - [2024-05-14 23:05:03,957] {dag.py:2379} INFO - Sync 1 DAGs
[2024-05-14 23:05:03,972] {logging_mixin.py:115} INFO - [2024-05-14 23:05:03,972] {dag.py:2923} INFO - Setting next_dagrun for example_time_delta_sensor_async to None, run_after=None
[2024-05-14 23:05:03,988] {processor.py:161} INFO - Processing /home/jithish/Documents/airflow-dag1/.venv/lib/python3.10/site-packages/airflow/example_dags/example_time_delta_sensor_async.py took 0.123 seconds
[2024-05-14 23:05:39,017] {processor.py:153} INFO - Started process (PID=22593) to work on /home/jithish/Documents/airflow-dag1/.venv/lib/python3.10/site-packages/airflow/example_dags/example_time_delta_sensor_async.py
[2024-05-14 23:05:39,078] {processor.py:641} INFO - Processing file /home/jithish/Documents/airflow-dag1/.venv/lib/python3.10/site-packages/airflow/example_dags/example_time_delta_sensor_async.py for tasks to queue
[2024-05-14 23:05:39,079] {logging_mixin.py:115} INFO - [2024-05-14 23:05:39,079] {dagbag.py:507} INFO - Filling up the DagBag from /home/jithish/Documents/airflow-dag1/.venv/lib/python3.10/site-packages/airflow/example_dags/example_time_delta_sensor_async.py
[2024-05-14 23:05:39,093] {processor.py:651} INFO - DAG(s) dict_keys(['example_time_delta_sensor_async']) retrieved from /home/jithish/Documents/airflow-dag1/.venv/lib/python3.10/site-packages/airflow/example_dags/example_time_delta_sensor_async.py
[2024-05-14 23:05:39,128] {logging_mixin.py:115} INFO - [2024-05-14 23:05:39,128] {dag.py:2379} INFO - Sync 1 DAGs
[2024-05-14 23:05:39,143] {logging_mixin.py:115} INFO - [2024-05-14 23:05:39,143] {dag.py:2923} INFO - Setting next_dagrun for example_time_delta_sensor_async to None, run_after=None
[2024-05-14 23:05:39,156] {processor.py:161} INFO - Processing /home/jithish/Documents/airflow-dag1/.venv/lib/python3.10/site-packages/airflow/example_dags/example_time_delta_sensor_async.py took 0.141 seconds
[2024-05-14 23:06:12,667] {processor.py:153} INFO - Started process (PID=22876) to work on /home/jithish/Documents/airflow-dag1/.venv/lib/python3.10/site-packages/airflow/example_dags/example_time_delta_sensor_async.py
[2024-05-14 23:06:12,668] {processor.py:641} INFO - Processing file /home/jithish/Documents/airflow-dag1/.venv/lib/python3.10/site-packages/airflow/example_dags/example_time_delta_sensor_async.py for tasks to queue
[2024-05-14 23:06:12,670] {logging_mixin.py:115} INFO - [2024-05-14 23:06:12,669] {dagbag.py:507} INFO - Filling up the DagBag from /home/jithish/Documents/airflow-dag1/.venv/lib/python3.10/site-packages/airflow/example_dags/example_time_delta_sensor_async.py
[2024-05-14 23:06:12,684] {processor.py:651} INFO - DAG(s) dict_keys(['example_time_delta_sensor_async']) retrieved from /home/jithish/Documents/airflow-dag1/.venv/lib/python3.10/site-packages/airflow/example_dags/example_time_delta_sensor_async.py
[2024-05-14 23:06:12,706] {logging_mixin.py:115} INFO - [2024-05-14 23:06:12,706] {dag.py:2379} INFO - Sync 1 DAGs
[2024-05-14 23:06:12,718] {logging_mixin.py:115} INFO - [2024-05-14 23:06:12,718] {dag.py:2923} INFO - Setting next_dagrun for example_time_delta_sensor_async to None, run_after=None
[2024-05-14 23:06:12,727] {processor.py:161} INFO - Processing /home/jithish/Documents/airflow-dag1/.venv/lib/python3.10/site-packages/airflow/example_dags/example_time_delta_sensor_async.py took 0.069 seconds
[2024-05-14 23:06:42,484] {processor.py:153} INFO - Started process (PID=23350) to work on /home/jithish/Documents/airflow-dag1/.venv/lib/python3.10/site-packages/airflow/example_dags/example_time_delta_sensor_async.py
[2024-05-14 23:06:42,545] {processor.py:641} INFO - Processing file /home/jithish/Documents/airflow-dag1/.venv/lib/python3.10/site-packages/airflow/example_dags/example_time_delta_sensor_async.py for tasks to queue
[2024-05-14 23:06:42,547] {logging_mixin.py:115} INFO - [2024-05-14 23:06:42,546] {dagbag.py:507} INFO - Filling up the DagBag from /home/jithish/Documents/airflow-dag1/.venv/lib/python3.10/site-packages/airflow/example_dags/example_time_delta_sensor_async.py
[2024-05-14 23:06:42,562] {processor.py:651} INFO - DAG(s) dict_keys(['example_time_delta_sensor_async']) retrieved from /home/jithish/Documents/airflow-dag1/.venv/lib/python3.10/site-packages/airflow/example_dags/example_time_delta_sensor_async.py
[2024-05-14 23:06:42,594] {logging_mixin.py:115} INFO - [2024-05-14 23:06:42,594] {dag.py:2379} INFO - Sync 1 DAGs
[2024-05-14 23:06:42,607] {logging_mixin.py:115} INFO - [2024-05-14 23:06:42,607] {dag.py:2923} INFO - Setting next_dagrun for example_time_delta_sensor_async to None, run_after=None
[2024-05-14 23:06:42,625] {processor.py:161} INFO - Processing /home/jithish/Documents/airflow-dag1/.venv/lib/python3.10/site-packages/airflow/example_dags/example_time_delta_sensor_async.py took 0.144 seconds
[2024-05-14 23:07:18,104] {processor.py:153} INFO - Started process (PID=23883) to work on /home/jithish/Documents/airflow-dag1/.venv/lib/python3.10/site-packages/airflow/example_dags/example_time_delta_sensor_async.py
[2024-05-14 23:07:18,166] {processor.py:641} INFO - Processing file /home/jithish/Documents/airflow-dag1/.venv/lib/python3.10/site-packages/airflow/example_dags/example_time_delta_sensor_async.py for tasks to queue
[2024-05-14 23:07:18,167] {logging_mixin.py:115} INFO - [2024-05-14 23:07:18,167] {dagbag.py:507} INFO - Filling up the DagBag from /home/jithish/Documents/airflow-dag1/.venv/lib/python3.10/site-packages/airflow/example_dags/example_time_delta_sensor_async.py
[2024-05-14 23:07:18,183] {processor.py:651} INFO - DAG(s) dict_keys(['example_time_delta_sensor_async']) retrieved from /home/jithish/Documents/airflow-dag1/.venv/lib/python3.10/site-packages/airflow/example_dags/example_time_delta_sensor_async.py
[2024-05-14 23:07:18,214] {logging_mixin.py:115} INFO - [2024-05-14 23:07:18,214] {dag.py:2379} INFO - Sync 1 DAGs
[2024-05-14 23:07:18,227] {logging_mixin.py:115} INFO - [2024-05-14 23:07:18,227] {dag.py:2923} INFO - Setting next_dagrun for example_time_delta_sensor_async to None, run_after=None
[2024-05-14 23:07:18,240] {processor.py:161} INFO - Processing /home/jithish/Documents/airflow-dag1/.venv/lib/python3.10/site-packages/airflow/example_dags/example_time_delta_sensor_async.py took 0.142 seconds
