[2024-05-14 23:04:20,869] {processor.py:153} INFO - Started process (PID=21716) to work on /home/jithish/Documents/airflow-dag1/.venv/lib/python3.10/site-packages/airflow/example_dags/example_kubernetes_executor.py
[2024-05-14 23:04:20,869] {processor.py:641} INFO - Processing file /home/jithish/Documents/airflow-dag1/.venv/lib/python3.10/site-packages/airflow/example_dags/example_kubernetes_executor.py for tasks to queue
[2024-05-14 23:04:20,870] {logging_mixin.py:115} INFO - [2024-05-14 23:04:20,870] {dagbag.py:507} INFO - Filling up the DagBag from /home/jithish/Documents/airflow-dag1/.venv/lib/python3.10/site-packages/airflow/example_dags/example_kubernetes_executor.py
[2024-05-14 23:04:20,893] {logging_mixin.py:115} INFO - [2024-05-14 23:04:20,893] {example_kubernetes_executor.py:39} WARNING - The example_kubernetes_executor example DAG requires the kubernetes provider. Please install it with: pip install apache-airflow[cncf.kubernetes]
[2024-05-14 23:04:20,893] {processor.py:653} WARNING - No viable dags retrieved from /home/jithish/Documents/airflow-dag1/.venv/lib/python3.10/site-packages/airflow/example_dags/example_kubernetes_executor.py
[2024-05-14 23:04:20,902] {processor.py:161} INFO - Processing /home/jithish/Documents/airflow-dag1/.venv/lib/python3.10/site-packages/airflow/example_dags/example_kubernetes_executor.py took 0.039 seconds
[2024-05-14 23:04:56,561] {processor.py:153} INFO - Started process (PID=22169) to work on /home/jithish/Documents/airflow-dag1/.venv/lib/python3.10/site-packages/airflow/example_dags/example_kubernetes_executor.py
[2024-05-14 23:04:56,625] {processor.py:641} INFO - Processing file /home/jithish/Documents/airflow-dag1/.venv/lib/python3.10/site-packages/airflow/example_dags/example_kubernetes_executor.py for tasks to queue
[2024-05-14 23:04:56,626] {logging_mixin.py:115} INFO - [2024-05-14 23:04:56,626] {dagbag.py:507} INFO - Filling up the DagBag from /home/jithish/Documents/airflow-dag1/.venv/lib/python3.10/site-packages/airflow/example_dags/example_kubernetes_executor.py
[2024-05-14 23:04:56,639] {logging_mixin.py:115} INFO - [2024-05-14 23:04:56,639] {example_kubernetes_executor.py:39} WARNING - The example_kubernetes_executor example DAG requires the kubernetes provider. Please install it with: pip install apache-airflow[cncf.kubernetes]
[2024-05-14 23:04:56,639] {processor.py:653} WARNING - No viable dags retrieved from /home/jithish/Documents/airflow-dag1/.venv/lib/python3.10/site-packages/airflow/example_dags/example_kubernetes_executor.py
[2024-05-14 23:04:56,648] {processor.py:161} INFO - Processing /home/jithish/Documents/airflow-dag1/.venv/lib/python3.10/site-packages/airflow/example_dags/example_kubernetes_executor.py took 0.093 seconds
[2024-05-14 23:05:31,367] {processor.py:153} INFO - Started process (PID=22542) to work on /home/jithish/Documents/airflow-dag1/.venv/lib/python3.10/site-packages/airflow/example_dags/example_kubernetes_executor.py
[2024-05-14 23:05:31,429] {processor.py:641} INFO - Processing file /home/jithish/Documents/airflow-dag1/.venv/lib/python3.10/site-packages/airflow/example_dags/example_kubernetes_executor.py for tasks to queue
[2024-05-14 23:05:31,431] {logging_mixin.py:115} INFO - [2024-05-14 23:05:31,430] {dagbag.py:507} INFO - Filling up the DagBag from /home/jithish/Documents/airflow-dag1/.venv/lib/python3.10/site-packages/airflow/example_dags/example_kubernetes_executor.py
[2024-05-14 23:05:31,469] {logging_mixin.py:115} INFO - [2024-05-14 23:05:31,469] {example_kubernetes_executor.py:39} WARNING - The example_kubernetes_executor example DAG requires the kubernetes provider. Please install it with: pip install apache-airflow[cncf.kubernetes]
[2024-05-14 23:05:31,469] {processor.py:653} WARNING - No viable dags retrieved from /home/jithish/Documents/airflow-dag1/.venv/lib/python3.10/site-packages/airflow/example_dags/example_kubernetes_executor.py
[2024-05-14 23:05:31,480] {processor.py:161} INFO - Processing /home/jithish/Documents/airflow-dag1/.venv/lib/python3.10/site-packages/airflow/example_dags/example_kubernetes_executor.py took 0.115 seconds
[2024-05-14 23:06:05,615] {processor.py:153} INFO - Started process (PID=22804) to work on /home/jithish/Documents/airflow-dag1/.venv/lib/python3.10/site-packages/airflow/example_dags/example_kubernetes_executor.py
[2024-05-14 23:06:05,676] {processor.py:641} INFO - Processing file /home/jithish/Documents/airflow-dag1/.venv/lib/python3.10/site-packages/airflow/example_dags/example_kubernetes_executor.py for tasks to queue
[2024-05-14 23:06:05,676] {logging_mixin.py:115} INFO - [2024-05-14 23:06:05,676] {dagbag.py:507} INFO - Filling up the DagBag from /home/jithish/Documents/airflow-dag1/.venv/lib/python3.10/site-packages/airflow/example_dags/example_kubernetes_executor.py
[2024-05-14 23:06:05,687] {logging_mixin.py:115} INFO - [2024-05-14 23:06:05,687] {example_kubernetes_executor.py:39} WARNING - The example_kubernetes_executor example DAG requires the kubernetes provider. Please install it with: pip install apache-airflow[cncf.kubernetes]
[2024-05-14 23:06:05,688] {processor.py:653} WARNING - No viable dags retrieved from /home/jithish/Documents/airflow-dag1/.venv/lib/python3.10/site-packages/airflow/example_dags/example_kubernetes_executor.py
[2024-05-14 23:06:05,694] {processor.py:161} INFO - Processing /home/jithish/Documents/airflow-dag1/.venv/lib/python3.10/site-packages/airflow/example_dags/example_kubernetes_executor.py took 0.086 seconds
[2024-05-14 23:06:35,732] {processor.py:153} INFO - Started process (PID=23288) to work on /home/jithish/Documents/airflow-dag1/.venv/lib/python3.10/site-packages/airflow/example_dags/example_kubernetes_executor.py
[2024-05-14 23:06:35,793] {processor.py:641} INFO - Processing file /home/jithish/Documents/airflow-dag1/.venv/lib/python3.10/site-packages/airflow/example_dags/example_kubernetes_executor.py for tasks to queue
[2024-05-14 23:06:35,794] {logging_mixin.py:115} INFO - [2024-05-14 23:06:35,794] {dagbag.py:507} INFO - Filling up the DagBag from /home/jithish/Documents/airflow-dag1/.venv/lib/python3.10/site-packages/airflow/example_dags/example_kubernetes_executor.py
[2024-05-14 23:06:35,806] {logging_mixin.py:115} INFO - [2024-05-14 23:06:35,806] {example_kubernetes_executor.py:39} WARNING - The example_kubernetes_executor example DAG requires the kubernetes provider. Please install it with: pip install apache-airflow[cncf.kubernetes]
[2024-05-14 23:06:35,807] {processor.py:653} WARNING - No viable dags retrieved from /home/jithish/Documents/airflow-dag1/.venv/lib/python3.10/site-packages/airflow/example_dags/example_kubernetes_executor.py
[2024-05-14 23:06:35,815] {processor.py:161} INFO - Processing /home/jithish/Documents/airflow-dag1/.venv/lib/python3.10/site-packages/airflow/example_dags/example_kubernetes_executor.py took 0.090 seconds
[2024-05-14 23:07:11,165] {processor.py:153} INFO - Started process (PID=23802) to work on /home/jithish/Documents/airflow-dag1/.venv/lib/python3.10/site-packages/airflow/example_dags/example_kubernetes_executor.py
[2024-05-14 23:07:11,223] {processor.py:641} INFO - Processing file /home/jithish/Documents/airflow-dag1/.venv/lib/python3.10/site-packages/airflow/example_dags/example_kubernetes_executor.py for tasks to queue
[2024-05-14 23:07:11,224] {logging_mixin.py:115} INFO - [2024-05-14 23:07:11,224] {dagbag.py:507} INFO - Filling up the DagBag from /home/jithish/Documents/airflow-dag1/.venv/lib/python3.10/site-packages/airflow/example_dags/example_kubernetes_executor.py
[2024-05-14 23:07:11,259] {logging_mixin.py:115} INFO - [2024-05-14 23:07:11,259] {example_kubernetes_executor.py:39} WARNING - The example_kubernetes_executor example DAG requires the kubernetes provider. Please install it with: pip install apache-airflow[cncf.kubernetes]
[2024-05-14 23:07:11,259] {processor.py:653} WARNING - No viable dags retrieved from /home/jithish/Documents/airflow-dag1/.venv/lib/python3.10/site-packages/airflow/example_dags/example_kubernetes_executor.py
[2024-05-14 23:07:11,270] {processor.py:161} INFO - Processing /home/jithish/Documents/airflow-dag1/.venv/lib/python3.10/site-packages/airflow/example_dags/example_kubernetes_executor.py took 0.107 seconds
[2024-05-14 23:07:45,548] {processor.py:153} INFO - Started process (PID=24181) to work on /home/jithish/Documents/airflow-dag1/.venv/lib/python3.10/site-packages/airflow/example_dags/example_kubernetes_executor.py
[2024-05-14 23:07:45,608] {processor.py:641} INFO - Processing file /home/jithish/Documents/airflow-dag1/.venv/lib/python3.10/site-packages/airflow/example_dags/example_kubernetes_executor.py for tasks to queue
[2024-05-14 23:07:45,609] {logging_mixin.py:115} INFO - [2024-05-14 23:07:45,609] {dagbag.py:507} INFO - Filling up the DagBag from /home/jithish/Documents/airflow-dag1/.venv/lib/python3.10/site-packages/airflow/example_dags/example_kubernetes_executor.py
[2024-05-14 23:07:45,624] {logging_mixin.py:115} INFO - [2024-05-14 23:07:45,624] {example_kubernetes_executor.py:39} WARNING - The example_kubernetes_executor example DAG requires the kubernetes provider. Please install it with: pip install apache-airflow[cncf.kubernetes]
[2024-05-14 23:07:45,624] {processor.py:653} WARNING - No viable dags retrieved from /home/jithish/Documents/airflow-dag1/.venv/lib/python3.10/site-packages/airflow/example_dags/example_kubernetes_executor.py
[2024-05-14 23:07:45,635] {processor.py:161} INFO - Processing /home/jithish/Documents/airflow-dag1/.venv/lib/python3.10/site-packages/airflow/example_dags/example_kubernetes_executor.py took 0.092 seconds
