[2024-05-14 23:04:17,246] {processor.py:153} INFO - Started process (PID=21649) to work on /home/jithish/Documents/airflow-dag1/.venv/lib/python3.10/site-packages/airflow/example_dags/example_trigger_controller_dag.py
[2024-05-14 23:04:17,246] {processor.py:641} INFO - Processing file /home/jithish/Documents/airflow-dag1/.venv/lib/python3.10/site-packages/airflow/example_dags/example_trigger_controller_dag.py for tasks to queue
[2024-05-14 23:04:17,246] {logging_mixin.py:115} INFO - [2024-05-14 23:04:17,246] {dagbag.py:507} INFO - Filling up the DagBag from /home/jithish/Documents/airflow-dag1/.venv/lib/python3.10/site-packages/airflow/example_dags/example_trigger_controller_dag.py
[2024-05-14 23:04:17,249] {processor.py:651} INFO - DAG(s) dict_keys(['example_trigger_controller_dag']) retrieved from /home/jithish/Documents/airflow-dag1/.venv/lib/python3.10/site-packages/airflow/example_dags/example_trigger_controller_dag.py
[2024-05-14 23:04:17,297] {logging_mixin.py:115} INFO - [2024-05-14 23:04:17,296] {manager.py:508} INFO - Created Permission View: can edit on DAG:example_trigger_controller_dag
[2024-05-14 23:04:17,304] {logging_mixin.py:115} INFO - [2024-05-14 23:04:17,304] {manager.py:508} INFO - Created Permission View: can read on DAG:example_trigger_controller_dag
[2024-05-14 23:04:17,310] {logging_mixin.py:115} INFO - [2024-05-14 23:04:17,310] {manager.py:508} INFO - Created Permission View: can delete on DAG:example_trigger_controller_dag
[2024-05-14 23:04:17,310] {logging_mixin.py:115} INFO - [2024-05-14 23:04:17,310] {dag.py:2379} INFO - Sync 1 DAGs
[2024-05-14 23:04:17,316] {logging_mixin.py:115} INFO - [2024-05-14 23:04:17,316] {dag.py:2398} INFO - Creating ORM DAG for example_trigger_controller_dag
[2024-05-14 23:04:17,322] {logging_mixin.py:115} INFO - [2024-05-14 23:04:17,322] {dag.py:2923} INFO - Setting next_dagrun for example_trigger_controller_dag to 2021-01-01T00:00:00+00:00, run_after=2021-01-01T00:00:00+00:00
[2024-05-14 23:04:17,333] {processor.py:161} INFO - Processing /home/jithish/Documents/airflow-dag1/.venv/lib/python3.10/site-packages/airflow/example_dags/example_trigger_controller_dag.py took 0.090 seconds
[2024-05-14 23:04:53,577] {processor.py:153} INFO - Started process (PID=22143) to work on /home/jithish/Documents/airflow-dag1/.venv/lib/python3.10/site-packages/airflow/example_dags/example_trigger_controller_dag.py
[2024-05-14 23:04:53,638] {processor.py:641} INFO - Processing file /home/jithish/Documents/airflow-dag1/.venv/lib/python3.10/site-packages/airflow/example_dags/example_trigger_controller_dag.py for tasks to queue
[2024-05-14 23:04:53,638] {logging_mixin.py:115} INFO - [2024-05-14 23:04:53,638] {dagbag.py:507} INFO - Filling up the DagBag from /home/jithish/Documents/airflow-dag1/.venv/lib/python3.10/site-packages/airflow/example_dags/example_trigger_controller_dag.py
[2024-05-14 23:04:53,641] {processor.py:651} INFO - DAG(s) dict_keys(['example_trigger_controller_dag']) retrieved from /home/jithish/Documents/airflow-dag1/.venv/lib/python3.10/site-packages/airflow/example_dags/example_trigger_controller_dag.py
[2024-05-14 23:04:53,653] {logging_mixin.py:115} INFO - [2024-05-14 23:04:53,653] {dag.py:2379} INFO - Sync 1 DAGs
[2024-05-14 23:04:53,666] {logging_mixin.py:115} INFO - [2024-05-14 23:04:53,665] {dag.py:2923} INFO - Setting next_dagrun for example_trigger_controller_dag to 2021-01-01T00:00:00+00:00, run_after=2021-01-01T00:00:00+00:00
[2024-05-14 23:04:53,677] {processor.py:161} INFO - Processing /home/jithish/Documents/airflow-dag1/.venv/lib/python3.10/site-packages/airflow/example_dags/example_trigger_controller_dag.py took 0.103 seconds
[2024-05-14 23:05:28,173] {processor.py:153} INFO - Started process (PID=22510) to work on /home/jithish/Documents/airflow-dag1/.venv/lib/python3.10/site-packages/airflow/example_dags/example_trigger_controller_dag.py
[2024-05-14 23:05:28,235] {processor.py:641} INFO - Processing file /home/jithish/Documents/airflow-dag1/.venv/lib/python3.10/site-packages/airflow/example_dags/example_trigger_controller_dag.py for tasks to queue
[2024-05-14 23:05:28,236] {logging_mixin.py:115} INFO - [2024-05-14 23:05:28,236] {dagbag.py:507} INFO - Filling up the DagBag from /home/jithish/Documents/airflow-dag1/.venv/lib/python3.10/site-packages/airflow/example_dags/example_trigger_controller_dag.py
[2024-05-14 23:05:28,243] {processor.py:651} INFO - DAG(s) dict_keys(['example_trigger_controller_dag']) retrieved from /home/jithish/Documents/airflow-dag1/.venv/lib/python3.10/site-packages/airflow/example_dags/example_trigger_controller_dag.py
[2024-05-14 23:05:28,264] {logging_mixin.py:115} INFO - [2024-05-14 23:05:28,264] {dag.py:2379} INFO - Sync 1 DAGs
[2024-05-14 23:05:28,281] {logging_mixin.py:115} INFO - [2024-05-14 23:05:28,281] {dag.py:2923} INFO - Setting next_dagrun for example_trigger_controller_dag to 2021-01-01T00:00:00+00:00, run_after=2021-01-01T00:00:00+00:00
[2024-05-14 23:05:28,292] {processor.py:161} INFO - Processing /home/jithish/Documents/airflow-dag1/.venv/lib/python3.10/site-packages/airflow/example_dags/example_trigger_controller_dag.py took 0.121 seconds
[2024-05-14 23:06:02,846] {processor.py:153} INFO - Started process (PID=22780) to work on /home/jithish/Documents/airflow-dag1/.venv/lib/python3.10/site-packages/airflow/example_dags/example_trigger_controller_dag.py
[2024-05-14 23:06:02,907] {processor.py:641} INFO - Processing file /home/jithish/Documents/airflow-dag1/.venv/lib/python3.10/site-packages/airflow/example_dags/example_trigger_controller_dag.py for tasks to queue
[2024-05-14 23:06:02,907] {logging_mixin.py:115} INFO - [2024-05-14 23:06:02,907] {dagbag.py:507} INFO - Filling up the DagBag from /home/jithish/Documents/airflow-dag1/.venv/lib/python3.10/site-packages/airflow/example_dags/example_trigger_controller_dag.py
[2024-05-14 23:06:02,910] {processor.py:651} INFO - DAG(s) dict_keys(['example_trigger_controller_dag']) retrieved from /home/jithish/Documents/airflow-dag1/.venv/lib/python3.10/site-packages/airflow/example_dags/example_trigger_controller_dag.py
[2024-05-14 23:06:02,921] {logging_mixin.py:115} INFO - [2024-05-14 23:06:02,921] {dag.py:2379} INFO - Sync 1 DAGs
[2024-05-14 23:06:02,932] {logging_mixin.py:115} INFO - [2024-05-14 23:06:02,932] {dag.py:2923} INFO - Setting next_dagrun for example_trigger_controller_dag to 2021-01-01T00:00:00+00:00, run_after=2021-01-01T00:00:00+00:00
[2024-05-14 23:06:02,952] {processor.py:161} INFO - Processing /home/jithish/Documents/airflow-dag1/.venv/lib/python3.10/site-packages/airflow/example_dags/example_trigger_controller_dag.py took 0.108 seconds
[2024-05-14 23:06:32,002] {processor.py:153} INFO - Started process (PID=23213) to work on /home/jithish/Documents/airflow-dag1/.venv/lib/python3.10/site-packages/airflow/example_dags/example_trigger_controller_dag.py
[2024-05-14 23:06:32,063] {processor.py:641} INFO - Processing file /home/jithish/Documents/airflow-dag1/.venv/lib/python3.10/site-packages/airflow/example_dags/example_trigger_controller_dag.py for tasks to queue
[2024-05-14 23:06:32,064] {logging_mixin.py:115} INFO - [2024-05-14 23:06:32,064] {dagbag.py:507} INFO - Filling up the DagBag from /home/jithish/Documents/airflow-dag1/.venv/lib/python3.10/site-packages/airflow/example_dags/example_trigger_controller_dag.py
[2024-05-14 23:06:32,069] {processor.py:651} INFO - DAG(s) dict_keys(['example_trigger_controller_dag']) retrieved from /home/jithish/Documents/airflow-dag1/.venv/lib/python3.10/site-packages/airflow/example_dags/example_trigger_controller_dag.py
[2024-05-14 23:06:32,088] {logging_mixin.py:115} INFO - [2024-05-14 23:06:32,088] {dag.py:2379} INFO - Sync 1 DAGs
[2024-05-14 23:06:32,103] {logging_mixin.py:115} INFO - [2024-05-14 23:06:32,103] {dag.py:2923} INFO - Setting next_dagrun for example_trigger_controller_dag to 2021-01-01T00:00:00+00:00, run_after=2021-01-01T00:00:00+00:00
[2024-05-14 23:06:32,116] {processor.py:161} INFO - Processing /home/jithish/Documents/airflow-dag1/.venv/lib/python3.10/site-packages/airflow/example_dags/example_trigger_controller_dag.py took 0.119 seconds
[2024-05-14 23:07:07,473] {processor.py:153} INFO - Started process (PID=23774) to work on /home/jithish/Documents/airflow-dag1/.venv/lib/python3.10/site-packages/airflow/example_dags/example_trigger_controller_dag.py
[2024-05-14 23:07:07,534] {processor.py:641} INFO - Processing file /home/jithish/Documents/airflow-dag1/.venv/lib/python3.10/site-packages/airflow/example_dags/example_trigger_controller_dag.py for tasks to queue
[2024-05-14 23:07:07,535] {logging_mixin.py:115} INFO - [2024-05-14 23:07:07,535] {dagbag.py:507} INFO - Filling up the DagBag from /home/jithish/Documents/airflow-dag1/.venv/lib/python3.10/site-packages/airflow/example_dags/example_trigger_controller_dag.py
[2024-05-14 23:07:07,537] {processor.py:651} INFO - DAG(s) dict_keys(['example_trigger_controller_dag']) retrieved from /home/jithish/Documents/airflow-dag1/.venv/lib/python3.10/site-packages/airflow/example_dags/example_trigger_controller_dag.py
[2024-05-14 23:07:07,549] {logging_mixin.py:115} INFO - [2024-05-14 23:07:07,549] {dag.py:2379} INFO - Sync 1 DAGs
[2024-05-14 23:07:07,562] {logging_mixin.py:115} INFO - [2024-05-14 23:07:07,562] {dag.py:2923} INFO - Setting next_dagrun for example_trigger_controller_dag to 2021-01-01T00:00:00+00:00, run_after=2021-01-01T00:00:00+00:00
[2024-05-14 23:07:07,581] {processor.py:161} INFO - Processing /home/jithish/Documents/airflow-dag1/.venv/lib/python3.10/site-packages/airflow/example_dags/example_trigger_controller_dag.py took 0.116 seconds
[2024-05-14 23:07:42,676] {processor.py:153} INFO - Started process (PID=24103) to work on /home/jithish/Documents/airflow-dag1/.venv/lib/python3.10/site-packages/airflow/example_dags/example_trigger_controller_dag.py
[2024-05-14 23:07:42,677] {processor.py:641} INFO - Processing file /home/jithish/Documents/airflow-dag1/.venv/lib/python3.10/site-packages/airflow/example_dags/example_trigger_controller_dag.py for tasks to queue
[2024-05-14 23:07:42,678] {logging_mixin.py:115} INFO - [2024-05-14 23:07:42,678] {dagbag.py:507} INFO - Filling up the DagBag from /home/jithish/Documents/airflow-dag1/.venv/lib/python3.10/site-packages/airflow/example_dags/example_trigger_controller_dag.py
[2024-05-14 23:07:42,682] {processor.py:651} INFO - DAG(s) dict_keys(['example_trigger_controller_dag']) retrieved from /home/jithish/Documents/airflow-dag1/.venv/lib/python3.10/site-packages/airflow/example_dags/example_trigger_controller_dag.py
[2024-05-14 23:07:42,698] {logging_mixin.py:115} INFO - [2024-05-14 23:07:42,698] {dag.py:2379} INFO - Sync 1 DAGs
[2024-05-14 23:07:42,715] {logging_mixin.py:115} INFO - [2024-05-14 23:07:42,715] {dag.py:2923} INFO - Setting next_dagrun for example_trigger_controller_dag to 2021-01-01T00:00:00+00:00, run_after=2021-01-01T00:00:00+00:00
[2024-05-14 23:07:42,730] {processor.py:161} INFO - Processing /home/jithish/Documents/airflow-dag1/.venv/lib/python3.10/site-packages/airflow/example_dags/example_trigger_controller_dag.py took 0.057 seconds
