[2024-05-14 23:04:14,750] {processor.py:153} INFO - Started process (PID=21602) to work on /home/jithish/Documents/airflow-dag1/.venv/lib/python3.10/site-packages/airflow/example_dags/example_local_kubernetes_executor.py
[2024-05-14 23:04:14,750] {processor.py:641} INFO - Processing file /home/jithish/Documents/airflow-dag1/.venv/lib/python3.10/site-packages/airflow/example_dags/example_local_kubernetes_executor.py for tasks to queue
[2024-05-14 23:04:14,751] {logging_mixin.py:115} INFO - [2024-05-14 23:04:14,751] {dagbag.py:507} INFO - Filling up the DagBag from /home/jithish/Documents/airflow-dag1/.venv/lib/python3.10/site-packages/airflow/example_dags/example_local_kubernetes_executor.py
[2024-05-14 23:04:14,760] {logging_mixin.py:115} INFO - [2024-05-14 23:04:14,760] {example_local_kubernetes_executor.py:37} WARNING - Could not import DAGs in example_local_kubernetes_executor.py
Traceback (most recent call last):
  File "/home/jithish/Documents/airflow-dag1/.venv/lib/python3.10/site-packages/airflow/example_dags/example_local_kubernetes_executor.py", line 35, in <module>
    from kubernetes.client import models as k8s
ModuleNotFoundError: No module named 'kubernetes'
[2024-05-14 23:04:14,760] {logging_mixin.py:115} INFO - [2024-05-14 23:04:14,760] {example_local_kubernetes_executor.py:38} WARNING - Install Kubernetes dependencies with: pip install apache-airflow[cncf.kubernetes]
[2024-05-14 23:04:14,760] {processor.py:653} WARNING - No viable dags retrieved from /home/jithish/Documents/airflow-dag1/.venv/lib/python3.10/site-packages/airflow/example_dags/example_local_kubernetes_executor.py
[2024-05-14 23:04:14,767] {processor.py:161} INFO - Processing /home/jithish/Documents/airflow-dag1/.venv/lib/python3.10/site-packages/airflow/example_dags/example_local_kubernetes_executor.py took 0.019 seconds
[2024-05-14 23:04:51,824] {processor.py:153} INFO - Started process (PID=22130) to work on /home/jithish/Documents/airflow-dag1/.venv/lib/python3.10/site-packages/airflow/example_dags/example_local_kubernetes_executor.py
[2024-05-14 23:04:51,824] {processor.py:641} INFO - Processing file /home/jithish/Documents/airflow-dag1/.venv/lib/python3.10/site-packages/airflow/example_dags/example_local_kubernetes_executor.py for tasks to queue
[2024-05-14 23:04:51,825] {logging_mixin.py:115} INFO - [2024-05-14 23:04:51,825] {dagbag.py:507} INFO - Filling up the DagBag from /home/jithish/Documents/airflow-dag1/.venv/lib/python3.10/site-packages/airflow/example_dags/example_local_kubernetes_executor.py
[2024-05-14 23:04:51,839] {logging_mixin.py:115} INFO - [2024-05-14 23:04:51,838] {example_local_kubernetes_executor.py:37} WARNING - Could not import DAGs in example_local_kubernetes_executor.py
Traceback (most recent call last):
  File "/home/jithish/Documents/airflow-dag1/.venv/lib/python3.10/site-packages/airflow/example_dags/example_local_kubernetes_executor.py", line 35, in <module>
    from kubernetes.client import models as k8s
ModuleNotFoundError: No module named 'kubernetes'
[2024-05-14 23:04:51,839] {logging_mixin.py:115} INFO - [2024-05-14 23:04:51,839] {example_local_kubernetes_executor.py:38} WARNING - Install Kubernetes dependencies with: pip install apache-airflow[cncf.kubernetes]
[2024-05-14 23:04:51,839] {processor.py:653} WARNING - No viable dags retrieved from /home/jithish/Documents/airflow-dag1/.venv/lib/python3.10/site-packages/airflow/example_dags/example_local_kubernetes_executor.py
[2024-05-14 23:04:51,849] {processor.py:161} INFO - Processing /home/jithish/Documents/airflow-dag1/.venv/lib/python3.10/site-packages/airflow/example_dags/example_local_kubernetes_executor.py took 0.028 seconds
[2024-05-14 23:05:26,117] {processor.py:153} INFO - Started process (PID=22495) to work on /home/jithish/Documents/airflow-dag1/.venv/lib/python3.10/site-packages/airflow/example_dags/example_local_kubernetes_executor.py
[2024-05-14 23:05:26,177] {processor.py:641} INFO - Processing file /home/jithish/Documents/airflow-dag1/.venv/lib/python3.10/site-packages/airflow/example_dags/example_local_kubernetes_executor.py for tasks to queue
[2024-05-14 23:05:26,178] {logging_mixin.py:115} INFO - [2024-05-14 23:05:26,178] {dagbag.py:507} INFO - Filling up the DagBag from /home/jithish/Documents/airflow-dag1/.venv/lib/python3.10/site-packages/airflow/example_dags/example_local_kubernetes_executor.py
[2024-05-14 23:05:26,189] {logging_mixin.py:115} INFO - [2024-05-14 23:05:26,188] {example_local_kubernetes_executor.py:37} WARNING - Could not import DAGs in example_local_kubernetes_executor.py
Traceback (most recent call last):
  File "/home/jithish/Documents/airflow-dag1/.venv/lib/python3.10/site-packages/airflow/example_dags/example_local_kubernetes_executor.py", line 35, in <module>
    from kubernetes.client import models as k8s
ModuleNotFoundError: No module named 'kubernetes'
[2024-05-14 23:05:26,189] {logging_mixin.py:115} INFO - [2024-05-14 23:05:26,189] {example_local_kubernetes_executor.py:38} WARNING - Install Kubernetes dependencies with: pip install apache-airflow[cncf.kubernetes]
[2024-05-14 23:05:26,189] {processor.py:653} WARNING - No viable dags retrieved from /home/jithish/Documents/airflow-dag1/.venv/lib/python3.10/site-packages/airflow/example_dags/example_local_kubernetes_executor.py
[2024-05-14 23:05:26,196] {processor.py:161} INFO - Processing /home/jithish/Documents/airflow-dag1/.venv/lib/python3.10/site-packages/airflow/example_dags/example_local_kubernetes_executor.py took 0.085 seconds
[2024-05-14 23:06:00,266] {processor.py:153} INFO - Started process (PID=22753) to work on /home/jithish/Documents/airflow-dag1/.venv/lib/python3.10/site-packages/airflow/example_dags/example_local_kubernetes_executor.py
[2024-05-14 23:06:00,327] {processor.py:641} INFO - Processing file /home/jithish/Documents/airflow-dag1/.venv/lib/python3.10/site-packages/airflow/example_dags/example_local_kubernetes_executor.py for tasks to queue
[2024-05-14 23:06:00,328] {logging_mixin.py:115} INFO - [2024-05-14 23:06:00,328] {dagbag.py:507} INFO - Filling up the DagBag from /home/jithish/Documents/airflow-dag1/.venv/lib/python3.10/site-packages/airflow/example_dags/example_local_kubernetes_executor.py
[2024-05-14 23:06:00,362] {logging_mixin.py:115} INFO - [2024-05-14 23:06:00,362] {example_local_kubernetes_executor.py:37} WARNING - Could not import DAGs in example_local_kubernetes_executor.py
Traceback (most recent call last):
  File "/home/jithish/Documents/airflow-dag1/.venv/lib/python3.10/site-packages/airflow/example_dags/example_local_kubernetes_executor.py", line 35, in <module>
    from kubernetes.client import models as k8s
ModuleNotFoundError: No module named 'kubernetes'
[2024-05-14 23:06:00,362] {logging_mixin.py:115} INFO - [2024-05-14 23:06:00,362] {example_local_kubernetes_executor.py:38} WARNING - Install Kubernetes dependencies with: pip install apache-airflow[cncf.kubernetes]
[2024-05-14 23:06:00,363] {processor.py:653} WARNING - No viable dags retrieved from /home/jithish/Documents/airflow-dag1/.venv/lib/python3.10/site-packages/airflow/example_dags/example_local_kubernetes_executor.py
[2024-05-14 23:06:00,373] {processor.py:161} INFO - Processing /home/jithish/Documents/airflow-dag1/.venv/lib/python3.10/site-packages/airflow/example_dags/example_local_kubernetes_executor.py took 0.109 seconds
[2024-05-14 23:06:29,533] {processor.py:153} INFO - Started process (PID=23199) to work on /home/jithish/Documents/airflow-dag1/.venv/lib/python3.10/site-packages/airflow/example_dags/example_local_kubernetes_executor.py
[2024-05-14 23:06:29,594] {processor.py:641} INFO - Processing file /home/jithish/Documents/airflow-dag1/.venv/lib/python3.10/site-packages/airflow/example_dags/example_local_kubernetes_executor.py for tasks to queue
[2024-05-14 23:06:29,596] {logging_mixin.py:115} INFO - [2024-05-14 23:06:29,595] {dagbag.py:507} INFO - Filling up the DagBag from /home/jithish/Documents/airflow-dag1/.venv/lib/python3.10/site-packages/airflow/example_dags/example_local_kubernetes_executor.py
[2024-05-14 23:06:29,630] {logging_mixin.py:115} INFO - [2024-05-14 23:06:29,630] {example_local_kubernetes_executor.py:37} WARNING - Could not import DAGs in example_local_kubernetes_executor.py
Traceback (most recent call last):
  File "/home/jithish/Documents/airflow-dag1/.venv/lib/python3.10/site-packages/airflow/example_dags/example_local_kubernetes_executor.py", line 35, in <module>
    from kubernetes.client import models as k8s
ModuleNotFoundError: No module named 'kubernetes'
[2024-05-14 23:06:29,631] {logging_mixin.py:115} INFO - [2024-05-14 23:06:29,631] {example_local_kubernetes_executor.py:38} WARNING - Install Kubernetes dependencies with: pip install apache-airflow[cncf.kubernetes]
[2024-05-14 23:06:29,631] {processor.py:653} WARNING - No viable dags retrieved from /home/jithish/Documents/airflow-dag1/.venv/lib/python3.10/site-packages/airflow/example_dags/example_local_kubernetes_executor.py
[2024-05-14 23:06:29,642] {processor.py:161} INFO - Processing /home/jithish/Documents/airflow-dag1/.venv/lib/python3.10/site-packages/airflow/example_dags/example_local_kubernetes_executor.py took 0.111 seconds
[2024-05-14 23:07:06,024] {processor.py:153} INFO - Started process (PID=23762) to work on /home/jithish/Documents/airflow-dag1/.venv/lib/python3.10/site-packages/airflow/example_dags/example_local_kubernetes_executor.py
[2024-05-14 23:07:06,084] {processor.py:641} INFO - Processing file /home/jithish/Documents/airflow-dag1/.venv/lib/python3.10/site-packages/airflow/example_dags/example_local_kubernetes_executor.py for tasks to queue
[2024-05-14 23:07:06,085] {logging_mixin.py:115} INFO - [2024-05-14 23:07:06,085] {dagbag.py:507} INFO - Filling up the DagBag from /home/jithish/Documents/airflow-dag1/.venv/lib/python3.10/site-packages/airflow/example_dags/example_local_kubernetes_executor.py
[2024-05-14 23:07:06,100] {logging_mixin.py:115} INFO - [2024-05-14 23:07:06,099] {example_local_kubernetes_executor.py:37} WARNING - Could not import DAGs in example_local_kubernetes_executor.py
Traceback (most recent call last):
  File "/home/jithish/Documents/airflow-dag1/.venv/lib/python3.10/site-packages/airflow/example_dags/example_local_kubernetes_executor.py", line 35, in <module>
    from kubernetes.client import models as k8s
ModuleNotFoundError: No module named 'kubernetes'
[2024-05-14 23:07:06,100] {logging_mixin.py:115} INFO - [2024-05-14 23:07:06,100] {example_local_kubernetes_executor.py:38} WARNING - Install Kubernetes dependencies with: pip install apache-airflow[cncf.kubernetes]
[2024-05-14 23:07:06,100] {processor.py:653} WARNING - No viable dags retrieved from /home/jithish/Documents/airflow-dag1/.venv/lib/python3.10/site-packages/airflow/example_dags/example_local_kubernetes_executor.py
[2024-05-14 23:07:06,109] {processor.py:161} INFO - Processing /home/jithish/Documents/airflow-dag1/.venv/lib/python3.10/site-packages/airflow/example_dags/example_local_kubernetes_executor.py took 0.087 seconds
[2024-05-14 23:07:40,208] {processor.py:153} INFO - Started process (PID=24071) to work on /home/jithish/Documents/airflow-dag1/.venv/lib/python3.10/site-packages/airflow/example_dags/example_local_kubernetes_executor.py
[2024-05-14 23:07:40,269] {processor.py:641} INFO - Processing file /home/jithish/Documents/airflow-dag1/.venv/lib/python3.10/site-packages/airflow/example_dags/example_local_kubernetes_executor.py for tasks to queue
[2024-05-14 23:07:40,270] {logging_mixin.py:115} INFO - [2024-05-14 23:07:40,270] {dagbag.py:507} INFO - Filling up the DagBag from /home/jithish/Documents/airflow-dag1/.venv/lib/python3.10/site-packages/airflow/example_dags/example_local_kubernetes_executor.py
[2024-05-14 23:07:40,303] {logging_mixin.py:115} INFO - [2024-05-14 23:07:40,302] {example_local_kubernetes_executor.py:37} WARNING - Could not import DAGs in example_local_kubernetes_executor.py
Traceback (most recent call last):
  File "/home/jithish/Documents/airflow-dag1/.venv/lib/python3.10/site-packages/airflow/example_dags/example_local_kubernetes_executor.py", line 35, in <module>
    from kubernetes.client import models as k8s
ModuleNotFoundError: No module named 'kubernetes'
[2024-05-14 23:07:40,303] {logging_mixin.py:115} INFO - [2024-05-14 23:07:40,303] {example_local_kubernetes_executor.py:38} WARNING - Install Kubernetes dependencies with: pip install apache-airflow[cncf.kubernetes]
[2024-05-14 23:07:40,303] {processor.py:653} WARNING - No viable dags retrieved from /home/jithish/Documents/airflow-dag1/.venv/lib/python3.10/site-packages/airflow/example_dags/example_local_kubernetes_executor.py
[2024-05-14 23:07:40,312] {processor.py:161} INFO - Processing /home/jithish/Documents/airflow-dag1/.venv/lib/python3.10/site-packages/airflow/example_dags/example_local_kubernetes_executor.py took 0.107 seconds
