[2024-05-14 23:04:41,585] {processor.py:153} INFO - Started process (PID=21925) to work on /home/jithish/Documents/airflow-dag1/.venv/lib/python3.10/site-packages/airflow/example_dags/example_branch_datetime_operator.py
[2024-05-14 23:04:41,585] {processor.py:641} INFO - Processing file /home/jithish/Documents/airflow-dag1/.venv/lib/python3.10/site-packages/airflow/example_dags/example_branch_datetime_operator.py for tasks to queue
[2024-05-14 23:04:41,586] {logging_mixin.py:115} INFO - [2024-05-14 23:04:41,586] {dagbag.py:507} INFO - Filling up the DagBag from /home/jithish/Documents/airflow-dag1/.venv/lib/python3.10/site-packages/airflow/example_dags/example_branch_datetime_operator.py
[2024-05-14 23:04:41,592] {processor.py:651} INFO - DAG(s) dict_keys(['example_branch_datetime_operator_2']) retrieved from /home/jithish/Documents/airflow-dag1/.venv/lib/python3.10/site-packages/airflow/example_dags/example_branch_datetime_operator.py
[2024-05-14 23:04:41,699] {logging_mixin.py:115} INFO - [2024-05-14 23:04:41,698] {manager.py:508} INFO - Created Permission View: can edit on DAG:example_branch_datetime_operator_2
[2024-05-14 23:04:41,705] {logging_mixin.py:115} INFO - [2024-05-14 23:04:41,705] {manager.py:508} INFO - Created Permission View: can read on DAG:example_branch_datetime_operator_2
[2024-05-14 23:04:41,711] {logging_mixin.py:115} INFO - [2024-05-14 23:04:41,711] {manager.py:508} INFO - Created Permission View: can delete on DAG:example_branch_datetime_operator_2
[2024-05-14 23:04:41,712] {logging_mixin.py:115} INFO - [2024-05-14 23:04:41,711] {dag.py:2379} INFO - Sync 1 DAGs
[2024-05-14 23:04:41,717] {logging_mixin.py:115} INFO - [2024-05-14 23:04:41,717] {dag.py:2398} INFO - Creating ORM DAG for example_branch_datetime_operator_2
[2024-05-14 23:04:41,725] {logging_mixin.py:115} INFO - [2024-05-14 23:04:41,725] {dag.py:2923} INFO - Setting next_dagrun for example_branch_datetime_operator_2 to 2024-05-13T00:00:00+00:00, run_after=2024-05-14T00:00:00+00:00
[2024-05-14 23:04:41,736] {processor.py:161} INFO - Processing /home/jithish/Documents/airflow-dag1/.venv/lib/python3.10/site-packages/airflow/example_dags/example_branch_datetime_operator.py took 0.153 seconds
[2024-05-14 23:05:16,705] {processor.py:153} INFO - Started process (PID=22370) to work on /home/jithish/Documents/airflow-dag1/.venv/lib/python3.10/site-packages/airflow/example_dags/example_branch_datetime_operator.py
[2024-05-14 23:05:16,767] {processor.py:641} INFO - Processing file /home/jithish/Documents/airflow-dag1/.venv/lib/python3.10/site-packages/airflow/example_dags/example_branch_datetime_operator.py for tasks to queue
[2024-05-14 23:05:16,769] {logging_mixin.py:115} INFO - [2024-05-14 23:05:16,769] {dagbag.py:507} INFO - Filling up the DagBag from /home/jithish/Documents/airflow-dag1/.venv/lib/python3.10/site-packages/airflow/example_dags/example_branch_datetime_operator.py
[2024-05-14 23:05:16,794] {processor.py:651} INFO - DAG(s) dict_keys(['example_branch_datetime_operator_2']) retrieved from /home/jithish/Documents/airflow-dag1/.venv/lib/python3.10/site-packages/airflow/example_dags/example_branch_datetime_operator.py
[2024-05-14 23:05:16,834] {logging_mixin.py:115} INFO - [2024-05-14 23:05:16,834] {dag.py:2379} INFO - Sync 1 DAGs
[2024-05-14 23:05:16,859] {logging_mixin.py:115} INFO - [2024-05-14 23:05:16,859] {dag.py:2923} INFO - Setting next_dagrun for example_branch_datetime_operator_2 to 2024-05-13T00:00:00+00:00, run_after=2024-05-14T00:00:00+00:00
[2024-05-14 23:05:16,876] {processor.py:161} INFO - Processing /home/jithish/Documents/airflow-dag1/.venv/lib/python3.10/site-packages/airflow/example_dags/example_branch_datetime_operator.py took 0.173 seconds
[2024-05-14 23:05:51,042] {processor.py:153} INFO - Started process (PID=22690) to work on /home/jithish/Documents/airflow-dag1/.venv/lib/python3.10/site-packages/airflow/example_dags/example_branch_datetime_operator.py
[2024-05-14 23:05:51,045] {processor.py:641} INFO - Processing file /home/jithish/Documents/airflow-dag1/.venv/lib/python3.10/site-packages/airflow/example_dags/example_branch_datetime_operator.py for tasks to queue
[2024-05-14 23:05:51,045] {logging_mixin.py:115} INFO - [2024-05-14 23:05:51,045] {dagbag.py:507} INFO - Filling up the DagBag from /home/jithish/Documents/airflow-dag1/.venv/lib/python3.10/site-packages/airflow/example_dags/example_branch_datetime_operator.py
[2024-05-14 23:05:51,054] {processor.py:651} INFO - DAG(s) dict_keys(['example_branch_datetime_operator_2']) retrieved from /home/jithish/Documents/airflow-dag1/.venv/lib/python3.10/site-packages/airflow/example_dags/example_branch_datetime_operator.py
[2024-05-14 23:05:51,068] {logging_mixin.py:115} INFO - [2024-05-14 23:05:51,068] {dag.py:2379} INFO - Sync 1 DAGs
[2024-05-14 23:05:51,083] {logging_mixin.py:115} INFO - [2024-05-14 23:05:51,083] {dag.py:2923} INFO - Setting next_dagrun for example_branch_datetime_operator_2 to 2024-05-13T00:00:00+00:00, run_after=2024-05-14T00:00:00+00:00
[2024-05-14 23:05:51,096] {processor.py:161} INFO - Processing /home/jithish/Documents/airflow-dag1/.venv/lib/python3.10/site-packages/airflow/example_dags/example_branch_datetime_operator.py took 0.059 seconds
[2024-05-14 23:06:55,987] {processor.py:153} INFO - Started process (PID=23585) to work on /home/jithish/Documents/airflow-dag1/.venv/lib/python3.10/site-packages/airflow/example_dags/example_branch_datetime_operator.py
[2024-05-14 23:06:56,047] {processor.py:641} INFO - Processing file /home/jithish/Documents/airflow-dag1/.venv/lib/python3.10/site-packages/airflow/example_dags/example_branch_datetime_operator.py for tasks to queue
[2024-05-14 23:06:56,048] {logging_mixin.py:115} INFO - [2024-05-14 23:06:56,047] {dagbag.py:507} INFO - Filling up the DagBag from /home/jithish/Documents/airflow-dag1/.venv/lib/python3.10/site-packages/airflow/example_dags/example_branch_datetime_operator.py
[2024-05-14 23:06:56,054] {processor.py:651} INFO - DAG(s) dict_keys(['example_branch_datetime_operator_2']) retrieved from /home/jithish/Documents/airflow-dag1/.venv/lib/python3.10/site-packages/airflow/example_dags/example_branch_datetime_operator.py
[2024-05-14 23:06:56,067] {logging_mixin.py:115} INFO - [2024-05-14 23:06:56,067] {dag.py:2379} INFO - Sync 1 DAGs
[2024-05-14 23:06:56,083] {logging_mixin.py:115} INFO - [2024-05-14 23:06:56,083] {dag.py:2923} INFO - Setting next_dagrun for example_branch_datetime_operator_2 to 2024-05-13T00:00:00+00:00, run_after=2024-05-14T00:00:00+00:00
[2024-05-14 23:06:56,093] {processor.py:161} INFO - Processing /home/jithish/Documents/airflow-dag1/.venv/lib/python3.10/site-packages/airflow/example_dags/example_branch_datetime_operator.py took 0.108 seconds
[2024-05-14 23:07:30,843] {processor.py:153} INFO - Started process (PID=23993) to work on /home/jithish/Documents/airflow-dag1/.venv/lib/python3.10/site-packages/airflow/example_dags/example_branch_datetime_operator.py
[2024-05-14 23:07:30,843] {processor.py:641} INFO - Processing file /home/jithish/Documents/airflow-dag1/.venv/lib/python3.10/site-packages/airflow/example_dags/example_branch_datetime_operator.py for tasks to queue
[2024-05-14 23:07:30,844] {logging_mixin.py:115} INFO - [2024-05-14 23:07:30,844] {dagbag.py:507} INFO - Filling up the DagBag from /home/jithish/Documents/airflow-dag1/.venv/lib/python3.10/site-packages/airflow/example_dags/example_branch_datetime_operator.py
[2024-05-14 23:07:30,851] {processor.py:651} INFO - DAG(s) dict_keys(['example_branch_datetime_operator_2']) retrieved from /home/jithish/Documents/airflow-dag1/.venv/lib/python3.10/site-packages/airflow/example_dags/example_branch_datetime_operator.py
[2024-05-14 23:07:30,867] {logging_mixin.py:115} INFO - [2024-05-14 23:07:30,867] {dag.py:2379} INFO - Sync 1 DAGs
[2024-05-14 23:07:30,889] {logging_mixin.py:115} INFO - [2024-05-14 23:07:30,889] {dag.py:2923} INFO - Setting next_dagrun for example_branch_datetime_operator_2 to 2024-05-13T00:00:00+00:00, run_after=2024-05-14T00:00:00+00:00
[2024-05-14 23:07:30,902] {processor.py:161} INFO - Processing /home/jithish/Documents/airflow-dag1/.venv/lib/python3.10/site-packages/airflow/example_dags/example_branch_datetime_operator.py took 0.061 seconds
