[2024-05-14 23:04:43,303] {processor.py:153} INFO - Started process (PID=21934) to work on /home/jithish/Documents/airflow-dag1/.venv/lib/python3.10/site-packages/airflow/example_dags/example_branch_python_dop_operator_3.py
[2024-05-14 23:04:43,303] {processor.py:641} INFO - Processing file /home/jithish/Documents/airflow-dag1/.venv/lib/python3.10/site-packages/airflow/example_dags/example_branch_python_dop_operator_3.py for tasks to queue
[2024-05-14 23:04:43,303] {logging_mixin.py:115} INFO - [2024-05-14 23:04:43,303] {dagbag.py:507} INFO - Filling up the DagBag from /home/jithish/Documents/airflow-dag1/.venv/lib/python3.10/site-packages/airflow/example_dags/example_branch_python_dop_operator_3.py
[2024-05-14 23:04:43,312] {processor.py:651} INFO - DAG(s) dict_keys(['example_branch_dop_operator_v3']) retrieved from /home/jithish/Documents/airflow-dag1/.venv/lib/python3.10/site-packages/airflow/example_dags/example_branch_python_dop_operator_3.py
[2024-05-14 23:04:43,431] {logging_mixin.py:115} INFO - [2024-05-14 23:04:43,431] {manager.py:508} INFO - Created Permission View: can edit on DAG:example_branch_dop_operator_v3
[2024-05-14 23:04:43,442] {logging_mixin.py:115} INFO - [2024-05-14 23:04:43,442] {manager.py:508} INFO - Created Permission View: can read on DAG:example_branch_dop_operator_v3
[2024-05-14 23:04:43,450] {logging_mixin.py:115} INFO - [2024-05-14 23:04:43,450] {manager.py:508} INFO - Created Permission View: can delete on DAG:example_branch_dop_operator_v3
[2024-05-14 23:04:43,450] {logging_mixin.py:115} INFO - [2024-05-14 23:04:43,450] {dag.py:2379} INFO - Sync 1 DAGs
[2024-05-14 23:04:43,459] {logging_mixin.py:115} INFO - [2024-05-14 23:04:43,459] {dag.py:2398} INFO - Creating ORM DAG for example_branch_dop_operator_v3
[2024-05-14 23:04:43,481] {logging_mixin.py:115} INFO - [2024-05-14 23:04:43,481] {dag.py:2923} INFO - Setting next_dagrun for example_branch_dop_operator_v3 to 2024-05-14T15:03:00+00:00, run_after=2024-05-14T15:04:00+00:00
[2024-05-14 23:04:43,502] {processor.py:161} INFO - Processing /home/jithish/Documents/airflow-dag1/.venv/lib/python3.10/site-packages/airflow/example_dags/example_branch_python_dop_operator_3.py took 0.202 seconds
[2024-05-14 23:05:18,345] {processor.py:153} INFO - Started process (PID=22433) to work on /home/jithish/Documents/airflow-dag1/.venv/lib/python3.10/site-packages/airflow/example_dags/example_branch_python_dop_operator_3.py
[2024-05-14 23:05:18,411] {processor.py:641} INFO - Processing file /home/jithish/Documents/airflow-dag1/.venv/lib/python3.10/site-packages/airflow/example_dags/example_branch_python_dop_operator_3.py for tasks to queue
[2024-05-14 23:05:18,412] {logging_mixin.py:115} INFO - [2024-05-14 23:05:18,412] {dagbag.py:507} INFO - Filling up the DagBag from /home/jithish/Documents/airflow-dag1/.venv/lib/python3.10/site-packages/airflow/example_dags/example_branch_python_dop_operator_3.py
[2024-05-14 23:05:18,438] {processor.py:651} INFO - DAG(s) dict_keys(['example_branch_dop_operator_v3']) retrieved from /home/jithish/Documents/airflow-dag1/.venv/lib/python3.10/site-packages/airflow/example_dags/example_branch_python_dop_operator_3.py
[2024-05-14 23:05:18,465] {logging_mixin.py:115} INFO - [2024-05-14 23:05:18,465] {dag.py:2379} INFO - Sync 1 DAGs
[2024-05-14 23:05:18,487] {logging_mixin.py:115} INFO - [2024-05-14 23:05:18,487] {dag.py:2923} INFO - Setting next_dagrun for example_branch_dop_operator_v3 to 2024-05-14T15:04:00+00:00, run_after=2024-05-14T15:05:00+00:00
[2024-05-14 23:05:18,498] {processor.py:161} INFO - Processing /home/jithish/Documents/airflow-dag1/.venv/lib/python3.10/site-packages/airflow/example_dags/example_branch_python_dop_operator_3.py took 0.155 seconds
[2024-05-14 23:05:52,842] {processor.py:153} INFO - Started process (PID=22706) to work on /home/jithish/Documents/airflow-dag1/.venv/lib/python3.10/site-packages/airflow/example_dags/example_branch_python_dop_operator_3.py
[2024-05-14 23:05:52,902] {processor.py:641} INFO - Processing file /home/jithish/Documents/airflow-dag1/.venv/lib/python3.10/site-packages/airflow/example_dags/example_branch_python_dop_operator_3.py for tasks to queue
[2024-05-14 23:05:52,903] {logging_mixin.py:115} INFO - [2024-05-14 23:05:52,902] {dagbag.py:507} INFO - Filling up the DagBag from /home/jithish/Documents/airflow-dag1/.venv/lib/python3.10/site-packages/airflow/example_dags/example_branch_python_dop_operator_3.py
[2024-05-14 23:05:52,910] {processor.py:651} INFO - DAG(s) dict_keys(['example_branch_dop_operator_v3']) retrieved from /home/jithish/Documents/airflow-dag1/.venv/lib/python3.10/site-packages/airflow/example_dags/example_branch_python_dop_operator_3.py
[2024-05-14 23:05:52,921] {logging_mixin.py:115} INFO - [2024-05-14 23:05:52,921] {dag.py:2379} INFO - Sync 1 DAGs
[2024-05-14 23:05:52,937] {logging_mixin.py:115} INFO - [2024-05-14 23:05:52,937] {dag.py:2923} INFO - Setting next_dagrun for example_branch_dop_operator_v3 to 2024-05-14T15:04:00+00:00, run_after=2024-05-14T15:05:00+00:00
[2024-05-14 23:05:52,945] {processor.py:161} INFO - Processing /home/jithish/Documents/airflow-dag1/.venv/lib/python3.10/site-packages/airflow/example_dags/example_branch_python_dop_operator_3.py took 0.111 seconds
[2024-05-14 23:06:58,273] {processor.py:153} INFO - Started process (PID=23648) to work on /home/jithish/Documents/airflow-dag1/.venv/lib/python3.10/site-packages/airflow/example_dags/example_branch_python_dop_operator_3.py
[2024-05-14 23:06:58,276] {processor.py:641} INFO - Processing file /home/jithish/Documents/airflow-dag1/.venv/lib/python3.10/site-packages/airflow/example_dags/example_branch_python_dop_operator_3.py for tasks to queue
[2024-05-14 23:06:58,276] {logging_mixin.py:115} INFO - [2024-05-14 23:06:58,276] {dagbag.py:507} INFO - Filling up the DagBag from /home/jithish/Documents/airflow-dag1/.venv/lib/python3.10/site-packages/airflow/example_dags/example_branch_python_dop_operator_3.py
[2024-05-14 23:06:58,284] {processor.py:651} INFO - DAG(s) dict_keys(['example_branch_dop_operator_v3']) retrieved from /home/jithish/Documents/airflow-dag1/.venv/lib/python3.10/site-packages/airflow/example_dags/example_branch_python_dop_operator_3.py
[2024-05-14 23:06:58,298] {logging_mixin.py:115} INFO - [2024-05-14 23:06:58,298] {dag.py:2379} INFO - Sync 1 DAGs
[2024-05-14 23:06:58,317] {logging_mixin.py:115} INFO - [2024-05-14 23:06:58,317] {dag.py:2923} INFO - Setting next_dagrun for example_branch_dop_operator_v3 to 2024-05-14T15:05:00+00:00, run_after=2024-05-14T15:06:00+00:00
[2024-05-14 23:06:58,331] {processor.py:161} INFO - Processing /home/jithish/Documents/airflow-dag1/.venv/lib/python3.10/site-packages/airflow/example_dags/example_branch_python_dop_operator_3.py took 0.061 seconds
[2024-05-14 23:07:33,246] {processor.py:153} INFO - Started process (PID=24023) to work on /home/jithish/Documents/airflow-dag1/.venv/lib/python3.10/site-packages/airflow/example_dags/example_branch_python_dop_operator_3.py
[2024-05-14 23:07:33,308] {processor.py:641} INFO - Processing file /home/jithish/Documents/airflow-dag1/.venv/lib/python3.10/site-packages/airflow/example_dags/example_branch_python_dop_operator_3.py for tasks to queue
[2024-05-14 23:07:33,309] {logging_mixin.py:115} INFO - [2024-05-14 23:07:33,309] {dagbag.py:507} INFO - Filling up the DagBag from /home/jithish/Documents/airflow-dag1/.venv/lib/python3.10/site-packages/airflow/example_dags/example_branch_python_dop_operator_3.py
[2024-05-14 23:07:33,334] {processor.py:651} INFO - DAG(s) dict_keys(['example_branch_dop_operator_v3']) retrieved from /home/jithish/Documents/airflow-dag1/.venv/lib/python3.10/site-packages/airflow/example_dags/example_branch_python_dop_operator_3.py
[2024-05-14 23:07:33,352] {logging_mixin.py:115} INFO - [2024-05-14 23:07:33,352] {dag.py:2379} INFO - Sync 1 DAGs
[2024-05-14 23:07:33,368] {logging_mixin.py:115} INFO - [2024-05-14 23:07:33,368] {dag.py:2923} INFO - Setting next_dagrun for example_branch_dop_operator_v3 to 2024-05-14T15:06:00+00:00, run_after=2024-05-14T15:07:00+00:00
[2024-05-14 23:07:33,382] {processor.py:161} INFO - Processing /home/jithish/Documents/airflow-dag1/.venv/lib/python3.10/site-packages/airflow/example_dags/example_branch_python_dop_operator_3.py took 0.145 seconds
