[2024-05-14 23:04:23,596] {processor.py:153} INFO - Started process (PID=21777) to work on /home/jithish/Documents/airflow-dag1/.venv/lib/python3.10/site-packages/airflow/example_dags/tutorial.py
[2024-05-14 23:04:23,596] {processor.py:641} INFO - Processing file /home/jithish/Documents/airflow-dag1/.venv/lib/python3.10/site-packages/airflow/example_dags/tutorial.py for tasks to queue
[2024-05-14 23:04:23,597] {logging_mixin.py:115} INFO - [2024-05-14 23:04:23,596] {dagbag.py:507} INFO - Filling up the DagBag from /home/jithish/Documents/airflow-dag1/.venv/lib/python3.10/site-packages/airflow/example_dags/tutorial.py
[2024-05-14 23:04:23,602] {processor.py:651} INFO - DAG(s) dict_keys(['tutorial']) retrieved from /home/jithish/Documents/airflow-dag1/.venv/lib/python3.10/site-packages/airflow/example_dags/tutorial.py
[2024-05-14 23:04:23,725] {logging_mixin.py:115} INFO - [2024-05-14 23:04:23,724] {manager.py:508} INFO - Created Permission View: can edit on DAG:tutorial
[2024-05-14 23:04:23,740] {logging_mixin.py:115} INFO - [2024-05-14 23:04:23,740] {manager.py:508} INFO - Created Permission View: can read on DAG:tutorial
[2024-05-14 23:04:23,748] {logging_mixin.py:115} INFO - [2024-05-14 23:04:23,747] {manager.py:508} INFO - Created Permission View: can delete on DAG:tutorial
[2024-05-14 23:04:23,748] {logging_mixin.py:115} INFO - [2024-05-14 23:04:23,748] {dag.py:2379} INFO - Sync 1 DAGs
[2024-05-14 23:04:23,754] {logging_mixin.py:115} INFO - [2024-05-14 23:04:23,754] {dag.py:2398} INFO - Creating ORM DAG for tutorial
[2024-05-14 23:04:23,760] {logging_mixin.py:115} INFO - [2024-05-14 23:04:23,760] {dag.py:2923} INFO - Setting next_dagrun for tutorial to 2024-05-13T15:04:23.760260+00:00, run_after=2024-05-14T15:04:23.760260+00:00
[2024-05-14 23:04:23,772] {processor.py:161} INFO - Processing /home/jithish/Documents/airflow-dag1/.venv/lib/python3.10/site-packages/airflow/example_dags/tutorial.py took 0.180 seconds
[2024-05-14 23:04:59,945] {processor.py:153} INFO - Started process (PID=22193) to work on /home/jithish/Documents/airflow-dag1/.venv/lib/python3.10/site-packages/airflow/example_dags/tutorial.py
[2024-05-14 23:05:00,006] {processor.py:641} INFO - Processing file /home/jithish/Documents/airflow-dag1/.venv/lib/python3.10/site-packages/airflow/example_dags/tutorial.py for tasks to queue
[2024-05-14 23:05:00,006] {logging_mixin.py:115} INFO - [2024-05-14 23:05:00,006] {dagbag.py:507} INFO - Filling up the DagBag from /home/jithish/Documents/airflow-dag1/.venv/lib/python3.10/site-packages/airflow/example_dags/tutorial.py
[2024-05-14 23:05:00,010] {processor.py:651} INFO - DAG(s) dict_keys(['tutorial']) retrieved from /home/jithish/Documents/airflow-dag1/.venv/lib/python3.10/site-packages/airflow/example_dags/tutorial.py
[2024-05-14 23:05:00,024] {logging_mixin.py:115} INFO - [2024-05-14 23:05:00,024] {dag.py:2379} INFO - Sync 1 DAGs
[2024-05-14 23:05:00,038] {logging_mixin.py:115} INFO - [2024-05-14 23:05:00,038] {dag.py:2923} INFO - Setting next_dagrun for tutorial to 2024-05-13T15:05:00.037920+00:00, run_after=2024-05-14T15:05:00.037920+00:00
[2024-05-14 23:05:00,054] {processor.py:161} INFO - Processing /home/jithish/Documents/airflow-dag1/.venv/lib/python3.10/site-packages/airflow/example_dags/tutorial.py took 0.112 seconds
[2024-05-14 23:05:34,134] {processor.py:153} INFO - Started process (PID=22568) to work on /home/jithish/Documents/airflow-dag1/.venv/lib/python3.10/site-packages/airflow/example_dags/tutorial.py
[2024-05-14 23:05:34,194] {processor.py:641} INFO - Processing file /home/jithish/Documents/airflow-dag1/.venv/lib/python3.10/site-packages/airflow/example_dags/tutorial.py for tasks to queue
[2024-05-14 23:05:34,195] {logging_mixin.py:115} INFO - [2024-05-14 23:05:34,195] {dagbag.py:507} INFO - Filling up the DagBag from /home/jithish/Documents/airflow-dag1/.venv/lib/python3.10/site-packages/airflow/example_dags/tutorial.py
[2024-05-14 23:05:34,200] {processor.py:651} INFO - DAG(s) dict_keys(['tutorial']) retrieved from /home/jithish/Documents/airflow-dag1/.venv/lib/python3.10/site-packages/airflow/example_dags/tutorial.py
[2024-05-14 23:05:34,214] {logging_mixin.py:115} INFO - [2024-05-14 23:05:34,214] {dag.py:2379} INFO - Sync 1 DAGs
[2024-05-14 23:05:34,228] {logging_mixin.py:115} INFO - [2024-05-14 23:05:34,228] {dag.py:2923} INFO - Setting next_dagrun for tutorial to 2024-05-13T15:05:34.227899+00:00, run_after=2024-05-14T15:05:34.227899+00:00
[2024-05-14 23:05:34,246] {processor.py:161} INFO - Processing /home/jithish/Documents/airflow-dag1/.venv/lib/python3.10/site-packages/airflow/example_dags/tutorial.py took 0.114 seconds
[2024-05-14 23:06:09,152] {processor.py:153} INFO - Started process (PID=22830) to work on /home/jithish/Documents/airflow-dag1/.venv/lib/python3.10/site-packages/airflow/example_dags/tutorial.py
[2024-05-14 23:06:09,153] {processor.py:641} INFO - Processing file /home/jithish/Documents/airflow-dag1/.venv/lib/python3.10/site-packages/airflow/example_dags/tutorial.py for tasks to queue
[2024-05-14 23:06:09,155] {logging_mixin.py:115} INFO - [2024-05-14 23:06:09,154] {dagbag.py:507} INFO - Filling up the DagBag from /home/jithish/Documents/airflow-dag1/.venv/lib/python3.10/site-packages/airflow/example_dags/tutorial.py
[2024-05-14 23:06:09,168] {processor.py:651} INFO - DAG(s) dict_keys(['tutorial']) retrieved from /home/jithish/Documents/airflow-dag1/.venv/lib/python3.10/site-packages/airflow/example_dags/tutorial.py
[2024-05-14 23:06:09,186] {logging_mixin.py:115} INFO - [2024-05-14 23:06:09,186] {dag.py:2379} INFO - Sync 1 DAGs
[2024-05-14 23:06:09,199] {logging_mixin.py:115} INFO - [2024-05-14 23:06:09,199] {dag.py:2923} INFO - Setting next_dagrun for tutorial to 2024-05-13T15:06:09.199415+00:00, run_after=2024-05-14T15:06:09.199415+00:00
[2024-05-14 23:06:09,207] {processor.py:161} INFO - Processing /home/jithish/Documents/airflow-dag1/.venv/lib/python3.10/site-packages/airflow/example_dags/tutorial.py took 0.063 seconds
[2024-05-14 23:06:38,434] {processor.py:153} INFO - Started process (PID=23324) to work on /home/jithish/Documents/airflow-dag1/.venv/lib/python3.10/site-packages/airflow/example_dags/tutorial.py
[2024-05-14 23:06:38,435] {processor.py:641} INFO - Processing file /home/jithish/Documents/airflow-dag1/.venv/lib/python3.10/site-packages/airflow/example_dags/tutorial.py for tasks to queue
[2024-05-14 23:06:38,437] {logging_mixin.py:115} INFO - [2024-05-14 23:06:38,436] {dagbag.py:507} INFO - Filling up the DagBag from /home/jithish/Documents/airflow-dag1/.venv/lib/python3.10/site-packages/airflow/example_dags/tutorial.py
[2024-05-14 23:06:38,450] {processor.py:651} INFO - DAG(s) dict_keys(['tutorial']) retrieved from /home/jithish/Documents/airflow-dag1/.venv/lib/python3.10/site-packages/airflow/example_dags/tutorial.py
[2024-05-14 23:06:38,471] {logging_mixin.py:115} INFO - [2024-05-14 23:06:38,471] {dag.py:2379} INFO - Sync 1 DAGs
[2024-05-14 23:06:38,487] {logging_mixin.py:115} INFO - [2024-05-14 23:06:38,487] {dag.py:2923} INFO - Setting next_dagrun for tutorial to 2024-05-13T15:06:38.487340+00:00, run_after=2024-05-14T15:06:38.487340+00:00
[2024-05-14 23:06:38,500] {processor.py:161} INFO - Processing /home/jithish/Documents/airflow-dag1/.venv/lib/python3.10/site-packages/airflow/example_dags/tutorial.py took 0.074 seconds
[2024-05-14 23:07:14,096] {processor.py:153} INFO - Started process (PID=23820) to work on /home/jithish/Documents/airflow-dag1/.venv/lib/python3.10/site-packages/airflow/example_dags/tutorial.py
[2024-05-14 23:07:14,156] {processor.py:641} INFO - Processing file /home/jithish/Documents/airflow-dag1/.venv/lib/python3.10/site-packages/airflow/example_dags/tutorial.py for tasks to queue
[2024-05-14 23:07:14,156] {logging_mixin.py:115} INFO - [2024-05-14 23:07:14,156] {dagbag.py:507} INFO - Filling up the DagBag from /home/jithish/Documents/airflow-dag1/.venv/lib/python3.10/site-packages/airflow/example_dags/tutorial.py
[2024-05-14 23:07:14,164] {processor.py:651} INFO - DAG(s) dict_keys(['tutorial']) retrieved from /home/jithish/Documents/airflow-dag1/.venv/lib/python3.10/site-packages/airflow/example_dags/tutorial.py
[2024-05-14 23:07:14,182] {logging_mixin.py:115} INFO - [2024-05-14 23:07:14,182] {dag.py:2379} INFO - Sync 1 DAGs
[2024-05-14 23:07:14,199] {logging_mixin.py:115} INFO - [2024-05-14 23:07:14,198] {dag.py:2923} INFO - Setting next_dagrun for tutorial to 2024-05-13T15:07:14.198674+00:00, run_after=2024-05-14T15:07:14.198674+00:00
[2024-05-14 23:07:14,214] {processor.py:161} INFO - Processing /home/jithish/Documents/airflow-dag1/.venv/lib/python3.10/site-packages/airflow/example_dags/tutorial.py took 0.121 seconds
[2024-05-14 23:07:48,225] {processor.py:153} INFO - Started process (PID=24198) to work on /home/jithish/Documents/airflow-dag1/.venv/lib/python3.10/site-packages/airflow/example_dags/tutorial.py
[2024-05-14 23:07:48,271] {processor.py:641} INFO - Processing file /home/jithish/Documents/airflow-dag1/.venv/lib/python3.10/site-packages/airflow/example_dags/tutorial.py for tasks to queue
[2024-05-14 23:07:48,272] {logging_mixin.py:115} INFO - [2024-05-14 23:07:48,272] {dagbag.py:507} INFO - Filling up the DagBag from /home/jithish/Documents/airflow-dag1/.venv/lib/python3.10/site-packages/airflow/example_dags/tutorial.py
[2024-05-14 23:07:48,281] {processor.py:651} INFO - DAG(s) dict_keys(['tutorial']) retrieved from /home/jithish/Documents/airflow-dag1/.venv/lib/python3.10/site-packages/airflow/example_dags/tutorial.py
[2024-05-14 23:07:48,306] {logging_mixin.py:115} INFO - [2024-05-14 23:07:48,306] {dag.py:2379} INFO - Sync 1 DAGs
[2024-05-14 23:07:48,321] {logging_mixin.py:115} INFO - [2024-05-14 23:07:48,321] {dag.py:2923} INFO - Setting next_dagrun for tutorial to 2024-05-13T15:07:48.321677+00:00, run_after=2024-05-14T15:07:48.321677+00:00
[2024-05-14 23:07:48,334] {processor.py:161} INFO - Processing /home/jithish/Documents/airflow-dag1/.venv/lib/python3.10/site-packages/airflow/example_dags/tutorial.py took 0.111 seconds
