[2024-05-14 23:04:15,918] {processor.py:153} INFO - Started process (PID=21605) to work on /home/jithish/Documents/airflow-dag1/.venv/lib/python3.10/site-packages/airflow/example_dags/tutorial_taskflow_api_etl_virtualenv.py
[2024-05-14 23:04:15,919] {processor.py:641} INFO - Processing file /home/jithish/Documents/airflow-dag1/.venv/lib/python3.10/site-packages/airflow/example_dags/tutorial_taskflow_api_etl_virtualenv.py for tasks to queue
[2024-05-14 23:04:15,920] {logging_mixin.py:115} INFO - [2024-05-14 23:04:15,920] {dagbag.py:507} INFO - Filling up the DagBag from /home/jithish/Documents/airflow-dag1/.venv/lib/python3.10/site-packages/airflow/example_dags/tutorial_taskflow_api_etl_virtualenv.py
[2024-05-14 23:04:15,945] {processor.py:651} INFO - DAG(s) dict_keys(['tutorial_taskflow_api_etl_virtualenv']) retrieved from /home/jithish/Documents/airflow-dag1/.venv/lib/python3.10/site-packages/airflow/example_dags/tutorial_taskflow_api_etl_virtualenv.py
[2024-05-14 23:04:16,065] {logging_mixin.py:115} INFO - [2024-05-14 23:04:16,064] {manager.py:508} INFO - Created Permission View: can edit on DAG:tutorial_taskflow_api_etl_virtualenv
[2024-05-14 23:04:16,084] {logging_mixin.py:115} INFO - [2024-05-14 23:04:16,084] {manager.py:508} INFO - Created Permission View: can read on DAG:tutorial_taskflow_api_etl_virtualenv
[2024-05-14 23:04:16,093] {logging_mixin.py:115} INFO - [2024-05-14 23:04:16,093] {manager.py:508} INFO - Created Permission View: can delete on DAG:tutorial_taskflow_api_etl_virtualenv
[2024-05-14 23:04:16,094] {logging_mixin.py:115} INFO - [2024-05-14 23:04:16,093] {dag.py:2379} INFO - Sync 1 DAGs
[2024-05-14 23:04:16,105] {logging_mixin.py:115} INFO - [2024-05-14 23:04:16,105] {dag.py:2398} INFO - Creating ORM DAG for tutorial_taskflow_api_etl_virtualenv
[2024-05-14 23:04:16,117] {logging_mixin.py:115} INFO - [2024-05-14 23:04:16,116] {dag.py:2923} INFO - Setting next_dagrun for tutorial_taskflow_api_etl_virtualenv to None, run_after=None
[2024-05-14 23:04:16,132] {processor.py:161} INFO - Processing /home/jithish/Documents/airflow-dag1/.venv/lib/python3.10/site-packages/airflow/example_dags/tutorial_taskflow_api_etl_virtualenv.py took 0.221 seconds
[2024-05-14 23:04:52,338] {processor.py:153} INFO - Started process (PID=22131) to work on /home/jithish/Documents/airflow-dag1/.venv/lib/python3.10/site-packages/airflow/example_dags/tutorial_taskflow_api_etl_virtualenv.py
[2024-05-14 23:04:52,399] {processor.py:641} INFO - Processing file /home/jithish/Documents/airflow-dag1/.venv/lib/python3.10/site-packages/airflow/example_dags/tutorial_taskflow_api_etl_virtualenv.py for tasks to queue
[2024-05-14 23:04:52,400] {logging_mixin.py:115} INFO - [2024-05-14 23:04:52,400] {dagbag.py:507} INFO - Filling up the DagBag from /home/jithish/Documents/airflow-dag1/.venv/lib/python3.10/site-packages/airflow/example_dags/tutorial_taskflow_api_etl_virtualenv.py
[2024-05-14 23:04:52,434] {processor.py:651} INFO - DAG(s) dict_keys(['tutorial_taskflow_api_etl_virtualenv']) retrieved from /home/jithish/Documents/airflow-dag1/.venv/lib/python3.10/site-packages/airflow/example_dags/tutorial_taskflow_api_etl_virtualenv.py
[2024-05-14 23:04:52,467] {logging_mixin.py:115} INFO - [2024-05-14 23:04:52,467] {dag.py:2379} INFO - Sync 1 DAGs
[2024-05-14 23:04:52,476] {logging_mixin.py:115} INFO - [2024-05-14 23:04:52,476] {dag.py:2923} INFO - Setting next_dagrun for tutorial_taskflow_api_etl_virtualenv to None, run_after=None
[2024-05-14 23:04:52,485] {processor.py:161} INFO - Processing /home/jithish/Documents/airflow-dag1/.venv/lib/python3.10/site-packages/airflow/example_dags/tutorial_taskflow_api_etl_virtualenv.py took 0.151 seconds
[2024-05-14 23:05:26,952] {processor.py:153} INFO - Started process (PID=22496) to work on /home/jithish/Documents/airflow-dag1/.venv/lib/python3.10/site-packages/airflow/example_dags/tutorial_taskflow_api_etl_virtualenv.py
[2024-05-14 23:05:26,956] {processor.py:641} INFO - Processing file /home/jithish/Documents/airflow-dag1/.venv/lib/python3.10/site-packages/airflow/example_dags/tutorial_taskflow_api_etl_virtualenv.py for tasks to queue
[2024-05-14 23:05:26,957] {logging_mixin.py:115} INFO - [2024-05-14 23:05:26,957] {dagbag.py:507} INFO - Filling up the DagBag from /home/jithish/Documents/airflow-dag1/.venv/lib/python3.10/site-packages/airflow/example_dags/tutorial_taskflow_api_etl_virtualenv.py
[2024-05-14 23:05:26,987] {processor.py:651} INFO - DAG(s) dict_keys(['tutorial_taskflow_api_etl_virtualenv']) retrieved from /home/jithish/Documents/airflow-dag1/.venv/lib/python3.10/site-packages/airflow/example_dags/tutorial_taskflow_api_etl_virtualenv.py
[2024-05-14 23:05:27,034] {logging_mixin.py:115} INFO - [2024-05-14 23:05:27,034] {dag.py:2379} INFO - Sync 1 DAGs
[2024-05-14 23:05:27,052] {logging_mixin.py:115} INFO - [2024-05-14 23:05:27,052] {dag.py:2923} INFO - Setting next_dagrun for tutorial_taskflow_api_etl_virtualenv to None, run_after=None
[2024-05-14 23:05:27,066] {processor.py:161} INFO - Processing /home/jithish/Documents/airflow-dag1/.venv/lib/python3.10/site-packages/airflow/example_dags/tutorial_taskflow_api_etl_virtualenv.py took 0.121 seconds
[2024-05-14 23:06:01,600] {processor.py:153} INFO - Started process (PID=22761) to work on /home/jithish/Documents/airflow-dag1/.venv/lib/python3.10/site-packages/airflow/example_dags/tutorial_taskflow_api_etl_virtualenv.py
[2024-05-14 23:06:01,660] {processor.py:641} INFO - Processing file /home/jithish/Documents/airflow-dag1/.venv/lib/python3.10/site-packages/airflow/example_dags/tutorial_taskflow_api_etl_virtualenv.py for tasks to queue
[2024-05-14 23:06:01,661] {logging_mixin.py:115} INFO - [2024-05-14 23:06:01,661] {dagbag.py:507} INFO - Filling up the DagBag from /home/jithish/Documents/airflow-dag1/.venv/lib/python3.10/site-packages/airflow/example_dags/tutorial_taskflow_api_etl_virtualenv.py
[2024-05-14 23:06:01,690] {processor.py:651} INFO - DAG(s) dict_keys(['tutorial_taskflow_api_etl_virtualenv']) retrieved from /home/jithish/Documents/airflow-dag1/.venv/lib/python3.10/site-packages/airflow/example_dags/tutorial_taskflow_api_etl_virtualenv.py
[2024-05-14 23:06:01,706] {logging_mixin.py:115} INFO - [2024-05-14 23:06:01,706] {dag.py:2379} INFO - Sync 1 DAGs
[2024-05-14 23:06:01,718] {logging_mixin.py:115} INFO - [2024-05-14 23:06:01,717] {dag.py:2923} INFO - Setting next_dagrun for tutorial_taskflow_api_etl_virtualenv to None, run_after=None
[2024-05-14 23:06:01,728] {processor.py:161} INFO - Processing /home/jithish/Documents/airflow-dag1/.venv/lib/python3.10/site-packages/airflow/example_dags/tutorial_taskflow_api_etl_virtualenv.py took 0.130 seconds
[2024-05-14 23:06:30,757] {processor.py:153} INFO - Started process (PID=23211) to work on /home/jithish/Documents/airflow-dag1/.venv/lib/python3.10/site-packages/airflow/example_dags/tutorial_taskflow_api_etl_virtualenv.py
[2024-05-14 23:06:30,820] {processor.py:641} INFO - Processing file /home/jithish/Documents/airflow-dag1/.venv/lib/python3.10/site-packages/airflow/example_dags/tutorial_taskflow_api_etl_virtualenv.py for tasks to queue
[2024-05-14 23:06:30,822] {logging_mixin.py:115} INFO - [2024-05-14 23:06:30,821] {dagbag.py:507} INFO - Filling up the DagBag from /home/jithish/Documents/airflow-dag1/.venv/lib/python3.10/site-packages/airflow/example_dags/tutorial_taskflow_api_etl_virtualenv.py
[2024-05-14 23:06:30,836] {processor.py:651} INFO - DAG(s) dict_keys(['tutorial_taskflow_api_etl_virtualenv']) retrieved from /home/jithish/Documents/airflow-dag1/.venv/lib/python3.10/site-packages/airflow/example_dags/tutorial_taskflow_api_etl_virtualenv.py
[2024-05-14 23:06:30,864] {logging_mixin.py:115} INFO - [2024-05-14 23:06:30,864] {dag.py:2379} INFO - Sync 1 DAGs
[2024-05-14 23:06:30,874] {logging_mixin.py:115} INFO - [2024-05-14 23:06:30,874] {dag.py:2923} INFO - Setting next_dagrun for tutorial_taskflow_api_etl_virtualenv to None, run_after=None
[2024-05-14 23:06:30,886] {processor.py:161} INFO - Processing /home/jithish/Documents/airflow-dag1/.venv/lib/python3.10/site-packages/airflow/example_dags/tutorial_taskflow_api_etl_virtualenv.py took 0.131 seconds
[2024-05-14 23:07:06,242] {processor.py:153} INFO - Started process (PID=23763) to work on /home/jithish/Documents/airflow-dag1/.venv/lib/python3.10/site-packages/airflow/example_dags/tutorial_taskflow_api_etl_virtualenv.py
[2024-05-14 23:07:06,302] {processor.py:641} INFO - Processing file /home/jithish/Documents/airflow-dag1/.venv/lib/python3.10/site-packages/airflow/example_dags/tutorial_taskflow_api_etl_virtualenv.py for tasks to queue
[2024-05-14 23:07:06,302] {logging_mixin.py:115} INFO - [2024-05-14 23:07:06,302] {dagbag.py:507} INFO - Filling up the DagBag from /home/jithish/Documents/airflow-dag1/.venv/lib/python3.10/site-packages/airflow/example_dags/tutorial_taskflow_api_etl_virtualenv.py
[2024-05-14 23:07:06,316] {processor.py:651} INFO - DAG(s) dict_keys(['tutorial_taskflow_api_etl_virtualenv']) retrieved from /home/jithish/Documents/airflow-dag1/.venv/lib/python3.10/site-packages/airflow/example_dags/tutorial_taskflow_api_etl_virtualenv.py
[2024-05-14 23:07:06,346] {logging_mixin.py:115} INFO - [2024-05-14 23:07:06,346] {dag.py:2379} INFO - Sync 1 DAGs
[2024-05-14 23:07:06,367] {logging_mixin.py:115} INFO - [2024-05-14 23:07:06,367] {dag.py:2923} INFO - Setting next_dagrun for tutorial_taskflow_api_etl_virtualenv to None, run_after=None
[2024-05-14 23:07:06,393] {processor.py:161} INFO - Processing /home/jithish/Documents/airflow-dag1/.venv/lib/python3.10/site-packages/airflow/example_dags/tutorial_taskflow_api_etl_virtualenv.py took 0.160 seconds
[2024-05-14 23:07:41,445] {processor.py:153} INFO - Started process (PID=24081) to work on /home/jithish/Documents/airflow-dag1/.venv/lib/python3.10/site-packages/airflow/example_dags/tutorial_taskflow_api_etl_virtualenv.py
[2024-05-14 23:07:41,456] {processor.py:641} INFO - Processing file /home/jithish/Documents/airflow-dag1/.venv/lib/python3.10/site-packages/airflow/example_dags/tutorial_taskflow_api_etl_virtualenv.py for tasks to queue
[2024-05-14 23:07:41,457] {logging_mixin.py:115} INFO - [2024-05-14 23:07:41,457] {dagbag.py:507} INFO - Filling up the DagBag from /home/jithish/Documents/airflow-dag1/.venv/lib/python3.10/site-packages/airflow/example_dags/tutorial_taskflow_api_etl_virtualenv.py
[2024-05-14 23:07:41,485] {processor.py:651} INFO - DAG(s) dict_keys(['tutorial_taskflow_api_etl_virtualenv']) retrieved from /home/jithish/Documents/airflow-dag1/.venv/lib/python3.10/site-packages/airflow/example_dags/tutorial_taskflow_api_etl_virtualenv.py
[2024-05-14 23:07:41,529] {logging_mixin.py:115} INFO - [2024-05-14 23:07:41,529] {dag.py:2379} INFO - Sync 1 DAGs
[2024-05-14 23:07:41,543] {logging_mixin.py:115} INFO - [2024-05-14 23:07:41,543] {dag.py:2923} INFO - Setting next_dagrun for tutorial_taskflow_api_etl_virtualenv to None, run_after=None
[2024-05-14 23:07:41,555] {processor.py:161} INFO - Processing /home/jithish/Documents/airflow-dag1/.venv/lib/python3.10/site-packages/airflow/example_dags/tutorial_taskflow_api_etl_virtualenv.py took 0.113 seconds
