[2024-05-14 23:15:58,081] {taskinstance.py:1160} INFO - Dependencies all met for <TaskInstance: my_airflow_dag.task_print_date backfill__2021-05-22T00:00:00+00:00 [queued]>
[2024-05-14 23:15:58,087] {taskinstance.py:1160} INFO - Dependencies all met for <TaskInstance: my_airflow_dag.task_print_date backfill__2021-05-22T00:00:00+00:00 [queued]>
[2024-05-14 23:15:58,087] {taskinstance.py:1357} INFO - 
--------------------------------------------------------------------------------
[2024-05-14 23:15:58,088] {taskinstance.py:1358} INFO - Starting attempt 1 of 2
[2024-05-14 23:15:58,088] {taskinstance.py:1359} INFO - 
--------------------------------------------------------------------------------
[2024-05-14 23:15:58,097] {taskinstance.py:1378} INFO - Executing <Task(BashOperator): task_print_date> on 2021-05-22 00:00:00+00:00
[2024-05-14 23:15:58,099] {standard_task_runner.py:52} INFO - Started process 28605 to run task
[2024-05-14 23:15:58,101] {standard_task_runner.py:79} INFO - Running: ['airflow', 'tasks', 'run', 'my_airflow_dag', 'task_print_date', 'backfill__2021-05-22T00:00:00+00:00', '--job-id', '8', '--pool', 'default_pool', '--raw', '--subdir', 'DAGS_FOLDER/my_airflow_dag.py', '--cfg-path', '/tmp/tmp7599qzq1', '--error-file', '/tmp/tmpwahrejke']
[2024-05-14 23:15:58,101] {standard_task_runner.py:80} INFO - Job 8: Subtask task_print_date
[2024-05-14 23:15:58,129] {task_command.py:370} INFO - Running <TaskInstance: my_airflow_dag.task_print_date backfill__2021-05-22T00:00:00+00:00 [running]> on host jithish-HP-ZBook-17-G5
[2024-05-14 23:15:58,162] {taskinstance.py:1570} INFO - Exporting the following env vars:
AIRFLOW_CTX_DAG_EMAIL=my-email@example.com
AIRFLOW_CTX_DAG_OWNER=airflow
AIRFLOW_CTX_DAG_ID=my_airflow_dag
AIRFLOW_CTX_TASK_ID=task_print_date
AIRFLOW_CTX_EXECUTION_DATE=2021-05-22T00:00:00+00:00
AIRFLOW_CTX_TRY_NUMBER=1
AIRFLOW_CTX_DAG_RUN_ID=backfill__2021-05-22T00:00:00+00:00
[2024-05-14 23:15:58,162] {subprocess.py:62} INFO - Tmp dir root location: 
 /tmp
[2024-05-14 23:15:58,163] {subprocess.py:74} INFO - Running command: ['bash', '-c', 'date']
[2024-05-14 23:15:58,166] {subprocess.py:85} INFO - Output:
[2024-05-14 23:15:58,168] {subprocess.py:92} INFO - Tue 14 May 2024 11:15:58 PM +08
[2024-05-14 23:15:58,168] {subprocess.py:96} INFO - Command exited with return code 0
[2024-05-14 23:15:58,183] {taskinstance.py:1396} INFO - Marking task as SUCCESS. dag_id=my_airflow_dag, task_id=task_print_date, execution_date=20210522T000000, start_date=20240514T151558, end_date=20240514T151558
[2024-05-14 23:15:58,193] {local_task_job.py:156} INFO - Task exited with return code 0
[2024-05-14 23:15:58,213] {local_task_job.py:273} INFO - 0 downstream tasks scheduled from follow-on schedule check
