[2024-05-14 23:16:05,861] {taskinstance.py:1160} INFO - Dependencies all met for <TaskInstance: my_airflow_dag.task_print_date backfill__2021-05-28T00:00:00+00:00 [queued]>
[2024-05-14 23:16:05,865] {taskinstance.py:1160} INFO - Dependencies all met for <TaskInstance: my_airflow_dag.task_print_date backfill__2021-05-28T00:00:00+00:00 [queued]>
[2024-05-14 23:16:05,866] {taskinstance.py:1357} INFO - 
--------------------------------------------------------------------------------
[2024-05-14 23:16:05,866] {taskinstance.py:1358} INFO - Starting attempt 1 of 2
[2024-05-14 23:16:05,866] {taskinstance.py:1359} INFO - 
--------------------------------------------------------------------------------
[2024-05-14 23:16:05,874] {taskinstance.py:1378} INFO - Executing <Task(BashOperator): task_print_date> on 2021-05-28 00:00:00+00:00
[2024-05-14 23:16:05,876] {standard_task_runner.py:52} INFO - Started process 28737 to run task
[2024-05-14 23:16:05,879] {standard_task_runner.py:79} INFO - Running: ['airflow', 'tasks', 'run', 'my_airflow_dag', 'task_print_date', 'backfill__2021-05-28T00:00:00+00:00', '--job-id', '14', '--pool', 'default_pool', '--raw', '--subdir', 'DAGS_FOLDER/my_airflow_dag.py', '--cfg-path', '/tmp/tmptxh3ieme', '--error-file', '/tmp/tmp3dg7chla']
[2024-05-14 23:16:05,879] {standard_task_runner.py:80} INFO - Job 14: Subtask task_print_date
[2024-05-14 23:16:05,907] {task_command.py:370} INFO - Running <TaskInstance: my_airflow_dag.task_print_date backfill__2021-05-28T00:00:00+00:00 [running]> on host jithish-HP-ZBook-17-G5
[2024-05-14 23:16:05,939] {taskinstance.py:1570} INFO - Exporting the following env vars:
AIRFLOW_CTX_DAG_EMAIL=my-email@example.com
AIRFLOW_CTX_DAG_OWNER=airflow
AIRFLOW_CTX_DAG_ID=my_airflow_dag
AIRFLOW_CTX_TASK_ID=task_print_date
AIRFLOW_CTX_EXECUTION_DATE=2021-05-28T00:00:00+00:00
AIRFLOW_CTX_TRY_NUMBER=1
AIRFLOW_CTX_DAG_RUN_ID=backfill__2021-05-28T00:00:00+00:00
[2024-05-14 23:16:05,940] {subprocess.py:62} INFO - Tmp dir root location: 
 /tmp
[2024-05-14 23:16:05,940] {subprocess.py:74} INFO - Running command: ['bash', '-c', 'date']
[2024-05-14 23:16:05,945] {subprocess.py:85} INFO - Output:
[2024-05-14 23:16:05,947] {subprocess.py:92} INFO - Tue 14 May 2024 11:16:05 PM +08
[2024-05-14 23:16:05,947] {subprocess.py:96} INFO - Command exited with return code 0
[2024-05-14 23:16:05,963] {taskinstance.py:1396} INFO - Marking task as SUCCESS. dag_id=my_airflow_dag, task_id=task_print_date, execution_date=20210528T000000, start_date=20240514T151605, end_date=20240514T151605
[2024-05-14 23:16:06,010] {local_task_job.py:156} INFO - Task exited with return code 0
[2024-05-14 23:16:06,024] {local_task_job.py:273} INFO - 0 downstream tasks scheduled from follow-on schedule check
