[2024-05-14 23:17:47,410] {taskinstance.py:1160} INFO - Dependencies all met for <TaskInstance: my_airflow_dag.task_templated backfill__2021-05-28T00:00:00+00:00 [queued]>
[2024-05-14 23:17:47,414] {taskinstance.py:1160} INFO - Dependencies all met for <TaskInstance: my_airflow_dag.task_templated backfill__2021-05-28T00:00:00+00:00 [queued]>
[2024-05-14 23:17:47,414] {taskinstance.py:1357} INFO - 
--------------------------------------------------------------------------------
[2024-05-14 23:17:47,414] {taskinstance.py:1358} INFO - Starting attempt 1 of 2
[2024-05-14 23:17:47,414] {taskinstance.py:1359} INFO - 
--------------------------------------------------------------------------------
[2024-05-14 23:17:47,423] {taskinstance.py:1378} INFO - Executing <Task(BashOperator): task_templated> on 2021-05-28 00:00:00+00:00
[2024-05-14 23:17:47,424] {standard_task_runner.py:52} INFO - Started process 30410 to run task
[2024-05-14 23:17:47,427] {standard_task_runner.py:79} INFO - Running: ['airflow', 'tasks', 'run', 'my_airflow_dag', 'task_templated', 'backfill__2021-05-28T00:00:00+00:00', '--job-id', '40', '--pool', 'default_pool', '--raw', '--subdir', 'DAGS_FOLDER/my_airflow_dag.py', '--cfg-path', '/tmp/tmpeyjdpq9c', '--error-file', '/tmp/tmppi9bbowu']
[2024-05-14 23:17:47,428] {standard_task_runner.py:80} INFO - Job 40: Subtask task_templated
[2024-05-14 23:17:47,452] {task_command.py:370} INFO - Running <TaskInstance: my_airflow_dag.task_templated backfill__2021-05-28T00:00:00+00:00 [running]> on host jithish-HP-ZBook-17-G5
[2024-05-14 23:17:47,482] {taskinstance.py:1570} INFO - Exporting the following env vars:
AIRFLOW_CTX_DAG_EMAIL=my-email@example.com
AIRFLOW_CTX_DAG_OWNER=airflow
AIRFLOW_CTX_DAG_ID=my_airflow_dag
AIRFLOW_CTX_TASK_ID=task_templated
AIRFLOW_CTX_EXECUTION_DATE=2021-05-28T00:00:00+00:00
AIRFLOW_CTX_TRY_NUMBER=1
AIRFLOW_CTX_DAG_RUN_ID=backfill__2021-05-28T00:00:00+00:00
[2024-05-14 23:17:47,483] {subprocess.py:62} INFO - Tmp dir root location: 
 /tmp
[2024-05-14 23:17:47,483] {subprocess.py:74} INFO - Running command: ['bash', '-c', '\n\n    echo "2021-05-28"\n    echo "2021-06-04"\n\n    echo "2021-05-28"\n    echo "2021-06-04"\n\n    echo "2021-05-28"\n    echo "2021-06-04"\n\n    echo "2021-05-28"\n    echo "2021-06-04"\n\n    echo "2021-05-28"\n    echo "2021-06-04"\n']
[2024-05-14 23:17:47,487] {subprocess.py:85} INFO - Output:
[2024-05-14 23:17:47,488] {subprocess.py:92} INFO - 2021-05-28
[2024-05-14 23:17:47,488] {subprocess.py:92} INFO - 2021-06-04
[2024-05-14 23:17:47,488] {subprocess.py:92} INFO - 2021-05-28
[2024-05-14 23:17:47,488] {subprocess.py:92} INFO - 2021-06-04
[2024-05-14 23:17:47,488] {subprocess.py:92} INFO - 2021-05-28
[2024-05-14 23:17:47,488] {subprocess.py:92} INFO - 2021-06-04
[2024-05-14 23:17:47,488] {subprocess.py:92} INFO - 2021-05-28
[2024-05-14 23:17:47,488] {subprocess.py:92} INFO - 2021-06-04
[2024-05-14 23:17:47,488] {subprocess.py:92} INFO - 2021-05-28
[2024-05-14 23:17:47,488] {subprocess.py:92} INFO - 2021-06-04
[2024-05-14 23:17:47,488] {subprocess.py:96} INFO - Command exited with return code 0
[2024-05-14 23:17:47,504] {taskinstance.py:1396} INFO - Marking task as SUCCESS. dag_id=my_airflow_dag, task_id=task_templated, execution_date=20210528T000000, start_date=20240514T151747, end_date=20240514T151747
[2024-05-14 23:17:47,519] {local_task_job.py:156} INFO - Task exited with return code 0
[2024-05-14 23:17:47,529] {local_task_job.py:273} INFO - 0 downstream tasks scheduled from follow-on schedule check
