[2024-05-14 23:16:57,584] {taskinstance.py:1160} INFO - Dependencies all met for <TaskInstance: my_airflow_dag.task_sleep backfill__2021-05-27T00:00:00+00:00 [queued]>
[2024-05-14 23:16:57,588] {taskinstance.py:1160} INFO - Dependencies all met for <TaskInstance: my_airflow_dag.task_sleep backfill__2021-05-27T00:00:00+00:00 [queued]>
[2024-05-14 23:16:57,588] {taskinstance.py:1357} INFO - 
--------------------------------------------------------------------------------
[2024-05-14 23:16:57,588] {taskinstance.py:1358} INFO - Starting attempt 1 of 4
[2024-05-14 23:16:57,588] {taskinstance.py:1359} INFO - 
--------------------------------------------------------------------------------
[2024-05-14 23:16:57,600] {taskinstance.py:1378} INFO - Executing <Task(BashOperator): task_sleep> on 2021-05-27 00:00:00+00:00
[2024-05-14 23:16:57,602] {standard_task_runner.py:52} INFO - Started process 29625 to run task
[2024-05-14 23:16:57,604] {standard_task_runner.py:79} INFO - Running: ['airflow', 'tasks', 'run', 'my_airflow_dag', 'task_sleep', 'backfill__2021-05-27T00:00:00+00:00', '--job-id', '26', '--pool', 'default_pool', '--raw', '--subdir', 'DAGS_FOLDER/my_airflow_dag.py', '--cfg-path', '/tmp/tmp1dmrip5g', '--error-file', '/tmp/tmp_p139qkt']
[2024-05-14 23:16:57,604] {standard_task_runner.py:80} INFO - Job 26: Subtask task_sleep
[2024-05-14 23:16:57,633] {task_command.py:370} INFO - Running <TaskInstance: my_airflow_dag.task_sleep backfill__2021-05-27T00:00:00+00:00 [running]> on host jithish-HP-ZBook-17-G5
[2024-05-14 23:16:57,664] {taskinstance.py:1570} INFO - Exporting the following env vars:
AIRFLOW_CTX_DAG_EMAIL=my-email@example.com
AIRFLOW_CTX_DAG_OWNER=airflow
AIRFLOW_CTX_DAG_ID=my_airflow_dag
AIRFLOW_CTX_TASK_ID=task_sleep
AIRFLOW_CTX_EXECUTION_DATE=2021-05-27T00:00:00+00:00
AIRFLOW_CTX_TRY_NUMBER=1
AIRFLOW_CTX_DAG_RUN_ID=backfill__2021-05-27T00:00:00+00:00
[2024-05-14 23:16:57,665] {subprocess.py:62} INFO - Tmp dir root location: 
 /tmp
[2024-05-14 23:16:57,665] {subprocess.py:74} INFO - Running command: ['bash', '-c', 'sleep 5']
[2024-05-14 23:16:57,669] {subprocess.py:85} INFO - Output:
[2024-05-14 23:17:02,671] {subprocess.py:96} INFO - Command exited with return code 0
[2024-05-14 23:17:02,768] {taskinstance.py:1396} INFO - Marking task as SUCCESS. dag_id=my_airflow_dag, task_id=task_sleep, execution_date=20210527T000000, start_date=20240514T151657, end_date=20240514T151702
[2024-05-14 23:17:02,787] {local_task_job.py:156} INFO - Task exited with return code 0
[2024-05-14 23:17:02,800] {local_task_job.py:273} INFO - 0 downstream tasks scheduled from follow-on schedule check
