[2024-05-14 23:16:03,464] {taskinstance.py:1160} INFO - Dependencies all met for <TaskInstance: my_airflow_dag.task_print_date backfill__2021-05-26T00:00:00+00:00 [queued]>
[2024-05-14 23:16:03,468] {taskinstance.py:1160} INFO - Dependencies all met for <TaskInstance: my_airflow_dag.task_print_date backfill__2021-05-26T00:00:00+00:00 [queued]>
[2024-05-14 23:16:03,469] {taskinstance.py:1357} INFO - 
--------------------------------------------------------------------------------
[2024-05-14 23:16:03,469] {taskinstance.py:1358} INFO - Starting attempt 1 of 2
[2024-05-14 23:16:03,469] {taskinstance.py:1359} INFO - 
--------------------------------------------------------------------------------
[2024-05-14 23:16:03,479] {taskinstance.py:1378} INFO - Executing <Task(BashOperator): task_print_date> on 2021-05-26 00:00:00+00:00
[2024-05-14 23:16:03,481] {standard_task_runner.py:52} INFO - Started process 28702 to run task
[2024-05-14 23:16:03,483] {standard_task_runner.py:79} INFO - Running: ['airflow', 'tasks', 'run', 'my_airflow_dag', 'task_print_date', 'backfill__2021-05-26T00:00:00+00:00', '--job-id', '12', '--pool', 'default_pool', '--raw', '--subdir', 'DAGS_FOLDER/my_airflow_dag.py', '--cfg-path', '/tmp/tmpu_6qxidh', '--error-file', '/tmp/tmp5u0i85ln']
[2024-05-14 23:16:03,484] {standard_task_runner.py:80} INFO - Job 12: Subtask task_print_date
[2024-05-14 23:16:03,511] {task_command.py:370} INFO - Running <TaskInstance: my_airflow_dag.task_print_date backfill__2021-05-26T00:00:00+00:00 [running]> on host jithish-HP-ZBook-17-G5
[2024-05-14 23:16:03,558] {taskinstance.py:1570} INFO - Exporting the following env vars:
AIRFLOW_CTX_DAG_EMAIL=my-email@example.com
AIRFLOW_CTX_DAG_OWNER=airflow
AIRFLOW_CTX_DAG_ID=my_airflow_dag
AIRFLOW_CTX_TASK_ID=task_print_date
AIRFLOW_CTX_EXECUTION_DATE=2021-05-26T00:00:00+00:00
AIRFLOW_CTX_TRY_NUMBER=1
AIRFLOW_CTX_DAG_RUN_ID=backfill__2021-05-26T00:00:00+00:00
[2024-05-14 23:16:03,559] {subprocess.py:62} INFO - Tmp dir root location: 
 /tmp
[2024-05-14 23:16:03,559] {subprocess.py:74} INFO - Running command: ['bash', '-c', 'date']
[2024-05-14 23:16:03,563] {subprocess.py:85} INFO - Output:
[2024-05-14 23:16:03,565] {subprocess.py:92} INFO - Tue 14 May 2024 11:16:03 PM +08
[2024-05-14 23:16:03,565] {subprocess.py:96} INFO - Command exited with return code 0
[2024-05-14 23:16:03,581] {taskinstance.py:1396} INFO - Marking task as SUCCESS. dag_id=my_airflow_dag, task_id=task_print_date, execution_date=20210526T000000, start_date=20240514T151603, end_date=20240514T151603
[2024-05-14 23:16:03,615] {local_task_job.py:156} INFO - Task exited with return code 0
[2024-05-14 23:16:03,630] {local_task_job.py:273} INFO - 0 downstream tasks scheduled from follow-on schedule check
