[2024-05-14 23:04:37,968] {processor.py:153} INFO - Started process (PID=21890) to work on /home/jithish/Documents/airflow-dag1/.venv/lib/python3.10/site-packages/airflow/example_dags/plugins/workday.py
[2024-05-14 23:04:37,968] {processor.py:641} INFO - Processing file /home/jithish/Documents/airflow-dag1/.venv/lib/python3.10/site-packages/airflow/example_dags/plugins/workday.py for tasks to queue
[2024-05-14 23:04:37,968] {logging_mixin.py:115} INFO - [2024-05-14 23:04:37,968] {dagbag.py:507} INFO - Filling up the DagBag from /home/jithish/Documents/airflow-dag1/.venv/lib/python3.10/site-packages/airflow/example_dags/plugins/workday.py
[2024-05-14 23:04:37,970] {processor.py:653} WARNING - No viable dags retrieved from /home/jithish/Documents/airflow-dag1/.venv/lib/python3.10/site-packages/airflow/example_dags/plugins/workday.py
[2024-05-14 23:04:37,978] {processor.py:161} INFO - Processing /home/jithish/Documents/airflow-dag1/.venv/lib/python3.10/site-packages/airflow/example_dags/plugins/workday.py took 0.012 seconds
[2024-05-14 23:05:12,213] {processor.py:153} INFO - Started process (PID=22278) to work on /home/jithish/Documents/airflow-dag1/.venv/lib/python3.10/site-packages/airflow/example_dags/plugins/workday.py
[2024-05-14 23:05:12,242] {processor.py:641} INFO - Processing file /home/jithish/Documents/airflow-dag1/.venv/lib/python3.10/site-packages/airflow/example_dags/plugins/workday.py for tasks to queue
[2024-05-14 23:05:12,243] {logging_mixin.py:115} INFO - [2024-05-14 23:05:12,243] {dagbag.py:507} INFO - Filling up the DagBag from /home/jithish/Documents/airflow-dag1/.venv/lib/python3.10/site-packages/airflow/example_dags/plugins/workday.py
[2024-05-14 23:05:12,245] {processor.py:653} WARNING - No viable dags retrieved from /home/jithish/Documents/airflow-dag1/.venv/lib/python3.10/site-packages/airflow/example_dags/plugins/workday.py
[2024-05-14 23:05:12,253] {processor.py:161} INFO - Processing /home/jithish/Documents/airflow-dag1/.venv/lib/python3.10/site-packages/airflow/example_dags/plugins/workday.py took 0.048 seconds
[2024-05-14 23:05:46,910] {processor.py:153} INFO - Started process (PID=22653) to work on /home/jithish/Documents/airflow-dag1/.venv/lib/python3.10/site-packages/airflow/example_dags/plugins/workday.py
[2024-05-14 23:05:46,971] {processor.py:641} INFO - Processing file /home/jithish/Documents/airflow-dag1/.venv/lib/python3.10/site-packages/airflow/example_dags/plugins/workday.py for tasks to queue
[2024-05-14 23:05:46,971] {logging_mixin.py:115} INFO - [2024-05-14 23:05:46,971] {dagbag.py:507} INFO - Filling up the DagBag from /home/jithish/Documents/airflow-dag1/.venv/lib/python3.10/site-packages/airflow/example_dags/plugins/workday.py
[2024-05-14 23:05:46,973] {processor.py:653} WARNING - No viable dags retrieved from /home/jithish/Documents/airflow-dag1/.venv/lib/python3.10/site-packages/airflow/example_dags/plugins/workday.py
[2024-05-14 23:05:46,981] {processor.py:161} INFO - Processing /home/jithish/Documents/airflow-dag1/.venv/lib/python3.10/site-packages/airflow/example_dags/plugins/workday.py took 0.073 seconds
[2024-05-14 23:06:51,646] {processor.py:153} INFO - Started process (PID=23523) to work on /home/jithish/Documents/airflow-dag1/.venv/lib/python3.10/site-packages/airflow/example_dags/plugins/workday.py
[2024-05-14 23:06:51,708] {processor.py:641} INFO - Processing file /home/jithish/Documents/airflow-dag1/.venv/lib/python3.10/site-packages/airflow/example_dags/plugins/workday.py for tasks to queue
[2024-05-14 23:06:51,710] {logging_mixin.py:115} INFO - [2024-05-14 23:06:51,709] {dagbag.py:507} INFO - Filling up the DagBag from /home/jithish/Documents/airflow-dag1/.venv/lib/python3.10/site-packages/airflow/example_dags/plugins/workday.py
[2024-05-14 23:06:51,716] {processor.py:653} WARNING - No viable dags retrieved from /home/jithish/Documents/airflow-dag1/.venv/lib/python3.10/site-packages/airflow/example_dags/plugins/workday.py
[2024-05-14 23:06:51,751] {processor.py:161} INFO - Processing /home/jithish/Documents/airflow-dag1/.venv/lib/python3.10/site-packages/airflow/example_dags/plugins/workday.py took 0.107 seconds
[2024-05-14 23:07:26,588] {processor.py:153} INFO - Started process (PID=23951) to work on /home/jithish/Documents/airflow-dag1/.venv/lib/python3.10/site-packages/airflow/example_dags/plugins/workday.py
[2024-05-14 23:07:26,588] {processor.py:641} INFO - Processing file /home/jithish/Documents/airflow-dag1/.venv/lib/python3.10/site-packages/airflow/example_dags/plugins/workday.py for tasks to queue
[2024-05-14 23:07:26,588] {logging_mixin.py:115} INFO - [2024-05-14 23:07:26,588] {dagbag.py:507} INFO - Filling up the DagBag from /home/jithish/Documents/airflow-dag1/.venv/lib/python3.10/site-packages/airflow/example_dags/plugins/workday.py
[2024-05-14 23:07:26,590] {processor.py:653} WARNING - No viable dags retrieved from /home/jithish/Documents/airflow-dag1/.venv/lib/python3.10/site-packages/airflow/example_dags/plugins/workday.py
[2024-05-14 23:07:26,598] {processor.py:161} INFO - Processing /home/jithish/Documents/airflow-dag1/.venv/lib/python3.10/site-packages/airflow/example_dags/plugins/workday.py took 0.013 seconds
