[2024-05-14 23:17:46,257] {taskinstance.py:1160} INFO - Dependencies all met for <TaskInstance: my_airflow_dag.task_templated backfill__2021-05-27T00:00:00+00:00 [queued]>
[2024-05-14 23:17:46,263] {taskinstance.py:1160} INFO - Dependencies all met for <TaskInstance: my_airflow_dag.task_templated backfill__2021-05-27T00:00:00+00:00 [queued]>
[2024-05-14 23:17:46,263] {taskinstance.py:1357} INFO - 
--------------------------------------------------------------------------------
[2024-05-14 23:17:46,263] {taskinstance.py:1358} INFO - Starting attempt 1 of 2
[2024-05-14 23:17:46,263] {taskinstance.py:1359} INFO - 
--------------------------------------------------------------------------------
[2024-05-14 23:17:46,273] {taskinstance.py:1378} INFO - Executing <Task(BashOperator): task_templated> on 2021-05-27 00:00:00+00:00
[2024-05-14 23:17:46,275] {standard_task_runner.py:52} INFO - Started process 30402 to run task
[2024-05-14 23:17:46,277] {standard_task_runner.py:79} INFO - Running: ['airflow', 'tasks', 'run', 'my_airflow_dag', 'task_templated', 'backfill__2021-05-27T00:00:00+00:00', '--job-id', '39', '--pool', 'default_pool', '--raw', '--subdir', 'DAGS_FOLDER/my_airflow_dag.py', '--cfg-path', '/tmp/tmpj5itauss', '--error-file', '/tmp/tmpdgx2lr32']
[2024-05-14 23:17:46,278] {standard_task_runner.py:80} INFO - Job 39: Subtask task_templated
[2024-05-14 23:17:46,302] {task_command.py:370} INFO - Running <TaskInstance: my_airflow_dag.task_templated backfill__2021-05-27T00:00:00+00:00 [running]> on host jithish-HP-ZBook-17-G5
[2024-05-14 23:17:46,332] {taskinstance.py:1570} INFO - Exporting the following env vars:
AIRFLOW_CTX_DAG_EMAIL=my-email@example.com
AIRFLOW_CTX_DAG_OWNER=airflow
AIRFLOW_CTX_DAG_ID=my_airflow_dag
AIRFLOW_CTX_TASK_ID=task_templated
AIRFLOW_CTX_EXECUTION_DATE=2021-05-27T00:00:00+00:00
AIRFLOW_CTX_TRY_NUMBER=1
AIRFLOW_CTX_DAG_RUN_ID=backfill__2021-05-27T00:00:00+00:00
[2024-05-14 23:17:46,333] {subprocess.py:62} INFO - Tmp dir root location: 
 /tmp
[2024-05-14 23:17:46,333] {subprocess.py:74} INFO - Running command: ['bash', '-c', '\n\n    echo "2021-05-27"\n    echo "2021-06-03"\n\n    echo "2021-05-27"\n    echo "2021-06-03"\n\n    echo "2021-05-27"\n    echo "2021-06-03"\n\n    echo "2021-05-27"\n    echo "2021-06-03"\n\n    echo "2021-05-27"\n    echo "2021-06-03"\n']
[2024-05-14 23:17:46,340] {subprocess.py:85} INFO - Output:
[2024-05-14 23:17:46,341] {subprocess.py:92} INFO - 2021-05-27
[2024-05-14 23:17:46,341] {subprocess.py:92} INFO - 2021-06-03
[2024-05-14 23:17:46,341] {subprocess.py:92} INFO - 2021-05-27
[2024-05-14 23:17:46,341] {subprocess.py:92} INFO - 2021-06-03
[2024-05-14 23:17:46,341] {subprocess.py:92} INFO - 2021-05-27
[2024-05-14 23:17:46,341] {subprocess.py:92} INFO - 2021-06-03
[2024-05-14 23:17:46,341] {subprocess.py:92} INFO - 2021-05-27
[2024-05-14 23:17:46,341] {subprocess.py:92} INFO - 2021-06-03
[2024-05-14 23:17:46,341] {subprocess.py:92} INFO - 2021-05-27
[2024-05-14 23:17:46,341] {subprocess.py:92} INFO - 2021-06-03
[2024-05-14 23:17:46,341] {subprocess.py:96} INFO - Command exited with return code 0
[2024-05-14 23:17:46,355] {taskinstance.py:1396} INFO - Marking task as SUCCESS. dag_id=my_airflow_dag, task_id=task_templated, execution_date=20210527T000000, start_date=20240514T151746, end_date=20240514T151746
[2024-05-14 23:17:46,369] {local_task_job.py:156} INFO - Task exited with return code 0
[2024-05-14 23:17:46,383] {local_task_job.py:273} INFO - 0 downstream tasks scheduled from follow-on schedule check
