[2024-05-14 23:16:51,172] {taskinstance.py:1160} INFO - Dependencies all met for <TaskInstance: my_airflow_dag.task_sleep backfill__2021-05-26T00:00:00+00:00 [queued]>
[2024-05-14 23:16:51,178] {taskinstance.py:1160} INFO - Dependencies all met for <TaskInstance: my_airflow_dag.task_sleep backfill__2021-05-26T00:00:00+00:00 [queued]>
[2024-05-14 23:16:51,178] {taskinstance.py:1357} INFO - 
--------------------------------------------------------------------------------
[2024-05-14 23:16:51,178] {taskinstance.py:1358} INFO - Starting attempt 1 of 4
[2024-05-14 23:16:51,178] {taskinstance.py:1359} INFO - 
--------------------------------------------------------------------------------
[2024-05-14 23:16:51,190] {taskinstance.py:1378} INFO - Executing <Task(BashOperator): task_sleep> on 2021-05-26 00:00:00+00:00
[2024-05-14 23:16:51,192] {standard_task_runner.py:52} INFO - Started process 29549 to run task
[2024-05-14 23:16:51,195] {standard_task_runner.py:79} INFO - Running: ['airflow', 'tasks', 'run', 'my_airflow_dag', 'task_sleep', 'backfill__2021-05-26T00:00:00+00:00', '--job-id', '25', '--pool', 'default_pool', '--raw', '--subdir', 'DAGS_FOLDER/my_airflow_dag.py', '--cfg-path', '/tmp/tmpq48gba0w', '--error-file', '/tmp/tmpr2oy1skn']
[2024-05-14 23:16:51,195] {standard_task_runner.py:80} INFO - Job 25: Subtask task_sleep
[2024-05-14 23:16:51,224] {task_command.py:370} INFO - Running <TaskInstance: my_airflow_dag.task_sleep backfill__2021-05-26T00:00:00+00:00 [running]> on host jithish-HP-ZBook-17-G5
[2024-05-14 23:16:51,256] {taskinstance.py:1570} INFO - Exporting the following env vars:
AIRFLOW_CTX_DAG_EMAIL=my-email@example.com
AIRFLOW_CTX_DAG_OWNER=airflow
AIRFLOW_CTX_DAG_ID=my_airflow_dag
AIRFLOW_CTX_TASK_ID=task_sleep
AIRFLOW_CTX_EXECUTION_DATE=2021-05-26T00:00:00+00:00
AIRFLOW_CTX_TRY_NUMBER=1
AIRFLOW_CTX_DAG_RUN_ID=backfill__2021-05-26T00:00:00+00:00
[2024-05-14 23:16:51,257] {subprocess.py:62} INFO - Tmp dir root location: 
 /tmp
[2024-05-14 23:16:51,257] {subprocess.py:74} INFO - Running command: ['bash', '-c', 'sleep 5']
[2024-05-14 23:16:51,261] {subprocess.py:85} INFO - Output:
[2024-05-14 23:16:56,263] {subprocess.py:96} INFO - Command exited with return code 0
[2024-05-14 23:16:56,345] {taskinstance.py:1396} INFO - Marking task as SUCCESS. dag_id=my_airflow_dag, task_id=task_sleep, execution_date=20210526T000000, start_date=20240514T151651, end_date=20240514T151656
[2024-05-14 23:16:56,375] {local_task_job.py:156} INFO - Task exited with return code 0
[2024-05-14 23:16:56,386] {local_task_job.py:273} INFO - 0 downstream tasks scheduled from follow-on schedule check
