[2024-05-14 23:17:36,580] {taskinstance.py:1160} INFO - Dependencies all met for <TaskInstance: my_airflow_dag.task_templated backfill__2021-05-20T00:00:00+00:00 [queued]>
[2024-05-14 23:17:36,586] {taskinstance.py:1160} INFO - Dependencies all met for <TaskInstance: my_airflow_dag.task_templated backfill__2021-05-20T00:00:00+00:00 [queued]>
[2024-05-14 23:17:36,586] {taskinstance.py:1357} INFO - 
--------------------------------------------------------------------------------
[2024-05-14 23:17:36,586] {taskinstance.py:1358} INFO - Starting attempt 1 of 2
[2024-05-14 23:17:36,586] {taskinstance.py:1359} INFO - 
--------------------------------------------------------------------------------
[2024-05-14 23:17:36,596] {taskinstance.py:1378} INFO - Executing <Task(BashOperator): task_templated> on 2021-05-20 00:00:00+00:00
[2024-05-14 23:17:36,598] {standard_task_runner.py:52} INFO - Started process 30260 to run task
[2024-05-14 23:17:36,602] {standard_task_runner.py:79} INFO - Running: ['airflow', 'tasks', 'run', 'my_airflow_dag', 'task_templated', 'backfill__2021-05-20T00:00:00+00:00', '--job-id', '32', '--pool', 'default_pool', '--raw', '--subdir', 'DAGS_FOLDER/my_airflow_dag.py', '--cfg-path', '/tmp/tmpufo2304b', '--error-file', '/tmp/tmpvo8z7tx8']
[2024-05-14 23:17:36,602] {standard_task_runner.py:80} INFO - Job 32: Subtask task_templated
[2024-05-14 23:17:36,627] {task_command.py:370} INFO - Running <TaskInstance: my_airflow_dag.task_templated backfill__2021-05-20T00:00:00+00:00 [running]> on host jithish-HP-ZBook-17-G5
[2024-05-14 23:17:36,661] {taskinstance.py:1570} INFO - Exporting the following env vars:
AIRFLOW_CTX_DAG_EMAIL=my-email@example.com
AIRFLOW_CTX_DAG_OWNER=airflow
AIRFLOW_CTX_DAG_ID=my_airflow_dag
AIRFLOW_CTX_TASK_ID=task_templated
AIRFLOW_CTX_EXECUTION_DATE=2021-05-20T00:00:00+00:00
AIRFLOW_CTX_TRY_NUMBER=1
AIRFLOW_CTX_DAG_RUN_ID=backfill__2021-05-20T00:00:00+00:00
[2024-05-14 23:17:36,661] {subprocess.py:62} INFO - Tmp dir root location: 
 /tmp
[2024-05-14 23:17:36,662] {subprocess.py:74} INFO - Running command: ['bash', '-c', '\n\n    echo "2021-05-20"\n    echo "2021-05-27"\n\n    echo "2021-05-20"\n    echo "2021-05-27"\n\n    echo "2021-05-20"\n    echo "2021-05-27"\n\n    echo "2021-05-20"\n    echo "2021-05-27"\n\n    echo "2021-05-20"\n    echo "2021-05-27"\n']
[2024-05-14 23:17:36,666] {subprocess.py:85} INFO - Output:
[2024-05-14 23:17:36,667] {subprocess.py:92} INFO - 2021-05-20
[2024-05-14 23:17:36,667] {subprocess.py:92} INFO - 2021-05-27
[2024-05-14 23:17:36,667] {subprocess.py:92} INFO - 2021-05-20
[2024-05-14 23:17:36,667] {subprocess.py:92} INFO - 2021-05-27
[2024-05-14 23:17:36,667] {subprocess.py:92} INFO - 2021-05-20
[2024-05-14 23:17:36,667] {subprocess.py:92} INFO - 2021-05-27
[2024-05-14 23:17:36,667] {subprocess.py:92} INFO - 2021-05-20
[2024-05-14 23:17:36,667] {subprocess.py:92} INFO - 2021-05-27
[2024-05-14 23:17:36,667] {subprocess.py:92} INFO - 2021-05-20
[2024-05-14 23:17:36,667] {subprocess.py:92} INFO - 2021-05-27
[2024-05-14 23:17:36,667] {subprocess.py:96} INFO - Command exited with return code 0
[2024-05-14 23:17:36,683] {taskinstance.py:1396} INFO - Marking task as SUCCESS. dag_id=my_airflow_dag, task_id=task_templated, execution_date=20210520T000000, start_date=20240514T151736, end_date=20240514T151736
[2024-05-14 23:17:36,693] {local_task_job.py:156} INFO - Task exited with return code 0
[2024-05-14 23:17:36,705] {local_task_job.py:273} INFO - 0 downstream tasks scheduled from follow-on schedule check
