[2024-05-14 23:16:00,719] {taskinstance.py:1160} INFO - Dependencies all met for <TaskInstance: my_airflow_dag.task_print_date backfill__2021-05-24T00:00:00+00:00 [queued]>
[2024-05-14 23:16:00,724] {taskinstance.py:1160} INFO - Dependencies all met for <TaskInstance: my_airflow_dag.task_print_date backfill__2021-05-24T00:00:00+00:00 [queued]>
[2024-05-14 23:16:00,724] {taskinstance.py:1357} INFO - 
--------------------------------------------------------------------------------
[2024-05-14 23:16:00,724] {taskinstance.py:1358} INFO - Starting attempt 1 of 2
[2024-05-14 23:16:00,724] {taskinstance.py:1359} INFO - 
--------------------------------------------------------------------------------
[2024-05-14 23:16:00,733] {taskinstance.py:1378} INFO - Executing <Task(BashOperator): task_print_date> on 2021-05-24 00:00:00+00:00
[2024-05-14 23:16:00,735] {standard_task_runner.py:52} INFO - Started process 28670 to run task
[2024-05-14 23:16:00,737] {standard_task_runner.py:79} INFO - Running: ['airflow', 'tasks', 'run', 'my_airflow_dag', 'task_print_date', 'backfill__2021-05-24T00:00:00+00:00', '--job-id', '10', '--pool', 'default_pool', '--raw', '--subdir', 'DAGS_FOLDER/my_airflow_dag.py', '--cfg-path', '/tmp/tmpvgchxs_k', '--error-file', '/tmp/tmp10_yxjin']
[2024-05-14 23:16:00,738] {standard_task_runner.py:80} INFO - Job 10: Subtask task_print_date
[2024-05-14 23:16:00,763] {task_command.py:370} INFO - Running <TaskInstance: my_airflow_dag.task_print_date backfill__2021-05-24T00:00:00+00:00 [running]> on host jithish-HP-ZBook-17-G5
[2024-05-14 23:16:00,796] {taskinstance.py:1570} INFO - Exporting the following env vars:
AIRFLOW_CTX_DAG_EMAIL=my-email@example.com
AIRFLOW_CTX_DAG_OWNER=airflow
AIRFLOW_CTX_DAG_ID=my_airflow_dag
AIRFLOW_CTX_TASK_ID=task_print_date
AIRFLOW_CTX_EXECUTION_DATE=2021-05-24T00:00:00+00:00
AIRFLOW_CTX_TRY_NUMBER=1
AIRFLOW_CTX_DAG_RUN_ID=backfill__2021-05-24T00:00:00+00:00
[2024-05-14 23:16:00,796] {subprocess.py:62} INFO - Tmp dir root location: 
 /tmp
[2024-05-14 23:16:00,797] {subprocess.py:74} INFO - Running command: ['bash', '-c', 'date']
[2024-05-14 23:16:00,801] {subprocess.py:85} INFO - Output:
[2024-05-14 23:16:00,802] {subprocess.py:92} INFO - Tue 14 May 2024 11:16:00 PM +08
[2024-05-14 23:16:00,803] {subprocess.py:96} INFO - Command exited with return code 0
[2024-05-14 23:16:00,818] {taskinstance.py:1396} INFO - Marking task as SUCCESS. dag_id=my_airflow_dag, task_id=task_print_date, execution_date=20210524T000000, start_date=20240514T151600, end_date=20240514T151600
[2024-05-14 23:16:00,829] {local_task_job.py:156} INFO - Task exited with return code 0
[2024-05-14 23:16:00,842] {local_task_job.py:273} INFO - 0 downstream tasks scheduled from follow-on schedule check
